
¼ʱ䡿2024-02-03 10:35:20,968
ӵ豸룺444;룺Y04736103C30000431B00;MES

¼ʱ䡿2024-02-03 10:36:20,443
ӵ豸룺444;룺Y04736103C30000431B00;MES

¼ʱ䡿2024-02-03 10:37:09,517
ӵ豸룺444;룺Y04736103C30000431B00;MES

¼ʱ䡿2024-02-03 10:41:56,703
ӵ豸룺444;룺Y04736103C30000431B00;MES

¼ʱ䡿2024-02-03 10:44:05,813
ӵ豸룺444;룺Y04736103C30000431B00;MES

¼ʱ䡿2024-02-03 10:54:40,969
ӵ豸룺444;룺Y04736103C30000431B00;MES

¼ʱ䡿2024-02-03 10:55:20,215
ӵ豸룺444;룺Y04736103C30000431B00;MES

¼ʱ䡿2024-02-03 10:55:20,260
ӹվ豸룺444;룺Y04736103C30000431B00;MES[]

¼ʱ䡿2024-02-03 10:55:58,560
ӵ豸룺444;룺Y04736103C30000431B00;MES

¼ʱ䡿2024-02-03 10:58:11,095
ӵ豸룺444;룺Y04736103C30000431B00;MESTrue--

¼ʱ䡿2024-02-03 10:58:14,523
ӹվ豸룺444;룺Y04736103C30000431B00;MESFalse--[]

【记录时间】2024-02-03 11:27:05,465
【描述】【Result】设备编码：444;条码：F04665603AF005316AA00;MES结果：

【记录时间】2024-02-03 11:27:59,061
【描述】【电子过站】设备编码：444;条码：F04665603AF005316AA00;MES结果：【False】--条码[]不存在

【记录时间】2024-02-03 13:44:34,233
【描述】【电子档案】设备编码：444;条码：F04665603AF005316AA00;MES结果：【True】--

【记录时间】2024-02-03 13:44:44,622
【描述】【电子过站】设备编码：444;条码：F04665603AF005316AA00;MES结果：【False】--条码[]不存在

【记录时间】2024-02-03 13:46:36,327
【描述】【电子档案】设备编码：444;条码：Y04736103C30000431B00;MES结果：【True】--

【记录时间】2024-02-03 13:46:43,557
【描述】【电子过站】设备编码：444;条码：Y04736103C30000431B00;MES结果：【False】--条码[]不存在

【记录时间】2024-02-03 14:26:38,687
【描述】【电子档案】设备编码：444;条码：Y04736103C30000431B00;MES结果：【True】--

【记录时间】2024-02-03 14:26:40,280
【描述】【电子过站】设备编码：444;条码：Y04736103C30000431B00;MES结果：【False】--条码[]不存在

【记录时间】2024-02-03 14:27:31,628
【描述】【电子档案】设备编码：444;条码：Y04736103C30000431B00;MES结果：【True】--

【记录时间】2024-02-03 14:27:31,673
【描述】【电子过站】设备编码：444;条码：Y04736103C30000431B00;MES结果：【False】--条码[]不存在

【记录时间】2024-02-03 14:29:39,731
【描述】【电子档案】设备编码：444;条码：F04665603AF005316AA00;MES结果：【True】--

【记录时间】2024-02-03 14:29:43,476
【描述】【电子过站】设备编码：444;条码：F04665603AF005316AA00;MES结果：【False】--条码[]不存在

【记录时间】2024-02-03 14:30:30,485
【描述】【电子档案】设备编码：444;条码：F04665603AF005316AA00;MES结果：【True】--

【记录时间】2024-02-03 14:30:30,516
【描述】【电子过站】设备编码：444;条码：F04665603AF005316AA00;MES结果：【False】--条码[]不存在

【记录时间】2024-02-03 14:31:21,088
【描述】【电子档案】设备编码：444;条码：F04665603AF005316AA00;MES结果：【True】--

【记录时间】2024-02-03 14:31:21,096
【描述】【电子过站】设备编码：444;条码：F04665603AF005316AA00;MES结果：【False】--条码[]不存在

【记录时间】2024-02-03 14:31:21,105
【描述】【电子档案】设备编码：444;条码：Y04736103C30000431B00;MES结果：【True】--

【记录时间】2024-02-03 14:31:21,113
【描述】【电子过站】设备编码：444;条码：Y04736103C30000431B00;MES结果：【False】--条码[]不存在

【记录时间】2024-02-03 14:32:14,459
【描述】【电子档案】设备编码：444;条码：Y04736103C30000431B00;MES结果：【True】--

【记录时间】2024-02-03 14:32:14,467
【描述】【电子过站】设备编码：444;条码：Y04736103C30000431B00;MES结果：【False】--条码[]不存在

【记录时间】2024-02-03 14:32:25,001
【描述】【电子档案】设备编码：444;条码：Y04736103C30000431B00;MES结果：【True】--

【记录时间】2024-02-03 14:32:25,009
【描述】【电子过站】设备编码：444;条码：Y04736103C30000431B00;MES结果：【False】--条码[]不存在

【记录时间】2024-02-03 14:32:32,126
【描述】【电子档案】设备编码：444;条码：Y04736103C30000431B00;MES结果：【True】--

【记录时间】2024-02-03 14:32:32,134
【描述】【电子过站】设备编码：444;条码：Y04736103C30000431B00;MES结果：【False】--条码[]不存在

【记录时间】2024-02-03 14:34:09,564
【描述】【电子档案】设备编码：444;条码：Y04736103C30000431B00;MES结果：【True】--

【记录时间】2024-02-03 14:34:09,579
【描述】【电子过站】设备编码：444;条码：Y04736103C30000431B00;MES结果：【False】--条码[]不存在

【记录时间】2024-02-03 14:40:24,757
【描述】【电子档案】设备编码：444;条码：F04665603AF005316AA00;MES结果：【True】--

【记录时间】2024-02-03 14:40:24,825
【描述】【电子过站】设备编码：444;条码：F04665603AF005316AA00;MES结果：【False】--条码[]不存在

【记录时间】2024-02-03 14:43:15,887
【描述】【电子档案】设备编码：444;条码：Y04736103C30000431B00;MES结果：【True】--

【记录时间】2024-02-03 14:43:16,014
【描述】【电子过站】设备编码：444;条码：Y04736103C30000431B00;MES结果：【False】--条码[]不存在

【记录时间】2024-02-03 14:44:02,304
【描述】【电子档案】设备编码：444;条码：Y04736103C30000431B00;MES结果：【True】--

【记录时间】2024-02-03 14:44:02,314
【描述】【电子过站】设备编码：444;条码：Y04736103C30000431B00;MES结果：【False】--条码[]不存在

【记录时间】2024-02-03 14:44:28,730
【描述】【电子档案】设备编码：444;条码：Y04736103C30000431B00;MES结果：【True】--

【记录时间】2024-02-03 14:44:28,747
【描述】【电子过站】设备编码：444;条码：Y04736103C30000431B00;MES结果：【False】--条码[]不存在

【记录时间】2024-02-03 14:44:51,169
【描述】【电子档案】设备编码：444;条码：F04665603AF005316AA00;MES结果：【True】--

【记录时间】2024-02-03 14:44:51,178
【描述】【电子过站】设备编码：444;条码：F04665603AF005316AA00;MES结果：【False】--条码[]不存在

【记录时间】2024-02-03 14:45:58,453
【描述】【电子档案】设备编码：444;条码：Y04736103C30000431B00;MES结果：【True】--

【记录时间】2024-02-03 14:45:58,488
【描述】【电子过站】设备编码：444;条码：Y04736103C30000431B00;MES结果：【False】--条码[]不存在

【记录时间】2024-02-03 14:46:21,649
【描述】【电子档案】设备编码：444;条码：Y04736103C30000431B00;MES结果：【True】--

【记录时间】2024-02-03 14:46:21,661
【描述】【电子过站】设备编码：444;条码：Y04736103C30000431B00;MES结果：【False】--条码[]不存在

【记录时间】2024-02-03 14:47:29,311
【描述】【电子档案】设备编码：444;条码：Y04736103C30000431B00;MES结果：【True】--

【记录时间】2024-02-03 14:47:29,326
【描述】【电子过站】设备编码：444;条码：Y04736103C30000431B00;MES结果：【False】--条码[]不存在

【记录时间】2024-02-03 14:49:35,978
【描述】【电子档案】设备编码：444;条码：Y04736103C30000431B00;MES结果：【True】--

【记录时间】2024-02-03 14:49:36,010
【描述】【电子过站】设备编码：444;条码：Y04736103C30000431B00;MES结果：【False】--条码[]不存在

【记录时间】2024-02-03 14:53:28,801
【描述】【电子档案】设备编码：444;条码：Y04736103C30000431B00;MES结果：【True】--

【记录时间】2024-02-03 14:53:28,860
【描述】【电子过站】设备编码：444;条码：Y04736103C30000431B00;MES结果：【False】--条码[]不存在

【记录时间】2024-02-03 14:54:05,542
【描述】【电子档案】设备编码：444;条码：Y04736103C30000431B00;MES结果：【True】--

【记录时间】2024-02-03 14:54:05,556
【描述】【电子过站】设备编码：444;条码：Y04736103C30000431B00;MES结果：【False】--条码[]不存在

【记录时间】2024-02-03 14:55:13,540
【描述】【电子档案】设备编码：444;条码：Y04736103C30000431B00;MES结果：【True】--

【记录时间】2024-02-03 14:55:13,550
【描述】【电子过站】设备编码：444;条码：Y04736103C30000431B00;MES结果：【False】--条码[]不存在

【记录时间】2024-02-03 14:56:12,401
【描述】【电子档案】设备编码：444;条码：Y04736103C30000431B00;MES结果：【True】--

【记录时间】2024-02-03 14:56:12,411
【描述】【电子过站】设备编码：444;条码：Y04736103C30000431B00;MES结果：【False】--条码[]不存在

【记录时间】2024-02-03 14:56:53,678
【描述】【电子档案】设备编码：444;条码：Y04736103C30000431B00;MES结果：【True】--

【记录时间】2024-02-03 14:56:53,688
【描述】【电子过站】设备编码：444;条码：Y04736103C30000431B00;MES结果：【False】--条码[]不存在

【记录时间】2024-02-03 14:57:27,826
【描述】【电子档案】设备编码：444;条码：Y04736103C30000431B00;MES结果：【True】--

【记录时间】2024-02-03 14:57:27,836
【描述】【电子过站】设备编码：444;条码：Y04736103C30000431B00;MES结果：【False】--条码[]不存在

【记录时间】2024-02-03 15:03:01,120
【描述】【电子档案】设备编码：444;条码：Y04736103C30000431B00;MES结果：【True】--

【记录时间】2024-02-03 15:03:01,155
【描述】【电子过站】设备编码：444;条码：Y04736103C30000431B00;MES结果：【False】--条码[]不存在

【记录时间】2024-02-03 15:03:25,634
【描述】【电子档案】设备编码：444;条码：Y04736103C30000431B00;MES结果：【True】--

【记录时间】2024-02-03 15:03:25,649
【描述】【电子过站】设备编码：444;条码：Y04736103C30000431B00;MES结果：【False】--条码[]不存在

【记录时间】2024-02-03 15:04:11,841
【描述】【电子档案】设备编码：444;条码：Y04736103C30000431B00;MES结果：【True】--

【记录时间】2024-02-03 15:04:11,851
【描述】【电子过站】设备编码：444;条码：Y04736103C30000431B00;MES结果：【False】--条码[]不存在

【记录时间】2024-02-03 15:08:28,161
【描述】【电子档案】设备编码：444;条码：Y04736103C30000431B00;MES结果：【True】--

【记录时间】2024-02-03 15:08:28,197
【描述】【电子过站】设备编码：444;条码：Y04736103C30000431B00;MES结果：【False】--条码[]不存在

【记录时间】2024-02-03 15:08:48,003
【描述】【电子档案】设备编码：444;条码：Y04736103C30000431B00;MES结果：【True】--

【记录时间】2024-02-03 15:08:48,015
【描述】【电子过站】设备编码：444;条码：Y04736103C30000431B00;MES结果：【False】--条码[]不存在

【记录时间】2024-02-03 15:09:16,009
【描述】【电子档案】设备编码：444;条码：Y04736103C30000431B00;MES结果：【True】--

【记录时间】2024-02-03 15:09:16,022
【描述】【电子过站】设备编码：444;条码：Y04736103C30000431B00;MES结果：【False】--条码[]不存在

【记录时间】2024-02-03 15:09:23,581
【描述】【电子档案】设备编码：444;条码：Y04736103C30000431B00;MES结果：【True】--

【记录时间】2024-02-03 15:09:23,588
【描述】【电子过站】设备编码：444;条码：Y04736103C30000431B00;MES结果：【False】--条码[]不存在

【记录时间】2024-02-03 15:09:36,191
【描述】【电子档案】设备编码：444;条码：Y04736103C30000431B00;MES结果：【True】--

【记录时间】2024-02-03 15:09:36,200
【描述】【电子过站】设备编码：444;条码：Y04736103C30000431B00;MES结果：【False】--条码[]不存在

【记录时间】2024-02-03 15:10:16,304
【描述】【电子档案】设备编码：444;条码：Y04736103C30000431B00;MES结果：【True】--

【记录时间】2024-02-03 15:10:16,312
【描述】【电子过站】设备编码：444;条码：Y04736103C30000431B00;MES结果：【False】--条码[]不存在

【记录时间】2024-02-03 15:10:19,896
【描述】【电子档案】设备编码：444;条码：Y04736103C30000431B00;MES结果：【True】--

【记录时间】2024-02-03 15:10:19,904
【描述】【电子过站】设备编码：444;条码：Y04736103C30000431B00;MES结果：【False】--条码[]不存在

【记录时间】2024-02-03 15:10:24,249
【描述】【电子档案】设备编码：444;条码：Y04736103C30000431B00;MES结果：【True】--

【记录时间】2024-02-03 15:10:24,257
【描述】【电子过站】设备编码：444;条码：Y04736103C30000431B00;MES结果：【False】--条码[]不存在

【记录时间】2024-02-03 15:11:38,978
【描述】【电子档案】设备编码：444;条码：Y04736103C30000431B00;MES结果：【True】--

【记录时间】2024-02-03 15:11:39,011
【描述】【电子过站】设备编码：444;条码：Y04736103C30000431B00;MES结果：【False】--条码[]不存在

【记录时间】2024-02-03 15:11:50,323
【描述】【电子档案】设备编码：444;条码：Y04736103C30000431B00;MES结果：【True】--

【记录时间】2024-02-03 15:11:50,334
【描述】【电子过站】设备编码：444;条码：Y04736103C30000431B00;MES结果：【False】--条码[]不存在

【记录时间】2024-02-03 15:11:52,897
【描述】【电子档案】设备编码：444;条码：Y04736103C30000431B00;MES结果：【True】--

【记录时间】2024-02-03 15:11:52,909
【描述】【电子过站】设备编码：444;条码：Y04736103C30000431B00;MES结果：【False】--条码[]不存在

【记录时间】2024-02-03 15:16:01,216
【描述】【电子档案】设备编码：444;条码：Y04736103C30000431B00;MES结果：【True】--

【记录时间】2024-02-03 15:16:01,279
【描述】【电子过站】设备编码：444;条码：Y04736103C30000431B00;MES结果：【False】--条码[]不存在

【记录时间】2024-02-03 15:16:01,360
【描述】【电子档案】设备编码：444;条码：Y04736103C30000431B00;MES结果：【True】--

【记录时间】2024-02-03 15:16:01,376
【描述】【电子过站】设备编码：444;条码：Y04736103C30000431B00;MES结果：【False】--条码[]不存在

【记录时间】2024-02-03 15:16:01,441
【描述】【电子档案】设备编码：444;条码：Y04736103C30000431B00;MES结果：【True】--

【记录时间】2024-02-03 15:16:01,464
【描述】【电子过站】设备编码：444;条码：Y04736103C30000431B00;MES结果：【False】--条码[]不存在

【记录时间】2024-02-03 15:16:01,529
【描述】【电子档案】设备编码：444;条码：Y04736103C30000431B00;MES结果：【True】--

【记录时间】2024-02-03 15:16:01,552
【描述】【电子过站】设备编码：444;条码：Y04736103C30000431B00;MES结果：【False】--条码[]不存在

【记录时间】2024-02-03 15:16:01,620
【描述】【电子档案】设备编码：444;条码：Y04736103C30000431B00;MES结果：【True】--

【记录时间】2024-02-03 15:16:01,647
【描述】【电子过站】设备编码：444;条码：Y04736103C30000431B00;MES结果：【False】--条码[]不存在

【记录时间】2024-02-03 15:16:01,717
【描述】【电子档案】设备编码：444;条码：Y04736103C30000431B00;MES结果：【True】--

【记录时间】2024-02-03 15:16:01,744
【描述】【电子过站】设备编码：444;条码：Y04736103C30000431B00;MES结果：【False】--条码[]不存在

【记录时间】2024-02-03 15:17:57,457
【描述】【电子档案】设备编码：444;条码：Y04736103C30000431B00;MES结果：【True】--

【记录时间】2024-02-03 15:17:57,515
【描述】【电子过站】设备编码：444;条码：Y04736103C30000431B00;MES结果：【False】--条码[]不存在

【记录时间】2024-02-03 15:17:57,528
【描述】【电子档案】设备编码：444;条码：Y04736103C30000431B00;MES结果：【True】--

【记录时间】2024-02-03 15:17:57,535
【描述】【电子过站】设备编码：444;条码：Y04736103C30000431B00;MES结果：【False】--条码[]不存在

【记录时间】2024-02-03 15:17:57,543
【描述】【电子档案】设备编码：444;条码：Y04736103C30000431B00;MES结果：【True】--

【记录时间】2024-02-03 15:17:57,550
【描述】【电子过站】设备编码：444;条码：Y04736103C30000431B00;MES结果：【False】--条码[]不存在

【记录时间】2024-02-03 15:17:57,557
【描述】【电子档案】设备编码：444;条码：Y04736103C30000431B00;MES结果：【True】--

【记录时间】2024-02-03 15:17:57,563
【描述】【电子过站】设备编码：444;条码：Y04736103C30000431B00;MES结果：【False】--条码[]不存在

【记录时间】2024-02-03 15:17:57,571
【描述】【电子档案】设备编码：444;条码：Y04736103C30000431B00;MES结果：【True】--

【记录时间】2024-02-03 15:17:57,578
【描述】【电子过站】设备编码：444;条码：Y04736103C30000431B00;MES结果：【False】--条码[]不存在

【记录时间】2024-02-03 15:17:57,586
【描述】【电子档案】设备编码：444;条码：Y04736103C30000431B00;MES结果：【True】--

【记录时间】2024-02-03 15:17:57,593
【描述】【电子过站】设备编码：444;条码：Y04736103C30000431B00;MES结果：【False】--条码[]不存在

【记录时间】2024-02-03 15:17:57,607
【描述】【电子档案】设备编码：444;条码：Y04736103C30000431B00;MES结果：【True】--

【记录时间】2024-02-03 15:17:57,614
【描述】【电子过站】设备编码：444;条码：Y04736103C30000431B00;MES结果：【False】--条码[]不存在

【记录时间】2024-02-03 15:17:57,622
【描述】【电子档案】设备编码：444;条码：Y04736103C30000431B00;MES结果：【True】--

【记录时间】2024-02-03 15:17:57,629
【描述】【电子过站】设备编码：444;条码：Y04736103C30000431B00;MES结果：【False】--条码[]不存在

【记录时间】2024-02-03 15:17:57,636
【描述】【电子档案】设备编码：444;条码：Y04736103C30000431B00;MES结果：【True】--

【记录时间】2024-02-03 15:17:57,643
【描述】【电子过站】设备编码：444;条码：Y04736103C30000431B00;MES结果：【False】--条码[]不存在

【记录时间】2024-02-03 15:17:57,653
【描述】【电子档案】设备编码：444;条码：Y04736103C30000431B00;MES结果：【True】--

【记录时间】2024-02-03 15:17:57,659
【描述】【电子过站】设备编码：444;条码：Y04736103C30000431B00;MES结果：【False】--条码[]不存在

【记录时间】2024-02-03 15:17:57,667
【描述】【电子档案】设备编码：444;条码：Y04736103C30000431B00;MES结果：【True】--

【记录时间】2024-02-03 15:17:57,673
【描述】【电子过站】设备编码：444;条码：Y04736103C30000431B00;MES结果：【False】--条码[]不存在

【记录时间】2024-02-03 15:17:57,684
【描述】【电子档案】设备编码：444;条码：Y04736103C30000431B00;MES结果：【True】--

【记录时间】2024-02-03 15:17:57,690
【描述】【电子过站】设备编码：444;条码：Y04736103C30000431B00;MES结果：【False】--条码[]不存在

【记录时间】2024-02-03 15:17:57,698
【描述】【电子档案】设备编码：444;条码：Y04736103C30000431B00;MES结果：【True】--

【记录时间】2024-02-03 15:17:57,706
【描述】【电子过站】设备编码：444;条码：Y04736103C30000431B00;MES结果：【False】--条码[]不存在

【记录时间】2024-02-03 15:17:57,713
【描述】【电子档案】设备编码：444;条码：Y04736103C30000431B00;MES结果：【True】--

【记录时间】2024-02-03 15:17:57,720
【描述】【电子过站】设备编码：444;条码：Y04736103C30000431B00;MES结果：【False】--条码[]不存在

【记录时间】2024-02-03 15:17:57,730
【描述】【电子档案】设备编码：444;条码：Y04736103C30000431B00;MES结果：【True】--

【记录时间】2024-02-03 15:17:57,742
【描述】【电子过站】设备编码：444;条码：Y04736103C30000431B00;MES结果：【False】--条码[]不存在

【记录时间】2024-02-03 15:17:57,753
【描述】【电子档案】设备编码：444;条码：Y04736103C30000431B00;MES结果：【True】--

【记录时间】2024-02-03 15:17:57,763
【描述】【电子过站】设备编码：444;条码：Y04736103C30000431B00;MES结果：【False】--条码[]不存在

【记录时间】2024-02-03 15:17:57,772
【描述】【电子档案】设备编码：444;条码：Y04736103C30000431B00;MES结果：【True】--

【记录时间】2024-02-03 15:17:57,783
【描述】【电子过站】设备编码：444;条码：Y04736103C30000431B00;MES结果：【False】--条码[]不存在

【记录时间】2024-02-03 15:17:57,795
【描述】【电子档案】设备编码：444;条码：Y04736103C30000431B00;MES结果：【True】--

【记录时间】2024-02-03 15:17:57,808
【描述】【电子过站】设备编码：444;条码：Y04736103C30000431B00;MES结果：【False】--条码[]不存在

【记录时间】2024-02-03 15:20:02,767
【描述】【电子档案】设备编码：444;条码：Y04736103C30000431B00;MES结果：【True】--

【记录时间】2024-02-03 15:20:02,775
【描述】【电子过站】设备编码：444;条码：Y04736103C30000431B00;MES结果：【False】--条码[]不存在

【记录时间】2024-02-03 15:20:02,786
【描述】【电子档案】设备编码：444;条码：Y04736103C30000431B00;MES结果：【True】--

【记录时间】2024-02-03 15:20:02,795
【描述】【电子过站】设备编码：444;条码：Y04736103C30000431B00;MES结果：【False】--条码[]不存在

【记录时间】2024-02-03 15:20:02,804
【描述】【电子档案】设备编码：444;条码：Y04736103C30000431B00;MES结果：【True】--

【记录时间】2024-02-03 15:20:02,812
【描述】【电子过站】设备编码：444;条码：Y04736103C30000431B00;MES结果：【False】--条码[]不存在

【记录时间】2024-02-03 15:20:02,824
【描述】【电子档案】设备编码：444;条码：Y04736103C30000431B00;MES结果：【True】--

【记录时间】2024-02-03 15:20:02,833
【描述】【电子过站】设备编码：444;条码：Y04736103C30000431B00;MES结果：【False】--条码[]不存在

【记录时间】2024-02-03 15:20:02,844
【描述】【电子档案】设备编码：444;条码：Y04736103C30000431B00;MES结果：【True】--

【记录时间】2024-02-03 15:20:02,855
【描述】【电子过站】设备编码：444;条码：Y04736103C30000431B00;MES结果：【False】--条码[]不存在

【记录时间】2024-02-03 15:20:02,867
【描述】【电子档案】设备编码：444;条码：Y04736103C30000431B00;MES结果：【True】--

【记录时间】2024-02-03 15:20:02,875
【描述】【电子过站】设备编码：444;条码：Y04736103C30000431B00;MES结果：【False】--条码[]不存在

【记录时间】2024-02-03 15:20:02,885
【描述】【电子档案】设备编码：444;条码：Y04736103C30000431B00;MES结果：【True】--

【记录时间】2024-02-03 15:20:02,892
【描述】【电子过站】设备编码：444;条码：Y04736103C30000431B00;MES结果：【False】--条码[]不存在

【记录时间】2024-02-03 15:20:02,901
【描述】【电子档案】设备编码：444;条码：Y04736103C30000431B00;MES结果：【True】--

【记录时间】2024-02-03 15:20:02,920
【描述】【电子过站】设备编码：444;条码：Y04736103C30000431B00;MES结果：【False】--条码[]不存在

【记录时间】2024-02-03 15:20:02,929
【描述】【电子档案】设备编码：444;条码：Y04736103C30000431B00;MES结果：【True】--

【记录时间】2024-02-03 15:20:02,937
【描述】【电子过站】设备编码：444;条码：Y04736103C30000431B00;MES结果：【False】--条码[]不存在

【记录时间】2024-02-03 15:20:02,948
【描述】【电子档案】设备编码：444;条码：Y04736103C30000431B00;MES结果：【True】--

【记录时间】2024-02-03 15:20:02,955
【描述】【电子过站】设备编码：444;条码：Y04736103C30000431B00;MES结果：【False】--条码[]不存在

【记录时间】2024-02-03 15:20:02,966
【描述】【电子档案】设备编码：444;条码：Y04736103C30000431B00;MES结果：【True】--

【记录时间】2024-02-03 15:20:02,975
【描述】【电子过站】设备编码：444;条码：Y04736103C30000431B00;MES结果：【False】--条码[]不存在

【记录时间】2024-02-03 15:20:03,035
【描述】【电子档案】设备编码：444;条码：Y04736103C30000431B00;MES结果：【True】--

【记录时间】2024-02-03 15:20:03,044
【描述】【电子过站】设备编码：444;条码：Y04736103C30000431B00;MES结果：【False】--条码[]不存在

【记录时间】2024-02-03 15:20:03,256
【描述】【电子档案】设备编码：444;条码：Y04736103C30000431B00;MES结果：【True】--

【记录时间】2024-02-03 15:20:03,265
【描述】【电子过站】设备编码：444;条码：Y04736103C30000431B00;MES结果：【False】--条码[]不存在

【记录时间】2024-02-03 15:20:03,278
【描述】【电子档案】设备编码：444;条码：Y04736103C30000431B00;MES结果：【True】--

【记录时间】2024-02-03 15:20:03,286
【描述】【电子过站】设备编码：444;条码：Y04736103C30000431B00;MES结果：【False】--条码[]不存在

【记录时间】2024-02-03 15:20:03,334
【描述】【电子档案】设备编码：444;条码：Y04736103C30000431B00;MES结果：【True】--

【记录时间】2024-02-03 15:20:03,344
【描述】【电子过站】设备编码：444;条码：Y04736103C30000431B00;MES结果：【False】--条码[]不存在

【记录时间】2024-02-03 15:20:03,357
【描述】【电子档案】设备编码：444;条码：Y04736103C30000431B00;MES结果：【True】--

【记录时间】2024-02-03 15:20:03,366
【描述】【电子过站】设备编码：444;条码：Y04736103C30000431B00;MES结果：【False】--条码[]不存在

【记录时间】2024-02-03 15:20:03,378
【描述】【电子档案】设备编码：444;条码：Y04736103C30000431B00;MES结果：【True】--

【记录时间】2024-02-03 15:20:03,386
【描述】【电子过站】设备编码：444;条码：Y04736103C30000431B00;MES结果：【False】--条码[]不存在

【记录时间】2024-02-03 15:20:03,398
【描述】【电子档案】设备编码：444;条码：Y04736103C30000431B00;MES结果：【True】--

【记录时间】2024-02-03 15:20:03,406
【描述】【电子过站】设备编码：444;条码：Y04736103C30000431B00;MES结果：【False】--条码[]不存在

【记录时间】2024-02-03 15:21:42,688
【描述】【电子档案】设备编码：444;条码：F04665603AF005316AA00;MES结果：【True】--

【记录时间】2024-02-03 15:21:42,698
【描述】【电子过站】设备编码：444;条码：F04665603AF005316AA00;MES结果：【False】--条码[]不存在

【记录时间】2024-02-03 15:21:42,708
【描述】【电子档案】设备编码：444;条码：F04665603AF005316AA00;MES结果：【True】--

【记录时间】2024-02-03 15:21:42,716
【描述】【电子过站】设备编码：444;条码：F04665603AF005316AA00;MES结果：【False】--条码[]不存在

【记录时间】2024-02-03 15:21:42,733
【描述】【电子档案】设备编码：444;条码：F04665603AF005316AA00;MES结果：【True】--

【记录时间】2024-02-03 15:21:42,741
【描述】【电子过站】设备编码：444;条码：F04665603AF005316AA00;MES结果：【False】--条码[]不存在

【记录时间】2024-02-03 15:21:42,751
【描述】【电子档案】设备编码：444;条码：F04665603AF005316AA00;MES结果：【True】--

【记录时间】2024-02-03 15:21:42,759
【描述】【电子过站】设备编码：444;条码：F04665603AF005316AA00;MES结果：【False】--条码[]不存在

【记录时间】2024-02-03 15:21:42,769
【描述】【电子档案】设备编码：444;条码：F04665603AF005316AA00;MES结果：【True】--

【记录时间】2024-02-03 15:21:42,778
【描述】【电子过站】设备编码：444;条码：F04665603AF005316AA00;MES结果：【False】--条码[]不存在

【记录时间】2024-02-03 15:21:42,788
【描述】【电子档案】设备编码：444;条码：F04665603AF005316AA00;MES结果：【True】--

【记录时间】2024-02-03 15:21:42,795
【描述】【电子过站】设备编码：444;条码：F04665603AF005316AA00;MES结果：【False】--条码[]不存在

【记录时间】2024-02-03 15:21:42,806
【描述】【电子档案】设备编码：444;条码：F04665603AF005316AA00;MES结果：【True】--

【记录时间】2024-02-03 15:21:42,816
【描述】【电子过站】设备编码：444;条码：F04665603AF005316AA00;MES结果：【False】--条码[]不存在

【记录时间】2024-02-03 15:21:42,832
【描述】【电子档案】设备编码：444;条码：F04665603AF005316AA00;MES结果：【True】--

【记录时间】2024-02-03 15:21:42,841
【描述】【电子过站】设备编码：444;条码：F04665603AF005316AA00;MES结果：【False】--条码[]不存在

【记录时间】2024-02-03 15:21:42,860
【描述】【电子档案】设备编码：444;条码：F04665603AF005316AA00;MES结果：【True】--

【记录时间】2024-02-03 15:21:42,871
【描述】【电子过站】设备编码：444;条码：F04665603AF005316AA00;MES结果：【False】--条码[]不存在

【记录时间】2024-02-03 15:21:42,905
【描述】【电子档案】设备编码：444;条码：F04665603AF005316AA00;MES结果：【True】--

【记录时间】2024-02-03 15:21:42,915
【描述】【电子过站】设备编码：444;条码：F04665603AF005316AA00;MES结果：【False】--条码[]不存在
