
【记录时间】2024-02-21 08:49:38,884
【描述】【电子档案接口】设备编码：ICT001;条码：Y04736103C40013361B002;MES结果：【True】--

【记录时间】2024-02-21 08:49:38,939
【描述】【电子过站接口】设备编码：ICT001;条码：Y04736103C40013361B002;MES结果：【False】--条码[]不存在

【记录时间】2024-02-21 08:50:35,248
【描述】【电子档案接口】设备编码：ICT001;条码：Y04736103C40013361B003;MES结果：【True】--

【记录时间】2024-02-21 08:50:35,259
【描述】【电子过站接口】设备编码：ICT001;条码：Y04736103C40013361B003;MES结果：【False】--条码[]不存在

【记录时间】2024-02-21 08:53:50,360
【描述】【电子档案接口】设备编码：ICT001;条码：Y04736103C40013361B003;MES结果：【True】--

【记录时间】2024-02-21 08:53:50,390
【描述】【电子过站接口】设备编码：ICT001;条码：Y04736103C40013361B003;MES结果：【False】--条码[]不存在

【记录时间】2024-02-21 09:06:50,382
【描述】【电子档案接口】设备编码：ICT001;条码：Y04736103C40013361B003;MES结果：【True】--

【记录时间】2024-02-21 09:06:50,414
【描述】【电子过站接口】设备编码：ICT001;条码：Y04736103C40013361B003;MES结果：【False】--条码[]不存在

【记录时间】2024-02-21 09:09:55,375
【描述】【电子档案接口】设备编码：ICT001;条码：Y04736103C40013361B003;MES结果：【True】--

【记录时间】2024-02-21 09:09:55,407
【描述】【电子过站接口】设备编码：ICT001;条码：Y04736103C40013361B003;MES结果：【False】--条码[]不存在

【记录时间】2024-02-21 10:09:26,469
【描述】【电子档案接口】设备编码：ICT001;条码：Y04736103C40013361B003;MES结果：【True】--

【记录时间】2024-02-21 10:09:26,503
【描述】【电子过站接口】设备编码：ICT001;条码：Y04736103C40013361B003;MES结果：【False】--条码[]不存在

【记录时间】2024-02-21 10:09:51,577
【描述】【电子档案接口】设备编码：ICT001;条码：Y04736103C40013361B003;MES结果：【True】--

【记录时间】2024-02-21 10:09:51,586
【描述】【电子过站接口】设备编码：ICT001;条码：Y04736103C40013361B003;MES结果：【False】--条码[]不存在

【记录时间】2024-02-21 10:15:04,600
【描述】【电子档案接口】设备编码：ICT001;条码：Y04736103C40013361B003;MES结果：【True】--

【记录时间】2024-02-21 10:15:04,643
【描述】【电子过站接口】设备编码：ICT001;条码：Y04736103C40013361B003;MES结果：【False】--条码[]不存在

【记录时间】2024-02-21 10:25:02,737
【描述】【电子档案接口】设备编码：ICT001;条码：Y04736103C40013361B003;MES结果：【True】--

【记录时间】2024-02-21 10:25:02,768
【描述】【电子过站接口】设备编码：ICT001;条码：Y04736103C40013361B003;MES结果：【False】--条码[]不存在

【记录时间】2024-02-21 10:29:58,118
【描述】【电子档案接口】设备编码：ICT001;条码：Y04736103C40013361B003;MES结果：【True】--

【记录时间】2024-02-21 10:29:58,149
【描述】【电子过站接口】设备编码：ICT001;条码：Y04736103C40013361B003;MES结果：【False】--条码[]不存在

【记录时间】2024-02-21 10:37:54,412
【描述】【电子档案接口】设备编码：ICT001;条码：Y04736103C40013361B003;MES结果：【True】--

【记录时间】2024-02-21 10:37:54,505
【描述】【电子过站接口】设备编码：ICT001;条码：Y04736103C40013361B003;MES结果：【False】--条码[]不存在

【记录时间】2024-02-21 10:43:13,950
【描述】【电子档案接口】设备编码：ICT001;条码：Y04736103C40013361B003;MES结果：【True】--

【记录时间】2024-02-21 10:43:14,030
【描述】【电子过站接口】设备编码：ICT001;条码：Y04736103C40013361B003;MES结果：【False】--条码[]不存在

【记录时间】2024-02-21 10:44:36,993
【描述】【电子档案接口】设备编码：ICT001;条码：Y04736103C40013361B003;MES结果：【True】--

【记录时间】2024-02-21 10:44:37,074
【描述】【电子过站接口】设备编码：ICT001;条码：Y04736103C40013361B003;MES结果：【False】--条码[]不存在

【记录时间】2024-02-21 10:45:54,816
【描述】【电子档案接口】设备编码：ICT001;条码：Y04736103C40013371B00;MES结果：【True】--

【记录时间】2024-02-21 10:45:59,477
【描述】【电子过站接口】设备编码：ICT001;条码：Y04736103C40013371B00;MES结果：【True】--

【记录时间】2024-02-21 11:20:43,130
【描述】【电子档案接口】设备编码：ICT001;条码：F04665603AF005316AA00;MES结果：【True】--

【记录时间】2024-02-21 11:20:43,232
【描述】【电子过站接口】设备编码：ICT001;条码：F04665603AF005316AA00;MES结果：【False】--条码[]不存在

【记录时间】2024-02-21 14:41:02,424
【描述】【电子档案接口】设备编码：ICT001;条码：Y04736103C40013371B00;MES结果：【True】--

【记录时间】2024-02-21 14:41:02,944
【描述】【电子过站接口】设备编码：ICT001;条码：Y04736103C40013371B00;MES结果：【False】--条码[]不存在

【记录时间】2024-02-21 14:42:27,529
【描述】【电子档案接口】设备编码：ICT001;条码：Y04736103C40013371B00;MES结果：【True】--

【记录时间】2024-02-21 14:42:27,562
【描述】【电子过站接口】设备编码：ICT001;条码：Y04736103C40013371B00;MES结果：【False】--条码[]不存在

【记录时间】2024-02-21 14:43:09,970
【描述】【电子档案接口】设备编码：ICT001;条码：Y04736103C40013371B00;MES结果：【True】--

【记录时间】2024-02-21 14:43:10,007
【描述】【电子过站接口】设备编码：ICT001;条码：Y04736103C40013371B00;MES结果：【False】--条码[]不存在

【记录时间】2024-02-21 14:45:07,752
【描述】【电子档案接口】设备编码：ICT001;条码：Y04736103C40013371B00;MES结果：【True】--

【记录时间】2024-02-21 14:45:07,786
【描述】【电子过站接口】设备编码：ICT001;条码：Y04736103C40013371B00;MES结果：【False】--条码[]不存在

【记录时间】2024-02-21 14:45:45,402
【描述】【电子档案接口】设备编码：ICT001;条码：Y04736103C40013371B00;MES结果：【True】--

【记录时间】2024-02-21 14:45:45,447
【描述】【电子过站接口】设备编码：ICT001;条码：Y04736103C40013371B00;MES结果：【False】--条码[]不存在

【记录时间】2024-02-21 14:47:52,594
【描述】【电子档案接口】设备编码：ICT001;条码：Y04736103C40013371B00;MES结果：【True】--

【记录时间】2024-02-21 14:47:52,628
【描述】【电子过站接口】设备编码：ICT001;条码：Y04736103C40013371B00;MES结果：【False】--条码[]不存在

【记录时间】2024-02-21 14:48:42,661
【描述】【电子档案接口】设备编码：ICT001;条码：Y04736103C40013371B00;MES结果：【True】--

【记录时间】2024-02-21 14:48:42,708
【描述】【电子过站接口】设备编码：ICT001;条码：Y04736103C40013371B00;MES结果：【False】--条码[]不存在

【记录时间】2024-02-21 14:49:26,233
【描述】【电子档案接口】设备编码：ICT001;条码：Y04736103C40013371B00;MES结果：【True】--

【记录时间】2024-02-21 14:49:26,278
【描述】【电子过站接口】设备编码：ICT001;条码：Y04736103C40013371B00;MES结果：【False】--条码[]不存在

【记录时间】2024-02-21 14:50:22,576
【描述】【电子档案接口】设备编码：ICT001;条码：Y04736103C40013371B00;MES结果：【True】--

【记录时间】2024-02-21 14:50:22,622
【描述】【电子过站接口】设备编码：ICT001;条码：Y04736103C40013371B00;MES结果：【False】--条码[]不存在

【记录时间】2024-02-21 14:51:10,314
【描述】【电子档案接口】设备编码：ICT001;条码：Y04736103C40013371B00;MES结果：【True】--

【记录时间】2024-02-21 14:51:10,375
【描述】【电子过站接口】设备编码：ICT001;条码：Y04736103C40013371B00;MES结果：【False】--条码[]不存在

【记录时间】2024-02-21 14:52:33,463
【描述】【电子档案接口】设备编码：ICT001;条码：Y04736103C40013371B00;MES结果：【True】--

【记录时间】2024-02-21 14:52:33,498
【描述】【电子过站接口】设备编码：ICT001;条码：Y04736103C40013371B00;MES结果：【False】--条码[]不存在

【记录时间】2024-02-21 15:04:52,779
【描述】【电子档案接口】设备编码：ICT001;条码：Y047361042H0013851B00;MES结果：【True】--

【记录时间】2024-02-21 15:04:52,834
【描述】【电子过站接口】设备编码：ICT001;条码：Y047361042H0013851B00;MES结果：【False】--条码[]不存在

【记录时间】2024-02-21 15:18:26,605
【描述】【电子档案接口】设备编码：ICT001;条码：Y047361042H0013851B00;MES结果：【True】--

【记录时间】2024-02-21 15:18:26,648
【描述】【电子过站接口】设备编码：ICT001;条码：Y047361042H0013851B00;MES结果：【False】--条码[]不存在

【记录时间】2024-02-21 15:31:05,688
【描述】【电子档案接口】设备编码：ICT001;条码：Y047361042H0013851B00;MES结果：【True】--

【记录时间】2024-02-21 15:31:05,750
【描述】【电子过站接口】设备编码：ICT001;条码：Y047361042H0013851B00;MES结果：【False】--条码[]不存在

【记录时间】2024-02-21 16:28:52,388
【描述】【电子档案接口】设备编码：ICT001;条码：Y047361042H0013851B00;MES结果：【True】--

【记录时间】2024-02-21 16:28:52,567
【描述】【电子过站接口】设备编码：ICT001;条码：Y047361042H0013851B00;MES结果：【False】--条码[]不存在

【记录时间】2024-02-21 16:29:09,104
【描述】【电子档案接口】设备编码：ICT001;条码：Y047361042H0013851B00;MES结果：【True】--

【记录时间】2024-02-21 16:29:09,115
【描述】【电子过站接口】设备编码：ICT001;条码：Y047361042H0013851B00;MES结果：【False】--条码[]不存在

【记录时间】2024-02-21 16:33:54,284
【描述】【电子档案接口】设备编码：ICT001;条码：Y047361042H0013851B00;MES结果：【True】--

【记录时间】2024-02-21 16:33:54,327
【描述】【电子过站接口】设备编码：ICT001;条码：Y047361042H0013851B00;MES结果：【False】--条码[]不存在

【记录时间】2024-02-21 16:35:07,273
【描述】【电子档案接口】设备编码：ICT001;条码：Y047361042H0013851B00;MES结果：【True】--

【记录时间】2024-02-21 16:35:07,326
【描述】【电子过站接口】设备编码：ICT001;条码：Y047361042H0013851B00;MES结果：【False】--条码[]不存在

【记录时间】2024-02-21 16:50:06,989
【描述】【电子档案接口】设备编码：ICT001;条码：Y047361042H0013851B00;MES结果：【True】--

【记录时间】2024-02-21 16:50:07,040
【描述】【电子过站接口】设备编码：ICT001;条码：Y047361042H0013851B00;MES结果：【False】--条码[]不存在

【记录时间】2024-02-21 16:53:37,578
【描述】【电子档案接口】设备编码：ICT001;条码：Y047361042H0013851B00;MES结果：【True】--

【记录时间】2024-02-21 16:53:37,648
【描述】【电子过站接口】设备编码：ICT001;条码：Y047361042H0013851B00;MES结果：【False】--条码[]不存在

【记录时间】2024-02-21 17:06:07,439
【描述】【电子档案接口】设备编码：ICT001;条码：Y047361042H0013851B00;MES结果：【True】--

【记录时间】2024-02-21 17:06:07,472
【描述】【电子过站接口】设备编码：ICT001;条码：Y047361042H0013851B00;MES结果：【False】--条码[]不存在

【记录时间】2024-02-21 17:13:46,258
【描述】【电子档案接口】设备编码：ICT001;条码：Y047361042H0013851B00;MES结果：【True】--

【记录时间】2024-02-21 17:13:46,294
【描述】【电子过站接口】设备编码：ICT001;条码：Y047361042H0013851B00;MES结果：【False】--条码[]不存在

【记录时间】2024-02-21 17:20:22,689
【描述】【电子档案接口】设备编码：ICT001;条码：Y047361042H0013851B00;MES结果：【True】--

【记录时间】2024-02-21 17:20:22,720
【描述】【电子过站接口】设备编码：ICT001;条码：Y047361042H0013851B00;MES结果：【False】--条码[]不存在

【记录时间】2024-02-21 17:28:00,261
【描述】【电子档案接口】设备编码：ICT001;条码：Y047361042H0013851B00;MES结果：【True】--

【记录时间】2024-02-21 17:28:00,289
【描述】【电子过站接口】设备编码：ICT001;条码：Y047361042H0013851B00;MES结果：【False】--条码[]不存在

【记录时间】2024-02-21 17:41:31,031
【描述】【电子档案接口】设备编码：ICT001;条码：Y047361042H0013851B00;MES结果：【True】--

【记录时间】2024-02-21 17:41:31,061
【描述】【电子过站接口】设备编码：ICT001;条码：Y047361042H0013851B00;MES结果：【False】--条码[]不存在

【记录时间】2024-02-21 17:43:23,861
【描述】【电子档案接口】设备编码：ICT001;条码：Y047361042H0013851B00;MES结果：【True】--

【记录时间】2024-02-21 17:43:23,898
【描述】【电子过站接口】设备编码：ICT001;条码：Y047361042H0013851B00;MES结果：【False】--条码[]不存在

【记录时间】2024-02-21 17:46:35,211
【描述】【电子档案接口】设备编码：ICT001;条码：Y047361042H0013851B00;MES结果：【True】--

【记录时间】2024-02-21 17:46:35,241
【描述】【电子过站接口】设备编码：ICT001;条码：Y047361042H0013851B00;MES结果：【False】--条码[]不存在

【记录时间】2024-02-21 17:48:54,170
【描述】【电子档案接口】设备编码：ICT001;条码：Y047361042H0013851B00;MES结果：【True】--

【记录时间】2024-02-21 17:48:54,208
【描述】【电子过站接口】设备编码：ICT001;条码：Y047361042H0013851B00;MES结果：【False】--条码[]不存在

【记录时间】2024-02-21 17:52:46,315
【描述】【电子档案接口】设备编码：ICT001;条码：Y047361042H0013851B00;MES结果：【True】--

【记录时间】2024-02-21 17:52:46,345
【描述】【电子过站接口】设备编码：ICT001;条码：Y047361042H0013851B00;MES结果：【False】--条码[]不存在

【记录时间】2024-02-21 17:57:37,689
【描述】【电子档案接口】设备编码：ICT001;条码：Y047361042H0013851B00;MES结果：【True】--

【记录时间】2024-02-21 17:57:37,744
【描述】【电子过站接口】设备编码：ICT001;条码：Y047361042H0013851B00;MES结果：【False】--条码[]不存在

【记录时间】2024-02-21 17:59:24,658
【描述】【电子档案接口】设备编码：ICT001;条码：Y047361042H0013851B00;MES结果：【True】--

【记录时间】2024-02-21 17:59:24,696
【描述】【电子过站接口】设备编码：ICT001;条码：Y047361042H0013851B00;MES结果：【False】--条码[]不存在

【记录时间】2024-02-21 18:04:14,790
【描述】【电子档案接口】设备编码：ICT001;条码：Y047361042H0013851B00;MES结果：【True】--

【记录时间】2024-02-21 18:04:14,819
【描述】【电子过站接口】设备编码：ICT001;条码：Y047361042H0013851B00;MES结果：【False】--条码[]不存在

【记录时间】2024-02-21 18:05:49,247
【描述】【电子档案接口】设备编码：ICT001;条码：Y047361042H0013851B00;MES结果：【True】--

【记录时间】2024-02-21 18:05:49,282
【描述】【电子过站接口】设备编码：ICT001;条码：Y047361042H0013851B00;MES结果：【False】--条码[]不存在

【记录时间】2024-02-21 18:12:44,139
【描述】【电子档案接口】设备编码：ICT001;条码：Y047361042H0013851B00;MES结果：【True】--

【记录时间】2024-02-21 18:12:44,187
【描述】【电子过站接口】设备编码：ICT001;条码：Y047361042H0013851B00;MES结果：【False】--条码[]不存在
