
【记录时间】2024-05-14 11:51:51,238
【描述】【AOI数据接口】设备编码：20085;板码：44-9743518E003CJ00KCA9BAFF2CT0;MES结果：{"Success":false,"Message":"条码[]不存在","Result":null,"Context":{}}

【记录时间】2024-05-14 11:52:26,208
【描述】【AOI数据接口】设备编码：20085;板码：44-9743518E003CJ00KCA9BAFF2CT0;MES结果：{"Success":false,"Message":"条码[]不存在","Result":null,"Context":{}}

【记录时间】2024-05-14 11:53:10,164
【描述】【AOI数据接口】设备编码：20085;板码：44-9743518E003CJ00KBA9BAFF2CT0;MES结果：{"Success":false,"Message":"条码[]不存在","Result":null,"Context":{}}

【记录时间】2024-05-14 11:53:14,610
【描述】【AOI数据接口】设备编码：20085;板码：44-9743518E003CJ00KAA9BAFF2CT0;MES结果：{"Success":false,"Message":"条码[]不存在","Result":null,"Context":{}}

【记录时间】2024-05-14 11:53:20,493
【描述】【AOI数据接口】设备编码：20085;板码：44-9743518E003CJ00K9A9BAFF2CT0;MES结果：{"Success":false,"Message":"条码[]不存在","Result":null,"Context":{}}

【记录时间】2024-05-14 11:53:24,067
【描述】【AOI数据接口】设备编码：20085;板码：44-9743518E003CJ00K4A9BAFF2CT0;MES结果：{"Success":false,"Message":"条码[]不存在","Result":null,"Context":{}}

【记录时间】2024-05-14 11:53:27,255
【描述】【AOI数据接口】设备编码：20085;板码：44-9743518E003CJ00K3A9BAFF2CT0;MES结果：{"Success":false,"Message":"条码[]不存在","Result":null,"Context":{}}

【记录时间】2024-05-14 11:53:51,873
【描述】【AOI数据接口】设备编码：20085;板码：44-9743518E003CJ00K2A9BAFF2CT0;MES结果：{"Success":false,"Message":"条码[]不存在","Result":null,"Context":{}}

【记录时间】2024-05-14 11:53:55,318
【描述】【AOI数据接口】设备编码：20085;板码：44-9743518E003CJ00K1A9BAFF2CT0;MES结果：{"Success":false,"Message":"条码[]不存在","Result":null,"Context":{}}

【记录时间】2024-05-14 11:53:58,492
【描述】【AOI数据接口】设备编码：20085;板码：44-9743518E003CJ00KDA9BAFF2CT0;MES结果：{"Success":false,"Message":"条码[]不存在","Result":null,"Context":{}}

【记录时间】2024-05-14 11:54:00,491
【描述】【AOI数据接口】设备编码：20085;板码：44-9743518E003CJ00KEA9BAFF2CT0;MES结果：{"Success":false,"Message":"条码[]不存在","Result":null,"Context":{}}

【记录时间】2024-05-14 11:54:03,494
【描述】【AOI数据接口】设备编码：20085;板码：44-9743518E003CJ00KFA9BAFF2CT0;MES结果：{"Success":false,"Message":"条码[]不存在","Result":null,"Context":{}}

【记录时间】2024-05-14 11:54:05,524
【描述】【AOI数据接口】设备编码：20085;板码：44-9743518E003CJ00KGA9BAFF2CT0;MES结果：{"Success":false,"Message":"条码[]不存在","Result":null,"Context":{}}

【记录时间】2024-05-14 11:54:07,594
【描述】【AOI数据接口】设备编码：20085;板码：44-9743518E003CJ00K5A9BAFF2CT0;MES结果：{"Success":false,"Message":"条码[]不存在","Result":null,"Context":{}}

【记录时间】2024-05-14 11:54:09,690
【描述】【AOI数据接口】设备编码：20085;板码：44-9743518E003CJ00K6A9BAFF2CT0;MES结果：{"Success":false,"Message":"条码[]不存在","Result":null,"Context":{}}

【记录时间】2024-05-14 11:54:12,284
【描述】【AOI数据接口】设备编码：20085;板码：44-9743518E003CJ00K7A9BAFF2CT0;MES结果：{"Success":false,"Message":"条码[]不存在","Result":null,"Context":{}}

【记录时间】2024-05-14 11:54:15,154
【描述】【AOI数据接口】设备编码：20085;板码：44-9743518E003CJ00K8A9BAFF2CT0;MES结果：{"Success":false,"Message":"条码[]不存在","Result":null,"Context":{}}

【记录时间】2024-05-14 11:56:31,461
【描述】【AOI数据接口】设备编码：20085;板码：44-9743518E003CJ00KCA9BAFF2CT0;MES结果：{"Success":false,"Message":"条码[]不存在","Result":null,"Context":{}}

【记录时间】2024-05-14 11:56:31,486
【描述】【AOI数据接口】设备编码：20085;板码：44-9743518E003CJ00KBA9BAFF2CT0;MES结果：{"Success":false,"Message":"条码[]不存在","Result":null,"Context":{}}

【记录时间】2024-05-14 11:56:31,499
【描述】【AOI数据接口】设备编码：20085;板码：44-9743518E003CJ00KAA9BAFF2CT0;MES结果：{"Success":false,"Message":"条码[]不存在","Result":null,"Context":{}}

【记录时间】2024-05-14 11:56:31,510
【描述】【AOI数据接口】设备编码：20085;板码：44-9743518E003CJ00K9A9BAFF2CT0;MES结果：{"Success":false,"Message":"条码[]不存在","Result":null,"Context":{}}

【记录时间】2024-05-14 11:56:31,523
【描述】【AOI数据接口】设备编码：20085;板码：44-9743518E003CJ00K4A9BAFF2CT0;MES结果：{"Success":false,"Message":"条码[]不存在","Result":null,"Context":{}}

【记录时间】2024-05-14 11:56:31,536
【描述】【AOI数据接口】设备编码：20085;板码：44-9743518E003CJ00K3A9BAFF2CT0;MES结果：{"Success":false,"Message":"条码[]不存在","Result":null,"Context":{}}

【记录时间】2024-05-14 11:56:31,549
【描述】【AOI数据接口】设备编码：20085;板码：44-9743518E003CJ00K2A9BAFF2CT0;MES结果：{"Success":false,"Message":"条码[]不存在","Result":null,"Context":{}}

【记录时间】2024-05-14 11:56:31,562
【描述】【AOI数据接口】设备编码：20085;板码：44-9743518E003CJ00K1A9BAFF2CT0;MES结果：{"Success":false,"Message":"条码[]不存在","Result":null,"Context":{}}

【记录时间】2024-05-14 11:56:31,575
【描述】【AOI数据接口】设备编码：20085;板码：44-9743518E003CJ00KDA9BAFF2CT0;MES结果：{"Success":false,"Message":"条码[]不存在","Result":null,"Context":{}}

【记录时间】2024-05-14 11:56:31,587
【描述】【AOI数据接口】设备编码：20085;板码：44-9743518E003CJ00KEA9BAFF2CT0;MES结果：{"Success":false,"Message":"条码[]不存在","Result":null,"Context":{}}

【记录时间】2024-05-14 11:56:31,602
【描述】【AOI数据接口】设备编码：20085;板码：44-9743518E003CJ00KFA9BAFF2CT0;MES结果：{"Success":false,"Message":"条码[]不存在","Result":null,"Context":{}}

【记录时间】2024-05-14 11:56:31,617
【描述】【AOI数据接口】设备编码：20085;板码：44-9743518E003CJ00KGA9BAFF2CT0;MES结果：{"Success":false,"Message":"条码[]不存在","Result":null,"Context":{}}

【记录时间】2024-05-14 11:56:31,630
【描述】【AOI数据接口】设备编码：20085;板码：44-9743518E003CJ00K5A9BAFF2CT0;MES结果：{"Success":false,"Message":"条码[]不存在","Result":null,"Context":{}}

【记录时间】2024-05-14 11:56:31,651
【描述】【AOI数据接口】设备编码：20085;板码：44-9743518E003CJ00K6A9BAFF2CT0;MES结果：{"Success":false,"Message":"条码[]不存在","Result":null,"Context":{}}

【记录时间】2024-05-14 11:56:31,664
【描述】【AOI数据接口】设备编码：20085;板码：44-9743518E003CJ00K7A9BAFF2CT0;MES结果：{"Success":false,"Message":"条码[]不存在","Result":null,"Context":{}}

【记录时间】2024-05-14 11:56:31,677
【描述】【AOI数据接口】设备编码：20085;板码：44-9743518E003CJ00K8A9BAFF2CT0;MES结果：{"Success":false,"Message":"条码[]不存在","Result":null,"Context":{}}

【记录时间】2024-05-14 11:59:17,335
【描述】【AOI数据接口】设备编码：20085;板码：44-9743518E003CJ00KCA9BAFF2CT0;MES结果：{"Success":false,"Message":"条码[]不存在","Result":null,"Context":{}}

【记录时间】2024-05-14 12:00:36,059
【描述】【AOI数据接口】设备编码：20085;板码：44-9743518E003CJ00KBA9BAFF2CT0;MES结果：{"Success":false,"Message":"条码[]不存在","Result":null,"Context":{}}

【记录时间】2024-05-14 12:00:36,690
【描述】【AOI数据接口】设备编码：20085;板码：44-9743518E003CJ00KAA9BAFF2CT0;MES结果：{"Success":false,"Message":"条码[]不存在","Result":null,"Context":{}}

【记录时间】2024-05-14 12:00:37,140
【描述】【AOI数据接口】设备编码：20085;板码：44-9743518E003CJ00K9A9BAFF2CT0;MES结果：{"Success":false,"Message":"条码[]不存在","Result":null,"Context":{}}

【记录时间】2024-05-14 12:00:37,522
【描述】【AOI数据接口】设备编码：20085;板码：44-9743518E003CJ00K4A9BAFF2CT0;MES结果：{"Success":false,"Message":"条码[]不存在","Result":null,"Context":{}}

【记录时间】2024-05-14 12:00:37,998
【描述】【AOI数据接口】设备编码：20085;板码：44-9743518E003CJ00K3A9BAFF2CT0;MES结果：{"Success":false,"Message":"条码[]不存在","Result":null,"Context":{}}

【记录时间】2024-05-14 12:00:38,362
【描述】【AOI数据接口】设备编码：20085;板码：44-9743518E003CJ00K2A9BAFF2CT0;MES结果：{"Success":false,"Message":"条码[]不存在","Result":null,"Context":{}}

【记录时间】2024-05-14 12:00:38,728
【描述】【AOI数据接口】设备编码：20085;板码：44-9743518E003CJ00K1A9BAFF2CT0;MES结果：{"Success":false,"Message":"条码[]不存在","Result":null,"Context":{}}

【记录时间】2024-05-14 12:00:39,104
【描述】【AOI数据接口】设备编码：20085;板码：44-9743518E003CJ00KDA9BAFF2CT0;MES结果：{"Success":false,"Message":"条码[]不存在","Result":null,"Context":{}}

【记录时间】2024-05-14 12:00:39,537
【描述】【AOI数据接口】设备编码：20085;板码：44-9743518E003CJ00KEA9BAFF2CT0;MES结果：{"Success":false,"Message":"条码[]不存在","Result":null,"Context":{}}

【记录时间】2024-05-14 12:00:39,952
【描述】【AOI数据接口】设备编码：20085;板码：44-9743518E003CJ00KFA9BAFF2CT0;MES结果：{"Success":false,"Message":"条码[]不存在","Result":null,"Context":{}}

【记录时间】2024-05-14 12:00:40,412
【描述】【AOI数据接口】设备编码：20085;板码：44-9743518E003CJ00KGA9BAFF2CT0;MES结果：{"Success":false,"Message":"条码[]不存在","Result":null,"Context":{}}

【记录时间】2024-05-14 12:00:40,767
【描述】【AOI数据接口】设备编码：20085;板码：44-9743518E003CJ00K5A9BAFF2CT0;MES结果：{"Success":false,"Message":"条码[]不存在","Result":null,"Context":{}}

【记录时间】2024-05-14 12:00:41,170
【描述】【AOI数据接口】设备编码：20085;板码：44-9743518E003CJ00K6A9BAFF2CT0;MES结果：{"Success":false,"Message":"条码[]不存在","Result":null,"Context":{}}

【记录时间】2024-05-14 12:00:41,709
【描述】【AOI数据接口】设备编码：20085;板码：44-9743518E003CJ00K7A9BAFF2CT0;MES结果：{"Success":false,"Message":"条码[]不存在","Result":null,"Context":{}}

【记录时间】2024-05-14 12:00:42,170
【描述】【AOI数据接口】设备编码：20085;板码：44-9743518E003CJ00K8A9BAFF2CT0;MES结果：{"Success":false,"Message":"条码[]不存在","Result":null,"Context":{}}

【记录时间】2024-05-14 13:32:50,445
【描述】【AOI数据接口】设备编码：20085;板码：44-9743518E003CJ00KCA9BAFF2CT0;MES结果：{"Success":false,"Message":"条码[]不存在","Result":null,"Context":{}}

【记录时间】2024-05-14 13:32:52,122
【描述】【AOI数据接口】设备编码：20085;板码：44-9743518E003CJ00KBA9BAFF2CT0;MES结果：{"Success":false,"Message":"条码[]不存在","Result":null,"Context":{}}

【记录时间】2024-05-14 13:32:52,435
【描述】【AOI数据接口】设备编码：20085;板码：44-9743518E003CJ00KAA9BAFF2CT0;MES结果：{"Success":false,"Message":"条码[]不存在","Result":null,"Context":{}}

【记录时间】2024-05-14 13:32:53,075
【描述】【AOI数据接口】设备编码：20085;板码：44-9743518E003CJ00K9A9BAFF2CT0;MES结果：{"Success":false,"Message":"条码[]不存在","Result":null,"Context":{}}

【记录时间】2024-05-14 13:32:53,868
【描述】【AOI数据接口】设备编码：20085;板码：44-9743518E003CJ00K4A9BAFF2CT0;MES结果：{"Success":false,"Message":"条码[]不存在","Result":null,"Context":{}}

【记录时间】2024-05-14 13:32:54,454
【描述】【AOI数据接口】设备编码：20085;板码：44-9743518E003CJ00K3A9BAFF2CT0;MES结果：{"Success":false,"Message":"条码[]不存在","Result":null,"Context":{}}

【记录时间】2024-05-14 13:32:55,035
【描述】【AOI数据接口】设备编码：20085;板码：44-9743518E003CJ00K2A9BAFF2CT0;MES结果：{"Success":false,"Message":"条码[]不存在","Result":null,"Context":{}}

【记录时间】2024-05-14 13:32:55,617
【描述】【AOI数据接口】设备编码：20085;板码：44-9743518E003CJ00K1A9BAFF2CT0;MES结果：{"Success":false,"Message":"条码[]不存在","Result":null,"Context":{}}

【记录时间】2024-05-14 13:32:56,617
【描述】【AOI数据接口】设备编码：20085;板码：44-9743518E003CJ00KDA9BAFF2CT0;MES结果：{"Success":false,"Message":"条码[]不存在","Result":null,"Context":{}}

【记录时间】2024-05-14 13:32:57,414
【描述】【AOI数据接口】设备编码：20085;板码：44-9743518E003CJ00KEA9BAFF2CT0;MES结果：{"Success":false,"Message":"条码[]不存在","Result":null,"Context":{}}

【记录时间】2024-05-14 13:32:58,204
【描述】【AOI数据接口】设备编码：20085;板码：44-9743518E003CJ00KFA9BAFF2CT0;MES结果：{"Success":false,"Message":"条码[]不存在","Result":null,"Context":{}}

【记录时间】2024-05-14 13:32:58,839
【描述】【AOI数据接口】设备编码：20085;板码：44-9743518E003CJ00KGA9BAFF2CT0;MES结果：{"Success":false,"Message":"条码[]不存在","Result":null,"Context":{}}

【记录时间】2024-05-14 13:32:59,659
【描述】【AOI数据接口】设备编码：20085;板码：44-9743518E003CJ00K5A9BAFF2CT0;MES结果：{"Success":false,"Message":"条码[]不存在","Result":null,"Context":{}}

【记录时间】2024-05-14 13:33:00,364
【描述】【AOI数据接口】设备编码：20085;板码：44-9743518E003CJ00K6A9BAFF2CT0;MES结果：{"Success":false,"Message":"条码[]不存在","Result":null,"Context":{}}

【记录时间】2024-05-14 13:33:01,008
【描述】【AOI数据接口】设备编码：20085;板码：44-9743518E003CJ00K7A9BAFF2CT0;MES结果：{"Success":false,"Message":"条码[]不存在","Result":null,"Context":{}}

【记录时间】2024-05-14 13:33:01,660
【描述】【AOI数据接口】设备编码：20085;板码：44-9743518E003CJ00K8A9BAFF2CT0;MES结果：{"Success":false,"Message":"条码[]不存在","Result":null,"Context":{}}

【记录时间】2024-05-14 13:35:47,790
【描述】【AOI数据接口】设备编码：20085;板码：44-9743518E003CJ00KCA9BAFF2CT0;MES结果：{"Success":false,"Message":"条码[]不存在","Result":null,"Context":{}}

【记录时间】2024-05-14 13:38:02,211
【描述】【AOI数据接口】设备编码：20085;板码：44-9743518E003CJ00KBA9BAFF2CT0;MES结果：{"Success":false,"Message":"条码[]不存在","Result":null,"Context":{}}

【记录时间】2024-05-14 13:41:01,092
【描述】【AOI数据接口】设备编码：20085;板码：44-9743518E003CJ00KAA9BAFF2CT0;MES结果：{"Success":false,"Message":"条码[]不存在","Result":null,"Context":{}}

【记录时间】2024-05-14 13:41:04,382
【描述】【AOI数据接口】设备编码：20085;板码：44-9743518E003CJ00K9A9BAFF2CT0;MES结果：{"Success":false,"Message":"条码[]不存在","Result":null,"Context":{}}

【记录时间】2024-05-14 13:41:07,177
【描述】【AOI数据接口】设备编码：20085;板码：44-9743518E003CJ00K4A9BAFF2CT0;MES结果：{"Success":false,"Message":"条码[]不存在","Result":null,"Context":{}}

【记录时间】2024-05-14 13:41:09,806
【描述】【AOI数据接口】设备编码：20085;板码：44-9743518E003CJ00K3A9BAFF2CT0;MES结果：{"Success":false,"Message":"条码[]不存在","Result":null,"Context":{}}

【记录时间】2024-05-14 13:41:12,551
【描述】【AOI数据接口】设备编码：20085;板码：44-9743518E003CJ00K2A9BAFF2CT0;MES结果：{"Success":false,"Message":"条码[]不存在","Result":null,"Context":{}}

【记录时间】2024-05-14 13:41:14,831
【描述】【AOI数据接口】设备编码：20085;板码：44-9743518E003CJ00K1A9BAFF2CT0;MES结果：{"Success":false,"Message":"条码[]不存在","Result":null,"Context":{}}

【记录时间】2024-05-14 13:41:16,671
【描述】【AOI数据接口】设备编码：20085;板码：44-9743518E003CJ00KDA9BAFF2CT0;MES结果：{"Success":false,"Message":"条码[]不存在","Result":null,"Context":{}}

【记录时间】2024-05-14 13:41:18,577
【描述】【AOI数据接口】设备编码：20085;板码：44-9743518E003CJ00KEA9BAFF2CT0;MES结果：{"Success":false,"Message":"条码[]不存在","Result":null,"Context":{}}

【记录时间】2024-05-14 13:41:20,759
【描述】【AOI数据接口】设备编码：20085;板码：44-9743518E003CJ00KFA9BAFF2CT0;MES结果：{"Success":false,"Message":"条码[]不存在","Result":null,"Context":{}}

【记录时间】2024-05-14 13:41:22,608
【描述】【AOI数据接口】设备编码：20085;板码：44-9743518E003CJ00KGA9BAFF2CT0;MES结果：{"Success":false,"Message":"条码[]不存在","Result":null,"Context":{}}

【记录时间】2024-05-14 13:41:24,336
【描述】【AOI数据接口】设备编码：20085;板码：44-9743518E003CJ00K5A9BAFF2CT0;MES结果：{"Success":false,"Message":"条码[]不存在","Result":null,"Context":{}}

【记录时间】2024-05-14 13:41:27,434
【描述】【AOI数据接口】设备编码：20085;板码：44-9743518E003CJ00K6A9BAFF2CT0;MES结果：{"Success":false,"Message":"条码[]不存在","Result":null,"Context":{}}

【记录时间】2024-05-14 13:41:29,302
【描述】【AOI数据接口】设备编码：20085;板码：44-9743518E003CJ00K7A9BAFF2CT0;MES结果：{"Success":false,"Message":"条码[]不存在","Result":null,"Context":{}}

【记录时间】2024-05-14 13:43:34,386
【描述】【AOI数据接口】设备编码：20085;板码：44-9743518E003CJ00K8A9BAFF2CT0;MES结果：{"Success":false,"Message":"条码[]不存在","Result":null,"Context":{}}

【记录时间】2024-05-14 13:44:01,188
【描述】【AOI数据接口】设备编码：20085;板码：44-9743518E003CJ00KCA9BAFF2CT0;MES结果：{"Success":false,"Message":"条码[]不存在","Result":null,"Context":{}}

【记录时间】2024-05-14 13:44:10,868
【描述】【AOI数据接口】设备编码：20085;板码：44-9743518E003CJ00KBA9BAFF2CT0;MES结果：{"Success":false,"Message":"条码[]不存在","Result":null,"Context":{}}

【记录时间】2024-05-14 13:44:15,973
【描述】【AOI数据接口】设备编码：20085;板码：44-9743518E003CJ00KAA9BAFF2CT0;MES结果：{"Success":false,"Message":"条码[]不存在","Result":null,"Context":{}}

【记录时间】2024-05-14 13:44:22,902
【描述】【AOI数据接口】设备编码：20085;板码：44-9743518E003CJ00K9A9BAFF2CT0;MES结果：{"Success":false,"Message":"条码[]不存在","Result":null,"Context":{}}

【记录时间】2024-05-14 13:44:25,463
【描述】【AOI数据接口】设备编码：20085;板码：44-9743518E003CJ00K4A9BAFF2CT0;MES结果：{"Success":false,"Message":"条码[]不存在","Result":null,"Context":{}}

【记录时间】2024-05-14 13:44:27,622
【描述】【AOI数据接口】设备编码：20085;板码：44-9743518E003CJ00K3A9BAFF2CT0;MES结果：{"Success":false,"Message":"条码[]不存在","Result":null,"Context":{}}

【记录时间】2024-05-14 13:44:29,375
【描述】【AOI数据接口】设备编码：20085;板码：44-9743518E003CJ00K2A9BAFF2CT0;MES结果：{"Success":false,"Message":"条码[]不存在","Result":null,"Context":{}}

【记录时间】2024-05-14 13:44:31,804
【描述】【AOI数据接口】设备编码：20085;板码：44-9743518E003CJ00K1A9BAFF2CT0;MES结果：{"Success":false,"Message":"条码[]不存在","Result":null,"Context":{}}

【记录时间】2024-05-14 13:44:33,845
【描述】【AOI数据接口】设备编码：20085;板码：44-9743518E003CJ00KDA9BAFF2CT0;MES结果：{"Success":false,"Message":"条码[]不存在","Result":null,"Context":{}}

【记录时间】2024-05-14 13:44:36,383
【描述】【AOI数据接口】设备编码：20085;板码：44-9743518E003CJ00KEA9BAFF2CT0;MES结果：{"Success":false,"Message":"条码[]不存在","Result":null,"Context":{}}

【记录时间】2024-05-14 13:44:38,846
【描述】【AOI数据接口】设备编码：20085;板码：44-9743518E003CJ00KFA9BAFF2CT0;MES结果：{"Success":false,"Message":"条码[]不存在","Result":null,"Context":{}}

【记录时间】2024-05-14 13:44:41,247
【描述】【AOI数据接口】设备编码：20085;板码：44-9743518E003CJ00KGA9BAFF2CT0;MES结果：{"Success":false,"Message":"条码[]不存在","Result":null,"Context":{}}

【记录时间】2024-05-14 13:44:43,865
【描述】【AOI数据接口】设备编码：20085;板码：44-9743518E003CJ00K5A9BAFF2CT0;MES结果：{"Success":false,"Message":"条码[]不存在","Result":null,"Context":{}}

【记录时间】2024-05-14 13:44:46,487
【描述】【AOI数据接口】设备编码：20085;板码：44-9743518E003CJ00K6A9BAFF2CT0;MES结果：{"Success":false,"Message":"条码[]不存在","Result":null,"Context":{}}

【记录时间】2024-05-14 13:44:48,768
【描述】【AOI数据接口】设备编码：20085;板码：44-9743518E003CJ00K7A9BAFF2CT0;MES结果：{"Success":false,"Message":"条码[]不存在","Result":null,"Context":{}}

【记录时间】2024-05-14 13:44:51,096
【描述】【AOI数据接口】设备编码：20085;板码：44-9743518E003CJ00K8A9BAFF2CT0;MES结果：{"Success":false,"Message":"条码[]不存在","Result":null,"Context":{}}

【记录时间】2024-05-14 13:45:15,573
【描述】【AOI数据接口】设备编码：20085;板码：44-9743518E003CJ00KCA9BAFF2CT0;MES结果：{"Success":false,"Message":"条码[]不存在","Result":null,"Context":{}}

【记录时间】2024-05-14 13:45:21,714
【描述】【AOI数据接口】设备编码：20085;板码：44-9743518E003CJ00KBA9BAFF2CT0;MES结果：{"Success":false,"Message":"条码[]不存在","Result":null,"Context":{}}

【记录时间】2024-05-14 13:45:24,289
【描述】【AOI数据接口】设备编码：20085;板码：44-9743518E003CJ00KAA9BAFF2CT0;MES结果：{"Success":false,"Message":"条码[]不存在","Result":null,"Context":{}}

【记录时间】2024-05-14 13:45:25,966
【描述】【AOI数据接口】设备编码：20085;板码：44-9743518E003CJ00K9A9BAFF2CT0;MES结果：{"Success":false,"Message":"条码[]不存在","Result":null,"Context":{}}

【记录时间】2024-05-14 13:45:27,811
【描述】【AOI数据接口】设备编码：20085;板码：44-9743518E003CJ00K4A9BAFF2CT0;MES结果：{"Success":false,"Message":"条码[]不存在","Result":null,"Context":{}}

【记录时间】2024-05-14 13:45:30,876
【描述】【AOI数据接口】设备编码：20085;板码：44-9743518E003CJ00K3A9BAFF2CT0;MES结果：{"Success":false,"Message":"条码[]不存在","Result":null,"Context":{}}

【记录时间】2024-05-14 13:45:34,723
【描述】【AOI数据接口】设备编码：20085;板码：44-9743518E003CJ00K2A9BAFF2CT0;MES结果：{"Success":false,"Message":"条码[]不存在","Result":null,"Context":{}}

【记录时间】2024-05-14 13:45:35,207
【描述】【AOI数据接口】设备编码：20085;板码：44-9743518E003CJ00K1A9BAFF2CT0;MES结果：{"Success":false,"Message":"条码[]不存在","Result":null,"Context":{}}

【记录时间】2024-05-14 13:45:35,576
【描述】【AOI数据接口】设备编码：20085;板码：44-9743518E003CJ00KDA9BAFF2CT0;MES结果：{"Success":false,"Message":"条码[]不存在","Result":null,"Context":{}}

【记录时间】2024-05-14 13:45:35,919
【描述】【AOI数据接口】设备编码：20085;板码：44-9743518E003CJ00KEA9BAFF2CT0;MES结果：{"Success":false,"Message":"条码[]不存在","Result":null,"Context":{}}

【记录时间】2024-05-14 13:45:36,350
【描述】【AOI数据接口】设备编码：20085;板码：44-9743518E003CJ00KFA9BAFF2CT0;MES结果：{"Success":false,"Message":"条码[]不存在","Result":null,"Context":{}}

【记录时间】2024-05-14 13:45:36,804
【描述】【AOI数据接口】设备编码：20085;板码：44-9743518E003CJ00KGA9BAFF2CT0;MES结果：{"Success":false,"Message":"条码[]不存在","Result":null,"Context":{}}

【记录时间】2024-05-14 13:45:37,231
【描述】【AOI数据接口】设备编码：20085;板码：44-9743518E003CJ00K5A9BAFF2CT0;MES结果：{"Success":false,"Message":"条码[]不存在","Result":null,"Context":{}}

【记录时间】2024-05-14 13:45:37,627
【描述】【AOI数据接口】设备编码：20085;板码：44-9743518E003CJ00K6A9BAFF2CT0;MES结果：{"Success":false,"Message":"条码[]不存在","Result":null,"Context":{}}

【记录时间】2024-05-14 13:45:38,085
【描述】【AOI数据接口】设备编码：20085;板码：44-9743518E003CJ00K7A9BAFF2CT0;MES结果：{"Success":false,"Message":"条码[]不存在","Result":null,"Context":{}}

【记录时间】2024-05-14 13:45:38,597
【描述】【AOI数据接口】设备编码：20085;板码：44-9743518E003CJ00K8A9BAFF2CT0;MES结果：{"Success":false,"Message":"条码[]不存在","Result":null,"Context":{}}

【记录时间】2024-05-14 14:08:46,143
【描述】【AOI数据接口】设备编码：20085;板码：44-9743518E003CJ00KCA9BAFF2CT0;MES结果：{"Success":false,"Message":"条码[]不存在","Result":null,"Context":{}}

【记录时间】2024-05-14 14:08:47,397
【描述】【AOI数据接口】设备编码：20085;板码：44-9743518E003CJ00KBA9BAFF2CT0;MES结果：{"Success":false,"Message":"条码[]不存在","Result":null,"Context":{}}

【记录时间】2024-05-14 14:08:47,943
【描述】【AOI数据接口】设备编码：20085;板码：44-9743518E003CJ00KAA9BAFF2CT0;MES结果：{"Success":false,"Message":"条码[]不存在","Result":null,"Context":{}}

【记录时间】2024-05-14 14:08:48,440
【描述】【AOI数据接口】设备编码：20085;板码：44-9743518E003CJ00K9A9BAFF2CT0;MES结果：{"Success":false,"Message":"条码[]不存在","Result":null,"Context":{}}

【记录时间】2024-05-14 14:08:48,865
【描述】【AOI数据接口】设备编码：20085;板码：44-9743518E003CJ00K4A9BAFF2CT0;MES结果：{"Success":false,"Message":"条码[]不存在","Result":null,"Context":{}}

【记录时间】2024-05-14 14:08:49,266
【描述】【AOI数据接口】设备编码：20085;板码：44-9743518E003CJ00K3A9BAFF2CT0;MES结果：{"Success":false,"Message":"条码[]不存在","Result":null,"Context":{}}

【记录时间】2024-05-14 14:08:49,642
【描述】【AOI数据接口】设备编码：20085;板码：44-9743518E003CJ00K2A9BAFF2CT0;MES结果：{"Success":false,"Message":"条码[]不存在","Result":null,"Context":{}}

【记录时间】2024-05-14 14:08:50,000
【描述】【AOI数据接口】设备编码：20085;板码：44-9743518E003CJ00K1A9BAFF2CT0;MES结果：{"Success":false,"Message":"条码[]不存在","Result":null,"Context":{}}

【记录时间】2024-05-14 14:08:50,358
【描述】【AOI数据接口】设备编码：20085;板码：44-9743518E003CJ00KDA9BAFF2CT0;MES结果：{"Success":false,"Message":"条码[]不存在","Result":null,"Context":{}}

【记录时间】2024-05-14 14:08:50,696
【描述】【AOI数据接口】设备编码：20085;板码：44-9743518E003CJ00KEA9BAFF2CT0;MES结果：{"Success":false,"Message":"条码[]不存在","Result":null,"Context":{}}

【记录时间】2024-05-14 14:08:51,062
【描述】【AOI数据接口】设备编码：20085;板码：44-9743518E003CJ00KFA9BAFF2CT0;MES结果：{"Success":false,"Message":"条码[]不存在","Result":null,"Context":{}}

【记录时间】2024-05-14 14:08:51,487
【描述】【AOI数据接口】设备编码：20085;板码：44-9743518E003CJ00KGA9BAFF2CT0;MES结果：{"Success":false,"Message":"条码[]不存在","Result":null,"Context":{}}

【记录时间】2024-05-14 14:08:51,847
【描述】【AOI数据接口】设备编码：20085;板码：44-9743518E003CJ00K5A9BAFF2CT0;MES结果：{"Success":false,"Message":"条码[]不存在","Result":null,"Context":{}}

【记录时间】2024-05-14 14:08:52,191
【描述】【AOI数据接口】设备编码：20085;板码：44-9743518E003CJ00K6A9BAFF2CT0;MES结果：{"Success":false,"Message":"条码[]不存在","Result":null,"Context":{}}

【记录时间】2024-05-14 14:08:52,576
【描述】【AOI数据接口】设备编码：20085;板码：44-9743518E003CJ00K7A9BAFF2CT0;MES结果：{"Success":false,"Message":"条码[]不存在","Result":null,"Context":{}}

【记录时间】2024-05-14 14:08:52,939
【描述】【AOI数据接口】设备编码：20085;板码：44-9743518E003CJ00K8A9BAFF2CT0;MES结果：{"Success":false,"Message":"条码[]不存在","Result":null,"Context":{}}

【记录时间】2024-05-14 14:09:44,738
【描述】【AOI数据接口】设备编码：20085;板码：44-9743518E003CJ00KCA9BAFF2CT0;MES结果：{"Success":false,"Message":"条码[]不存在","Result":null,"Context":{}}

【记录时间】2024-05-14 14:09:46,186
【描述】【AOI数据接口】设备编码：20085;板码：44-9743518E003CJ00KBA9BAFF2CT0;MES结果：{"Success":false,"Message":"条码[]不存在","Result":null,"Context":{}}

【记录时间】2024-05-14 14:09:46,723
【描述】【AOI数据接口】设备编码：20085;板码：44-9743518E003CJ00KAA9BAFF2CT0;MES结果：{"Success":false,"Message":"条码[]不存在","Result":null,"Context":{}}

【记录时间】2024-05-14 14:09:47,115
【描述】【AOI数据接口】设备编码：20085;板码：44-9743518E003CJ00K9A9BAFF2CT0;MES结果：{"Success":false,"Message":"条码[]不存在","Result":null,"Context":{}}

【记录时间】2024-05-14 14:09:47,544
【描述】【AOI数据接口】设备编码：20085;板码：44-9743518E003CJ00K4A9BAFF2CT0;MES结果：{"Success":false,"Message":"条码[]不存在","Result":null,"Context":{}}

【记录时间】2024-05-14 14:09:47,954
【描述】【AOI数据接口】设备编码：20085;板码：44-9743518E003CJ00K3A9BAFF2CT0;MES结果：{"Success":false,"Message":"条码[]不存在","Result":null,"Context":{}}

【记录时间】2024-05-14 14:09:48,270
【描述】【AOI数据接口】设备编码：20085;板码：44-9743518E003CJ00K2A9BAFF2CT0;MES结果：{"Success":false,"Message":"条码[]不存在","Result":null,"Context":{}}

【记录时间】2024-05-14 14:09:48,567
【描述】【AOI数据接口】设备编码：20085;板码：44-9743518E003CJ00K1A9BAFF2CT0;MES结果：{"Success":false,"Message":"条码[]不存在","Result":null,"Context":{}}

【记录时间】2024-05-14 14:09:48,784
【描述】【AOI数据接口】设备编码：20085;板码：44-9743518E003CJ00KDA9BAFF2CT0;MES结果：{"Success":false,"Message":"条码[]不存在","Result":null,"Context":{}}

【记录时间】2024-05-14 14:09:48,976
【描述】【AOI数据接口】设备编码：20085;板码：44-9743518E003CJ00KEA9BAFF2CT0;MES结果：{"Success":false,"Message":"条码[]不存在","Result":null,"Context":{}}

【记录时间】2024-05-14 14:09:49,267
【描述】【AOI数据接口】设备编码：20085;板码：44-9743518E003CJ00KFA9BAFF2CT0;MES结果：{"Success":false,"Message":"条码[]不存在","Result":null,"Context":{}}

【记录时间】2024-05-14 14:09:49,524
【描述】【AOI数据接口】设备编码：20085;板码：44-9743518E003CJ00KGA9BAFF2CT0;MES结果：{"Success":false,"Message":"条码[]不存在","Result":null,"Context":{}}

【记录时间】2024-05-14 14:09:49,978
【描述】【AOI数据接口】设备编码：20085;板码：44-9743518E003CJ00K5A9BAFF2CT0;MES结果：{"Success":false,"Message":"条码[]不存在","Result":null,"Context":{}}

【记录时间】2024-05-14 14:09:50,227
【描述】【AOI数据接口】设备编码：20085;板码：44-9743518E003CJ00K6A9BAFF2CT0;MES结果：{"Success":false,"Message":"条码[]不存在","Result":null,"Context":{}}

【记录时间】2024-05-14 14:09:50,688
【描述】【AOI数据接口】设备编码：20085;板码：44-9743518E003CJ00K7A9BAFF2CT0;MES结果：{"Success":false,"Message":"条码[]不存在","Result":null,"Context":{}}

【记录时间】2024-05-14 14:09:50,950
【描述】【AOI数据接口】设备编码：20085;板码：44-9743518E003CJ00K8A9BAFF2CT0;MES结果：{"Success":false,"Message":"条码[]不存在","Result":null,"Context":{}}

【记录时间】2024-05-14 14:10:09,252
【描述】【AOI数据接口】设备编码：20085;板码：44-9743518E003CJ00KCA9BAFF2CT0;MES结果：{"Success":false,"Message":"条码[]不存在","Result":null,"Context":{}}

【记录时间】2024-05-14 14:10:10,473
【描述】【AOI数据接口】设备编码：20085;板码：44-9743518E003CJ00KBA9BAFF2CT0;MES结果：{"Success":false,"Message":"条码[]不存在","Result":null,"Context":{}}

【记录时间】2024-05-14 14:10:10,890
【描述】【AOI数据接口】设备编码：20085;板码：44-9743518E003CJ00KAA9BAFF2CT0;MES结果：{"Success":false,"Message":"条码[]不存在","Result":null,"Context":{}}

【记录时间】2024-05-14 14:10:11,415
【描述】【AOI数据接口】设备编码：20085;板码：44-9743518E003CJ00K9A9BAFF2CT0;MES结果：{"Success":false,"Message":"条码[]不存在","Result":null,"Context":{}}

【记录时间】2024-05-14 14:10:11,702
【描述】【AOI数据接口】设备编码：20085;板码：44-9743518E003CJ00K4A9BAFF2CT0;MES结果：{"Success":false,"Message":"条码[]不存在","Result":null,"Context":{}}

【记录时间】2024-05-14 14:10:11,992
【描述】【AOI数据接口】设备编码：20085;板码：44-9743518E003CJ00K3A9BAFF2CT0;MES结果：{"Success":false,"Message":"条码[]不存在","Result":null,"Context":{}}

【记录时间】2024-05-14 14:10:12,267
【描述】【AOI数据接口】设备编码：20085;板码：44-9743518E003CJ00K2A9BAFF2CT0;MES结果：{"Success":false,"Message":"条码[]不存在","Result":null,"Context":{}}

【记录时间】2024-05-14 14:10:12,483
【描述】【AOI数据接口】设备编码：20085;板码：44-9743518E003CJ00K1A9BAFF2CT0;MES结果：{"Success":false,"Message":"条码[]不存在","Result":null,"Context":{}}

【记录时间】2024-05-14 14:10:12,711
【描述】【AOI数据接口】设备编码：20085;板码：44-9743518E003CJ00KDA9BAFF2CT0;MES结果：{"Success":false,"Message":"条码[]不存在","Result":null,"Context":{}}

【记录时间】2024-05-14 14:10:13,070
【描述】【AOI数据接口】设备编码：20085;板码：44-9743518E003CJ00KEA9BAFF2CT0;MES结果：{"Success":false,"Message":"条码[]不存在","Result":null,"Context":{}}

【记录时间】2024-05-14 14:10:13,409
【描述】【AOI数据接口】设备编码：20085;板码：44-9743518E003CJ00KFA9BAFF2CT0;MES结果：{"Success":false,"Message":"条码[]不存在","Result":null,"Context":{}}

【记录时间】2024-05-14 14:10:13,728
【描述】【AOI数据接口】设备编码：20085;板码：44-9743518E003CJ00KGA9BAFF2CT0;MES结果：{"Success":false,"Message":"条码[]不存在","Result":null,"Context":{}}

【记录时间】2024-05-14 14:10:14,144
【描述】【AOI数据接口】设备编码：20085;板码：44-9743518E003CJ00K5A9BAFF2CT0;MES结果：{"Success":false,"Message":"条码[]不存在","Result":null,"Context":{}}

【记录时间】2024-05-14 14:10:14,561
【描述】【AOI数据接口】设备编码：20085;板码：44-9743518E003CJ00K6A9BAFF2CT0;MES结果：{"Success":false,"Message":"条码[]不存在","Result":null,"Context":{}}

【记录时间】2024-05-14 14:10:14,936
【描述】【AOI数据接口】设备编码：20085;板码：44-9743518E003CJ00K7A9BAFF2CT0;MES结果：{"Success":false,"Message":"条码[]不存在","Result":null,"Context":{}}

【记录时间】2024-05-14 14:10:15,336
【描述】【AOI数据接口】设备编码：20085;板码：44-9743518E003CJ00K8A9BAFF2CT0;MES结果：{"Success":false,"Message":"条码[]不存在","Result":null,"Context":{}}

【记录时间】2024-05-14 14:11:24,488
【描述】【AOI数据接口】设备编码：20085;板码：44-9743518E003CJ00KCA9BAFF2CT0;MES结果：{"Success":false,"Message":"条码[]不存在","Result":null,"Context":{}}

【记录时间】2024-05-14 14:11:25,581
【描述】【AOI数据接口】设备编码：20085;板码：44-9743518E003CJ00KBA9BAFF2CT0;MES结果：{"Success":false,"Message":"条码[]不存在","Result":null,"Context":{}}

【记录时间】2024-05-14 14:11:26,018
【描述】【AOI数据接口】设备编码：20085;板码：44-9743518E003CJ00KAA9BAFF2CT0;MES结果：{"Success":false,"Message":"条码[]不存在","Result":null,"Context":{}}

【记录时间】2024-05-14 14:11:26,376
【描述】【AOI数据接口】设备编码：20085;板码：44-9743518E003CJ00K9A9BAFF2CT0;MES结果：{"Success":false,"Message":"条码[]不存在","Result":null,"Context":{}}

【记录时间】2024-05-14 14:11:26,642
【描述】【AOI数据接口】设备编码：20085;板码：44-9743518E003CJ00K4A9BAFF2CT0;MES结果：{"Success":false,"Message":"条码[]不存在","Result":null,"Context":{}}

【记录时间】2024-05-14 14:11:26,937
【描述】【AOI数据接口】设备编码：20085;板码：44-9743518E003CJ00K3A9BAFF2CT0;MES结果：{"Success":false,"Message":"条码[]不存在","Result":null,"Context":{}}

【记录时间】2024-05-14 14:11:27,191
【描述】【AOI数据接口】设备编码：20085;板码：44-9743518E003CJ00K2A9BAFF2CT0;MES结果：{"Success":false,"Message":"条码[]不存在","Result":null,"Context":{}}

【记录时间】2024-05-14 14:11:27,468
【描述】【AOI数据接口】设备编码：20085;板码：44-9743518E003CJ00K1A9BAFF2CT0;MES结果：{"Success":false,"Message":"条码[]不存在","Result":null,"Context":{}}

【记录时间】2024-05-14 14:11:27,752
【描述】【AOI数据接口】设备编码：20085;板码：44-9743518E003CJ00KDA9BAFF2CT0;MES结果：{"Success":false,"Message":"条码[]不存在","Result":null,"Context":{}}

【记录时间】2024-05-14 14:11:28,035
【描述】【AOI数据接口】设备编码：20085;板码：44-9743518E003CJ00KEA9BAFF2CT0;MES结果：{"Success":false,"Message":"条码[]不存在","Result":null,"Context":{}}

【记录时间】2024-05-14 14:11:28,567
【描述】【AOI数据接口】设备编码：20085;板码：44-9743518E003CJ00KFA9BAFF2CT0;MES结果：{"Success":false,"Message":"条码[]不存在","Result":null,"Context":{}}

【记录时间】2024-05-14 14:11:28,968
【描述】【AOI数据接口】设备编码：20085;板码：44-9743518E003CJ00KGA9BAFF2CT0;MES结果：{"Success":false,"Message":"条码[]不存在","Result":null,"Context":{}}

【记录时间】2024-05-14 14:11:29,425
【描述】【AOI数据接口】设备编码：20085;板码：44-9743518E003CJ00K5A9BAFF2CT0;MES结果：{"Success":false,"Message":"条码[]不存在","Result":null,"Context":{}}

【记录时间】2024-05-14 14:11:29,908
【描述】【AOI数据接口】设备编码：20085;板码：44-9743518E003CJ00K6A9BAFF2CT0;MES结果：{"Success":false,"Message":"条码[]不存在","Result":null,"Context":{}}

【记录时间】2024-05-14 14:11:30,331
【描述】【AOI数据接口】设备编码：20085;板码：44-9743518E003CJ00K7A9BAFF2CT0;MES结果：{"Success":false,"Message":"条码[]不存在","Result":null,"Context":{}}

【记录时间】2024-05-14 14:11:30,924
【描述】【AOI数据接口】设备编码：20085;板码：44-9743518E003CJ00K8A9BAFF2CT0;MES结果：{"Success":false,"Message":"条码[]不存在","Result":null,"Context":{}}

【记录时间】2024-05-14 14:28:25,900
【描述】【AOI数据接口】设备编码：20085;板码：44-9743518E003CJ00KCA9BAFF2CT0;MES结果：{"Success":false,"Message":"条码[]不存在","Result":null,"Context":{}}

【记录时间】2024-05-14 14:28:26,995
【描述】【AOI数据接口】设备编码：20085;板码：44-9743518E003CJ00KBA9BAFF2CT0;MES结果：{"Success":false,"Message":"条码[]不存在","Result":null,"Context":{}}

【记录时间】2024-05-14 14:28:27,381
【描述】【AOI数据接口】设备编码：20085;板码：44-9743518E003CJ00KAA9BAFF2CT0;MES结果：{"Success":false,"Message":"条码[]不存在","Result":null,"Context":{}}

【记录时间】2024-05-14 14:28:27,776
【描述】【AOI数据接口】设备编码：20085;板码：44-9743518E003CJ00K9A9BAFF2CT0;MES结果：{"Success":false,"Message":"条码[]不存在","Result":null,"Context":{}}

【记录时间】2024-05-14 14:28:28,150
【描述】【AOI数据接口】设备编码：20085;板码：44-9743518E003CJ00K4A9BAFF2CT0;MES结果：{"Success":false,"Message":"条码[]不存在","Result":null,"Context":{}}

【记录时间】2024-05-14 14:28:28,539
【描述】【AOI数据接口】设备编码：20085;板码：44-9743518E003CJ00K3A9BAFF2CT0;MES结果：{"Success":false,"Message":"条码[]不存在","Result":null,"Context":{}}

【记录时间】2024-05-14 14:28:28,906
【描述】【AOI数据接口】设备编码：20085;板码：44-9743518E003CJ00K2A9BAFF2CT0;MES结果：{"Success":false,"Message":"条码[]不存在","Result":null,"Context":{}}

【记录时间】2024-05-14 14:28:29,300
【描述】【AOI数据接口】设备编码：20085;板码：44-9743518E003CJ00K1A9BAFF2CT0;MES结果：{"Success":false,"Message":"条码[]不存在","Result":null,"Context":{}}

【记录时间】2024-05-14 14:28:29,701
【描述】【AOI数据接口】设备编码：20085;板码：44-9743518E003CJ00KDA9BAFF2CT0;MES结果：{"Success":false,"Message":"条码[]不存在","Result":null,"Context":{}}

【记录时间】2024-05-14 14:28:30,081
【描述】【AOI数据接口】设备编码：20085;板码：44-9743518E003CJ00KEA9BAFF2CT0;MES结果：{"Success":false,"Message":"条码[]不存在","Result":null,"Context":{}}

【记录时间】2024-05-14 14:28:30,507
【描述】【AOI数据接口】设备编码：20085;板码：44-9743518E003CJ00KFA9BAFF2CT0;MES结果：{"Success":false,"Message":"条码[]不存在","Result":null,"Context":{}}

【记录时间】2024-05-14 14:28:30,924
【描述】【AOI数据接口】设备编码：20085;板码：44-9743518E003CJ00KGA9BAFF2CT0;MES结果：{"Success":false,"Message":"条码[]不存在","Result":null,"Context":{}}

【记录时间】2024-05-14 14:28:31,298
【描述】【AOI数据接口】设备编码：20085;板码：44-9743518E003CJ00K5A9BAFF2CT0;MES结果：{"Success":false,"Message":"条码[]不存在","Result":null,"Context":{}}

【记录时间】2024-05-14 14:28:31,701
【描述】【AOI数据接口】设备编码：20085;板码：44-9743518E003CJ00K6A9BAFF2CT0;MES结果：{"Success":false,"Message":"条码[]不存在","Result":null,"Context":{}}

【记录时间】2024-05-14 14:28:32,043
【描述】【AOI数据接口】设备编码：20085;板码：44-9743518E003CJ00K7A9BAFF2CT0;MES结果：{"Success":false,"Message":"条码[]不存在","Result":null,"Context":{}}

【记录时间】2024-05-14 14:28:32,435
【描述】【AOI数据接口】设备编码：20085;板码：44-9743518E003CJ00K8A9BAFF2CT0;MES结果：{"Success":false,"Message":"条码[]不存在","Result":null,"Context":{}}

【记录时间】2024-05-14 14:30:02,623
【描述】【AOI数据接口】设备编码：20085;板码：44-9743518E003CJ00KCA9BAFF2CT0;MES结果：{"Success":false,"Message":"条码[]不存在","Result":null,"Context":{}}

【记录时间】2024-05-14 14:30:05,251
【描述】【AOI数据接口】设备编码：20085;板码：44-9743518E003CJ00KBA9BAFF2CT0;MES结果：{"Success":false,"Message":"条码[]不存在","Result":null,"Context":{}}

【记录时间】2024-05-14 14:30:06,060
【描述】【AOI数据接口】设备编码：20085;板码：44-9743518E003CJ00KAA9BAFF2CT0;MES结果：{"Success":false,"Message":"条码[]不存在","Result":null,"Context":{}}

【记录时间】2024-05-14 14:30:06,443
【描述】【AOI数据接口】设备编码：20085;板码：44-9743518E003CJ00K9A9BAFF2CT0;MES结果：{"Success":false,"Message":"条码[]不存在","Result":null,"Context":{}}

【记录时间】2024-05-14 14:30:06,749
【描述】【AOI数据接口】设备编码：20085;板码：44-9743518E003CJ00K4A9BAFF2CT0;MES结果：{"Success":false,"Message":"条码[]不存在","Result":null,"Context":{}}

【记录时间】2024-05-14 14:30:07,089
【描述】【AOI数据接口】设备编码：20085;板码：44-9743518E003CJ00K3A9BAFF2CT0;MES结果：{"Success":false,"Message":"条码[]不存在","Result":null,"Context":{}}

【记录时间】2024-05-14 14:30:07,468
【描述】【AOI数据接口】设备编码：20085;板码：44-9743518E003CJ00K2A9BAFF2CT0;MES结果：{"Success":false,"Message":"条码[]不存在","Result":null,"Context":{}}

【记录时间】2024-05-14 14:30:07,804
【描述】【AOI数据接口】设备编码：20085;板码：44-9743518E003CJ00K1A9BAFF2CT0;MES结果：{"Success":false,"Message":"条码[]不存在","Result":null,"Context":{}}

【记录时间】2024-05-14 14:30:08,124
【描述】【AOI数据接口】设备编码：20085;板码：44-9743518E003CJ00KDA9BAFF2CT0;MES结果：{"Success":false,"Message":"条码[]不存在","Result":null,"Context":{}}

【记录时间】2024-05-14 14:30:08,539
【描述】【AOI数据接口】设备编码：20085;板码：44-9743518E003CJ00KEA9BAFF2CT0;MES结果：{"Success":false,"Message":"条码[]不存在","Result":null,"Context":{}}

【记录时间】2024-05-14 14:30:08,998
【描述】【AOI数据接口】设备编码：20085;板码：44-9743518E003CJ00KFA9BAFF2CT0;MES结果：{"Success":false,"Message":"条码[]不存在","Result":null,"Context":{}}

【记录时间】2024-05-14 14:30:09,434
【描述】【AOI数据接口】设备编码：20085;板码：44-9743518E003CJ00KGA9BAFF2CT0;MES结果：{"Success":false,"Message":"条码[]不存在","Result":null,"Context":{}}

【记录时间】2024-05-14 14:30:09,844
【描述】【AOI数据接口】设备编码：20085;板码：44-9743518E003CJ00K5A9BAFF2CT0;MES结果：{"Success":false,"Message":"条码[]不存在","Result":null,"Context":{}}

【记录时间】2024-05-14 14:30:10,340
【描述】【AOI数据接口】设备编码：20085;板码：44-9743518E003CJ00K6A9BAFF2CT0;MES结果：{"Success":false,"Message":"条码[]不存在","Result":null,"Context":{}}

【记录时间】2024-05-14 14:30:10,836
【描述】【AOI数据接口】设备编码：20085;板码：44-9743518E003CJ00K7A9BAFF2CT0;MES结果：{"Success":false,"Message":"条码[]不存在","Result":null,"Context":{}}

【记录时间】2024-05-14 14:30:11,391
【描述】【AOI数据接口】设备编码：20085;板码：44-9743518E003CJ00K8A9BAFF2CT0;MES结果：{"Success":false,"Message":"条码[]不存在","Result":null,"Context":{}}

【记录时间】2024-05-14 14:33:56,314
【描述】【电子档案接口】设备编码：123;条码：Y04736103C30000431B00;MES结果：【True】--

【记录时间】2024-05-14 14:33:56,326
【描述】【电子过站接口】设备编码：123;条码：Y04736103C30000431B00;MES结果：【False】--条码[]不存在

【记录时间】2024-05-14 14:34:05,044
【描述】【电子档案接口】设备编码：123;条码：Y0000000000000;MES结果：【True】--

【记录时间】2024-05-14 14:34:05,053
【描述】【电子过站接口】设备编码：123;条码：Y0000000000000;MES结果：【False】--条码[]不存在

【记录时间】2024-05-14 14:34:15,852
【描述】【电子档案接口】设备编码：123;条码：T00000000;MES结果：【True】--

【记录时间】2024-05-14 14:34:15,861
【描述】【电子过站接口】设备编码：123;条码：T00000000;MES结果：【False】--条码[]不存在

【记录时间】2024-05-14 14:34:32,909
【描述】【电子档案接口】设备编码：123;条码：T00000000;MES结果：【True】--

【记录时间】2024-05-14 14:34:32,918
【描述】【电子过站接口】设备编码：123;条码：T00000000;MES结果：【False】--条码[]不存在

【记录时间】2024-05-14 14:34:39,470
【描述】【电子档案接口】设备编码：123;条码：T00000000;MES结果：【True】--

【记录时间】2024-05-14 14:34:39,480
【描述】【电子过站接口】设备编码：123;条码：T00000000;MES结果：【False】--条码[]不存在

【记录时间】2024-05-14 14:35:23,472
【描述】【电子档案接口】设备编码：123;条码：T00000000;MES结果：【True】--

【记录时间】2024-05-14 14:35:23,486
【描述】【电子过站接口】设备编码：123;条码：T00000000;MES结果：【False】--条码[]不存在

【记录时间】2024-05-14 14:36:07,093
【描述】【电子档案接口】设备编码：123;条码：Y04736104430905619A00;MES结果：【True】--

【记录时间】2024-05-14 14:36:07,262
【描述】【电子过站接口】设备编码：123;条码：Y04736104430905619A00;MES结果：【False】--设备[123]不存在

【记录时间】2024-05-14 14:36:21,323
【描述】【电子档案接口】设备编码：123;条码：Y047361043E0044681B00;MES结果：【True】--

【记录时间】2024-05-14 14:36:21,350
【描述】【电子过站接口】设备编码：123;条码：Y047361043E0044681B00;MES结果：【False】--设备[123]不存在

【记录时间】2024-05-14 14:44:04,569
【描述】【AOI数据接口】设备编码：20085;板码：44-9743518E003CJ00KCA9BAFF2CT0;MES结果：{"Success":false,"Message":"条码[]不存在","Result":null,"Context":{}}

【记录时间】2024-05-14 14:44:05,645
【描述】【AOI数据接口】设备编码：20085;板码：44-9743518E003CJ00KBA9BAFF2CT0;MES结果：{"Success":false,"Message":"条码[]不存在","Result":null,"Context":{}}

【记录时间】2024-05-14 14:44:05,925
【描述】【AOI数据接口】设备编码：20085;板码：44-9743518E003CJ00KAA9BAFF2CT0;MES结果：{"Success":false,"Message":"条码[]不存在","Result":null,"Context":{}}

【记录时间】2024-05-14 14:44:06,177
【描述】【AOI数据接口】设备编码：20085;板码：44-9743518E003CJ00K9A9BAFF2CT0;MES结果：{"Success":false,"Message":"条码[]不存在","Result":null,"Context":{}}

【记录时间】2024-05-14 14:44:06,427
【描述】【AOI数据接口】设备编码：20085;板码：44-9743518E003CJ00K4A9BAFF2CT0;MES结果：{"Success":false,"Message":"条码[]不存在","Result":null,"Context":{}}

【记录时间】2024-05-14 14:44:06,644
【描述】【AOI数据接口】设备编码：20085;板码：44-9743518E003CJ00K3A9BAFF2CT0;MES结果：{"Success":false,"Message":"条码[]不存在","Result":null,"Context":{}}

【记录时间】2024-05-14 14:44:06,847
【描述】【AOI数据接口】设备编码：20085;板码：44-9743518E003CJ00K2A9BAFF2CT0;MES结果：{"Success":false,"Message":"条码[]不存在","Result":null,"Context":{}}

【记录时间】2024-05-14 14:44:07,163
【描述】【AOI数据接口】设备编码：20085;板码：44-9743518E003CJ00K1A9BAFF2CT0;MES结果：{"Success":false,"Message":"条码[]不存在","Result":null,"Context":{}}

【记录时间】2024-05-14 14:44:07,427
【描述】【AOI数据接口】设备编码：20085;板码：44-9743518E003CJ00KDA9BAFF2CT0;MES结果：{"Success":false,"Message":"条码[]不存在","Result":null,"Context":{}}

【记录时间】2024-05-14 14:44:07,921
【描述】【AOI数据接口】设备编码：20085;板码：44-9743518E003CJ00KEA9BAFF2CT0;MES结果：{"Success":false,"Message":"条码[]不存在","Result":null,"Context":{}}

【记录时间】2024-05-14 14:44:08,284
【描述】【AOI数据接口】设备编码：20085;板码：44-9743518E003CJ00KFA9BAFF2CT0;MES结果：{"Success":false,"Message":"条码[]不存在","Result":null,"Context":{}}

【记录时间】2024-05-14 14:44:08,671
【描述】【AOI数据接口】设备编码：20085;板码：44-9743518E003CJ00KGA9BAFF2CT0;MES结果：{"Success":false,"Message":"条码[]不存在","Result":null,"Context":{}}

【记录时间】2024-05-14 14:44:09,068
【描述】【AOI数据接口】设备编码：20085;板码：44-9743518E003CJ00K5A9BAFF2CT0;MES结果：{"Success":false,"Message":"条码[]不存在","Result":null,"Context":{}}

【记录时间】2024-05-14 14:44:09,457
【描述】【AOI数据接口】设备编码：20085;板码：44-9743518E003CJ00K6A9BAFF2CT0;MES结果：{"Success":false,"Message":"条码[]不存在","Result":null,"Context":{}}

【记录时间】2024-05-14 14:44:09,834
【描述】【AOI数据接口】设备编码：20085;板码：44-9743518E003CJ00K7A9BAFF2CT0;MES结果：{"Success":false,"Message":"条码[]不存在","Result":null,"Context":{}}

【记录时间】2024-05-14 14:44:10,206
【描述】【AOI数据接口】设备编码：20085;板码：44-9743518E003CJ00K8A9BAFF2CT0;MES结果：{"Success":false,"Message":"条码[]不存在","Result":null,"Context":{}}

【记录时间】2024-05-14 14:45:18,164
【描述】【AOI数据接口】设备编码：20085;板码：44-9743518E003CJ00KCA9BAFF2CT0;MES结果：{"Success":false,"Message":"条码[]不存在","Result":null,"Context":{}}

【记录时间】2024-05-14 14:45:19,546
【描述】【AOI数据接口】设备编码：20085;板码：44-9743518E003CJ00KBA9BAFF2CT0;MES结果：{"Success":false,"Message":"条码[]不存在","Result":null,"Context":{}}

【记录时间】2024-05-14 14:45:19,998
【描述】【AOI数据接口】设备编码：20085;板码：44-9743518E003CJ00KAA9BAFF2CT0;MES结果：{"Success":false,"Message":"条码[]不存在","Result":null,"Context":{}}

【记录时间】2024-05-14 14:45:20,393
【描述】【AOI数据接口】设备编码：20085;板码：44-9743518E003CJ00K9A9BAFF2CT0;MES结果：{"Success":false,"Message":"条码[]不存在","Result":null,"Context":{}}

【记录时间】2024-05-14 14:45:20,710
【描述】【AOI数据接口】设备编码：20085;板码：44-9743518E003CJ00K4A9BAFF2CT0;MES结果：{"Success":false,"Message":"条码[]不存在","Result":null,"Context":{}}

【记录时间】2024-05-14 14:45:21,077
【描述】【AOI数据接口】设备编码：20085;板码：44-9743518E003CJ00K3A9BAFF2CT0;MES结果：{"Success":false,"Message":"条码[]不存在","Result":null,"Context":{}}

【记录时间】2024-05-14 14:45:21,428
【描述】【AOI数据接口】设备编码：20085;板码：44-9743518E003CJ00K2A9BAFF2CT0;MES结果：{"Success":false,"Message":"条码[]不存在","Result":null,"Context":{}}

【记录时间】2024-05-14 14:45:21,790
【描述】【AOI数据接口】设备编码：20085;板码：44-9743518E003CJ00K1A9BAFF2CT0;MES结果：{"Success":false,"Message":"条码[]不存在","Result":null,"Context":{}}

【记录时间】2024-05-14 14:45:22,132
【描述】【AOI数据接口】设备编码：20085;板码：44-9743518E003CJ00KDA9BAFF2CT0;MES结果：{"Success":false,"Message":"条码[]不存在","Result":null,"Context":{}}

【记录时间】2024-05-14 14:45:22,508
【描述】【AOI数据接口】设备编码：20085;板码：44-9743518E003CJ00KEA9BAFF2CT0;MES结果：{"Success":false,"Message":"条码[]不存在","Result":null,"Context":{}}

【记录时间】2024-05-14 14:45:22,900
【描述】【AOI数据接口】设备编码：20085;板码：44-9743518E003CJ00KFA9BAFF2CT0;MES结果：{"Success":false,"Message":"条码[]不存在","Result":null,"Context":{}}

【记录时间】2024-05-14 14:45:23,303
【描述】【AOI数据接口】设备编码：20085;板码：44-9743518E003CJ00KGA9BAFF2CT0;MES结果：{"Success":false,"Message":"条码[]不存在","Result":null,"Context":{}}

【记录时间】2024-05-14 14:45:23,670
【描述】【AOI数据接口】设备编码：20085;板码：44-9743518E003CJ00K5A9BAFF2CT0;MES结果：{"Success":false,"Message":"条码[]不存在","Result":null,"Context":{}}

【记录时间】2024-05-14 14:45:24,011
【描述】【AOI数据接口】设备编码：20085;板码：44-9743518E003CJ00K6A9BAFF2CT0;MES结果：{"Success":false,"Message":"条码[]不存在","Result":null,"Context":{}}

【记录时间】2024-05-14 14:45:24,367
【描述】【AOI数据接口】设备编码：20085;板码：44-9743518E003CJ00K7A9BAFF2CT0;MES结果：{"Success":false,"Message":"条码[]不存在","Result":null,"Context":{}}

【记录时间】2024-05-14 14:45:24,719
【描述】【AOI数据接口】设备编码：20085;板码：44-9743518E003CJ00K8A9BAFF2CT0;MES结果：{"Success":false,"Message":"条码[]不存在","Result":null,"Context":{}}

【记录时间】2024-05-14 14:48:16,194
【描述】【AOI数据接口】设备编码：20085;板码：44-9743518E003CJ00KCA9BAFF2CT0;MES结果：{"Success":false,"Message":"条码[]不存在","Result":null,"Context":{}}

【记录时间】2024-05-14 14:48:17,277
【描述】【AOI数据接口】设备编码：20085;板码：44-9743518E003CJ00KBA9BAFF2CT0;MES结果：{"Success":false,"Message":"条码[]不存在","Result":null,"Context":{}}

【记录时间】2024-05-14 14:48:17,587
【描述】【AOI数据接口】设备编码：20085;板码：44-9743518E003CJ00KAA9BAFF2CT0;MES结果：{"Success":false,"Message":"条码[]不存在","Result":null,"Context":{}}

【记录时间】2024-05-14 14:48:17,852
【描述】【AOI数据接口】设备编码：20085;板码：44-9743518E003CJ00K9A9BAFF2CT0;MES结果：{"Success":false,"Message":"条码[]不存在","Result":null,"Context":{}}

【记录时间】2024-05-14 14:48:18,122
【描述】【AOI数据接口】设备编码：20085;板码：44-9743518E003CJ00K4A9BAFF2CT0;MES结果：{"Success":false,"Message":"条码[]不存在","Result":null,"Context":{}}

【记录时间】2024-05-14 14:48:18,397
【描述】【AOI数据接口】设备编码：20085;板码：44-9743518E003CJ00K3A9BAFF2CT0;MES结果：{"Success":false,"Message":"条码[]不存在","Result":null,"Context":{}}

【记录时间】2024-05-14 14:48:18,663
【描述】【AOI数据接口】设备编码：20085;板码：44-9743518E003CJ00K2A9BAFF2CT0;MES结果：{"Success":false,"Message":"条码[]不存在","Result":null,"Context":{}}

【记录时间】2024-05-14 14:48:18,910
【描述】【AOI数据接口】设备编码：20085;板码：44-9743518E003CJ00K1A9BAFF2CT0;MES结果：{"Success":false,"Message":"条码[]不存在","Result":null,"Context":{}}

【记录时间】2024-05-14 14:48:19,231
【描述】【AOI数据接口】设备编码：20085;板码：44-9743518E003CJ00KDA9BAFF2CT0;MES结果：{"Success":false,"Message":"条码[]不存在","Result":null,"Context":{}}

【记录时间】2024-05-14 14:48:19,485
【描述】【AOI数据接口】设备编码：20085;板码：44-9743518E003CJ00KEA9BAFF2CT0;MES结果：{"Success":false,"Message":"条码[]不存在","Result":null,"Context":{}}

【记录时间】2024-05-14 14:48:19,789
【描述】【AOI数据接口】设备编码：20085;板码：44-9743518E003CJ00KFA9BAFF2CT0;MES结果：{"Success":false,"Message":"条码[]不存在","Result":null,"Context":{}}

【记录时间】2024-05-14 14:48:20,009
【描述】【AOI数据接口】设备编码：20085;板码：44-9743518E003CJ00KGA9BAFF2CT0;MES结果：{"Success":false,"Message":"条码[]不存在","Result":null,"Context":{}}

【记录时间】2024-05-14 14:48:20,264
【描述】【AOI数据接口】设备编码：20085;板码：44-9743518E003CJ00K5A9BAFF2CT0;MES结果：{"Success":false,"Message":"条码[]不存在","Result":null,"Context":{}}

【记录时间】2024-05-14 14:48:20,591
【描述】【AOI数据接口】设备编码：20085;板码：44-9743518E003CJ00K6A9BAFF2CT0;MES结果：{"Success":false,"Message":"条码[]不存在","Result":null,"Context":{}}

【记录时间】2024-05-14 14:48:21,130
【描述】【AOI数据接口】设备编码：20085;板码：44-9743518E003CJ00K7A9BAFF2CT0;MES结果：{"Success":false,"Message":"条码[]不存在","Result":null,"Context":{}}

【记录时间】2024-05-14 14:48:21,551
【描述】【AOI数据接口】设备编码：20085;板码：44-9743518E003CJ00K8A9BAFF2CT0;MES结果：{"Success":false,"Message":"条码[]不存在","Result":null,"Context":{}}

【记录时间】2024-05-14 14:49:22,866
【描述】【AOI数据接口】设备编码：20085;板码：44-9743518E003CJ00KCA9BAFF2CT0;MES结果：{"Success":false,"Message":"条码[]不存在","Result":null,"Context":{}}

【记录时间】2024-05-14 14:49:23,978
【描述】【AOI数据接口】设备编码：20085;板码：44-9743518E003CJ00KBA9BAFF2CT0;MES结果：{"Success":false,"Message":"条码[]不存在","Result":null,"Context":{}}

【记录时间】2024-05-14 14:49:24,272
【描述】【AOI数据接口】设备编码：20085;板码：44-9743518E003CJ00KAA9BAFF2CT0;MES结果：{"Success":false,"Message":"条码[]不存在","Result":null,"Context":{}}

【记录时间】2024-05-14 14:49:24,540
【描述】【AOI数据接口】设备编码：20085;板码：44-9743518E003CJ00K9A9BAFF2CT0;MES结果：{"Success":false,"Message":"条码[]不存在","Result":null,"Context":{}}

【记录时间】2024-05-14 14:49:24,799
【描述】【AOI数据接口】设备编码：20085;板码：44-9743518E003CJ00K4A9BAFF2CT0;MES结果：{"Success":false,"Message":"条码[]不存在","Result":null,"Context":{}}

【记录时间】2024-05-14 14:49:25,089
【描述】【AOI数据接口】设备编码：20085;板码：44-9743518E003CJ00K3A9BAFF2CT0;MES结果：{"Success":false,"Message":"条码[]不存在","Result":null,"Context":{}}

【记录时间】2024-05-14 14:49:25,348
【描述】【AOI数据接口】设备编码：20085;板码：44-9743518E003CJ00K2A9BAFF2CT0;MES结果：{"Success":false,"Message":"条码[]不存在","Result":null,"Context":{}}

【记录时间】2024-05-14 14:49:25,631
【描述】【AOI数据接口】设备编码：20085;板码：44-9743518E003CJ00K1A9BAFF2CT0;MES结果：{"Success":false,"Message":"条码[]不存在","Result":null,"Context":{}}

【记录时间】2024-05-14 14:49:25,928
【描述】【AOI数据接口】设备编码：20085;板码：44-9743518E003CJ00KDA9BAFF2CT0;MES结果：{"Success":false,"Message":"条码[]不存在","Result":null,"Context":{}}

【记录时间】2024-05-14 14:49:26,252
【描述】【AOI数据接口】设备编码：20085;板码：44-9743518E003CJ00KEA9BAFF2CT0;MES结果：{"Success":false,"Message":"条码[]不存在","Result":null,"Context":{}}

【记录时间】2024-05-14 14:49:26,589
【描述】【AOI数据接口】设备编码：20085;板码：44-9743518E003CJ00KFA9BAFF2CT0;MES结果：{"Success":false,"Message":"条码[]不存在","Result":null,"Context":{}}

【记录时间】2024-05-14 14:49:26,852
【描述】【AOI数据接口】设备编码：20085;板码：44-9743518E003CJ00KGA9BAFF2CT0;MES结果：{"Success":false,"Message":"条码[]不存在","Result":null,"Context":{}}

【记录时间】2024-05-14 14:49:26,993
【描述】【AOI数据接口】设备编码：20085;板码：44-9743518E003CJ00K5A9BAFF2CT0;MES结果：{"Success":false,"Message":"条码[]不存在","Result":null,"Context":{}}

【记录时间】2024-05-14 14:49:27,270
【描述】【AOI数据接口】设备编码：20085;板码：44-9743518E003CJ00K6A9BAFF2CT0;MES结果：{"Success":false,"Message":"条码[]不存在","Result":null,"Context":{}}

【记录时间】2024-05-14 14:49:27,515
【描述】【AOI数据接口】设备编码：20085;板码：44-9743518E003CJ00K7A9BAFF2CT0;MES结果：{"Success":false,"Message":"条码[]不存在","Result":null,"Context":{}}

【记录时间】2024-05-14 14:49:28,023
【描述】【AOI数据接口】设备编码：20085;板码：44-9743518E003CJ00K8A9BAFF2CT0;MES结果：{"Success":false,"Message":"条码[]不存在","Result":null,"Context":{}}

【记录时间】2024-05-14 14:49:45,640
【描述】【AOI数据接口】设备编码：20085;板码：44-9743518E003CJ00KCA9BAFF2CT0;MES结果：{"Success":false,"Message":"条码[]不存在","Result":null,"Context":{}}

【记录时间】2024-05-14 14:49:46,792
【描述】【AOI数据接口】设备编码：20085;板码：44-9743518E003CJ00KBA9BAFF2CT0;MES结果：{"Success":false,"Message":"条码[]不存在","Result":null,"Context":{}}

【记录时间】2024-05-14 14:49:47,164
【描述】【AOI数据接口】设备编码：20085;板码：44-9743518E003CJ00KAA9BAFF2CT0;MES结果：{"Success":false,"Message":"条码[]不存在","Result":null,"Context":{}}

【记录时间】2024-05-14 14:49:47,372
【描述】【AOI数据接口】设备编码：20085;板码：44-9743518E003CJ00K9A9BAFF2CT0;MES结果：{"Success":false,"Message":"条码[]不存在","Result":null,"Context":{}}

【记录时间】2024-05-14 14:49:47,572
【描述】【AOI数据接口】设备编码：20085;板码：44-9743518E003CJ00K4A9BAFF2CT0;MES结果：{"Success":false,"Message":"条码[]不存在","Result":null,"Context":{}}

【记录时间】2024-05-14 14:49:47,900
【描述】【AOI数据接口】设备编码：20085;板码：44-9743518E003CJ00K3A9BAFF2CT0;MES结果：{"Success":false,"Message":"条码[]不存在","Result":null,"Context":{}}

【记录时间】2024-05-14 14:49:48,090
【描述】【AOI数据接口】设备编码：20085;板码：44-9743518E003CJ00K2A9BAFF2CT0;MES结果：{"Success":false,"Message":"条码[]不存在","Result":null,"Context":{}}

【记录时间】2024-05-14 14:49:48,318
【描述】【AOI数据接口】设备编码：20085;板码：44-9743518E003CJ00K1A9BAFF2CT0;MES结果：{"Success":false,"Message":"条码[]不存在","Result":null,"Context":{}}

【记录时间】2024-05-14 14:49:48,615
【描述】【AOI数据接口】设备编码：20085;板码：44-9743518E003CJ00KDA9BAFF2CT0;MES结果：{"Success":false,"Message":"条码[]不存在","Result":null,"Context":{}}

【记录时间】2024-05-14 14:49:48,810
【描述】【AOI数据接口】设备编码：20085;板码：44-9743518E003CJ00KEA9BAFF2CT0;MES结果：{"Success":false,"Message":"条码[]不存在","Result":null,"Context":{}}

【记录时间】2024-05-14 14:49:49,055
【描述】【AOI数据接口】设备编码：20085;板码：44-9743518E003CJ00KFA9BAFF2CT0;MES结果：{"Success":false,"Message":"条码[]不存在","Result":null,"Context":{}}

【记录时间】2024-05-14 14:49:49,373
【描述】【AOI数据接口】设备编码：20085;板码：44-9743518E003CJ00KGA9BAFF2CT0;MES结果：{"Success":false,"Message":"条码[]不存在","Result":null,"Context":{}}

【记录时间】2024-05-14 14:49:49,621
【描述】【AOI数据接口】设备编码：20085;板码：44-9743518E003CJ00K5A9BAFF2CT0;MES结果：{"Success":false,"Message":"条码[]不存在","Result":null,"Context":{}}

【记录时间】2024-05-14 14:49:49,985
【描述】【AOI数据接口】设备编码：20085;板码：44-9743518E003CJ00K6A9BAFF2CT0;MES结果：{"Success":false,"Message":"条码[]不存在","Result":null,"Context":{}}

【记录时间】2024-05-14 14:49:50,271
【描述】【AOI数据接口】设备编码：20085;板码：44-9743518E003CJ00K7A9BAFF2CT0;MES结果：{"Success":false,"Message":"条码[]不存在","Result":null,"Context":{}}

【记录时间】2024-05-14 14:49:50,757
【描述】【AOI数据接口】设备编码：20085;板码：44-9743518E003CJ00K8A9BAFF2CT0;MES结果：{"Success":false,"Message":"条码[]不存在","Result":null,"Context":{}}

【记录时间】2024-05-14 14:53:10,646
【描述】【AOI数据接口】设备编码：20085;板码：44-9743518E003CJ00KCA9BAFF2CT0;MES结果：{"Success":false,"Message":"条码[]不存在","Result":null,"Context":{}}

【记录时间】2024-05-14 14:53:10,670
【描述】【AOI数据接口】设备编码：20085;板码：44-9743518E003CJ00KBA9BAFF2CT0;MES结果：{"Success":false,"Message":"条码[]不存在","Result":null,"Context":{}}

【记录时间】2024-05-14 14:53:10,683
【描述】【AOI数据接口】设备编码：20085;板码：44-9743518E003CJ00KAA9BAFF2CT0;MES结果：{"Success":false,"Message":"条码[]不存在","Result":null,"Context":{}}

【记录时间】2024-05-14 14:53:10,693
【描述】【AOI数据接口】设备编码：20085;板码：44-9743518E003CJ00K9A9BAFF2CT0;MES结果：{"Success":false,"Message":"条码[]不存在","Result":null,"Context":{}}

【记录时间】2024-05-14 14:53:10,702
【描述】【AOI数据接口】设备编码：20085;板码：44-9743518E003CJ00K4A9BAFF2CT0;MES结果：{"Success":false,"Message":"条码[]不存在","Result":null,"Context":{}}

【记录时间】2024-05-14 14:53:10,712
【描述】【AOI数据接口】设备编码：20085;板码：44-9743518E003CJ00K3A9BAFF2CT0;MES结果：{"Success":false,"Message":"条码[]不存在","Result":null,"Context":{}}

【记录时间】2024-05-14 14:53:10,722
【描述】【AOI数据接口】设备编码：20085;板码：44-9743518E003CJ00K2A9BAFF2CT0;MES结果：{"Success":false,"Message":"条码[]不存在","Result":null,"Context":{}}

【记录时间】2024-05-14 14:53:10,732
【描述】【AOI数据接口】设备编码：20085;板码：44-9743518E003CJ00K1A9BAFF2CT0;MES结果：{"Success":false,"Message":"条码[]不存在","Result":null,"Context":{}}

【记录时间】2024-05-14 14:53:10,742
【描述】【AOI数据接口】设备编码：20085;板码：44-9743518E003CJ00KDA9BAFF2CT0;MES结果：{"Success":false,"Message":"条码[]不存在","Result":null,"Context":{}}

【记录时间】2024-05-14 14:53:10,754
【描述】【AOI数据接口】设备编码：20085;板码：44-9743518E003CJ00KEA9BAFF2CT0;MES结果：{"Success":false,"Message":"条码[]不存在","Result":null,"Context":{}}

【记录时间】2024-05-14 14:53:10,778
【描述】【AOI数据接口】设备编码：20085;板码：44-9743518E003CJ00KFA9BAFF2CT0;MES结果：{"Success":false,"Message":"条码[]不存在","Result":null,"Context":{}}

【记录时间】2024-05-14 14:53:10,790
【描述】【AOI数据接口】设备编码：20085;板码：44-9743518E003CJ00KGA9BAFF2CT0;MES结果：{"Success":false,"Message":"条码[]不存在","Result":null,"Context":{}}

【记录时间】2024-05-14 14:53:10,800
【描述】【AOI数据接口】设备编码：20085;板码：44-9743518E003CJ00K5A9BAFF2CT0;MES结果：{"Success":false,"Message":"条码[]不存在","Result":null,"Context":{}}

【记录时间】2024-05-14 14:53:10,810
【描述】【AOI数据接口】设备编码：20085;板码：44-9743518E003CJ00K6A9BAFF2CT0;MES结果：{"Success":false,"Message":"条码[]不存在","Result":null,"Context":{}}

【记录时间】2024-05-14 14:53:10,820
【描述】【AOI数据接口】设备编码：20085;板码：44-9743518E003CJ00K7A9BAFF2CT0;MES结果：{"Success":false,"Message":"条码[]不存在","Result":null,"Context":{}}

【记录时间】2024-05-14 14:53:10,829
【描述】【AOI数据接口】设备编码：20085;板码：44-9743518E003CJ00K8A9BAFF2CT0;MES结果：{"Success":false,"Message":"条码[]不存在","Result":null,"Context":{}}

【记录时间】2024-05-14 14:53:54,735
【描述】【AOI数据接口】设备编码：20085;板码：44-9743518E003CJ00KCA9BAFF2CT0;MES结果：{"Success":false,"Message":"条码[]不存在","Result":null,"Context":{}}

【记录时间】2024-05-14 14:53:54,745
【描述】【AOI数据接口】设备编码：20085;板码：44-9743518E003CJ00KBA9BAFF2CT0;MES结果：{"Success":false,"Message":"条码[]不存在","Result":null,"Context":{}}

【记录时间】2024-05-14 14:53:54,760
【描述】【AOI数据接口】设备编码：20085;板码：44-9743518E003CJ00KAA9BAFF2CT0;MES结果：{"Success":false,"Message":"条码[]不存在","Result":null,"Context":{}}

【记录时间】2024-05-14 14:53:54,770
【描述】【AOI数据接口】设备编码：20085;板码：44-9743518E003CJ00K9A9BAFF2CT0;MES结果：{"Success":false,"Message":"条码[]不存在","Result":null,"Context":{}}

【记录时间】2024-05-14 14:53:54,782
【描述】【AOI数据接口】设备编码：20085;板码：44-9743518E003CJ00K4A9BAFF2CT0;MES结果：{"Success":false,"Message":"条码[]不存在","Result":null,"Context":{}}

【记录时间】2024-05-14 14:53:54,793
【描述】【AOI数据接口】设备编码：20085;板码：44-9743518E003CJ00K3A9BAFF2CT0;MES结果：{"Success":false,"Message":"条码[]不存在","Result":null,"Context":{}}

【记录时间】2024-05-14 14:53:54,805
【描述】【AOI数据接口】设备编码：20085;板码：44-9743518E003CJ00K2A9BAFF2CT0;MES结果：{"Success":false,"Message":"条码[]不存在","Result":null,"Context":{}}

【记录时间】2024-05-14 14:53:54,815
【描述】【AOI数据接口】设备编码：20085;板码：44-9743518E003CJ00K1A9BAFF2CT0;MES结果：{"Success":false,"Message":"条码[]不存在","Result":null,"Context":{}}

【记录时间】2024-05-14 14:53:54,826
【描述】【AOI数据接口】设备编码：20085;板码：44-9743518E003CJ00KDA9BAFF2CT0;MES结果：{"Success":false,"Message":"条码[]不存在","Result":null,"Context":{}}

【记录时间】2024-05-14 14:53:54,837
【描述】【AOI数据接口】设备编码：20085;板码：44-9743518E003CJ00KEA9BAFF2CT0;MES结果：{"Success":false,"Message":"条码[]不存在","Result":null,"Context":{}}

【记录时间】2024-05-14 14:53:54,847
【描述】【AOI数据接口】设备编码：20085;板码：44-9743518E003CJ00KFA9BAFF2CT0;MES结果：{"Success":false,"Message":"条码[]不存在","Result":null,"Context":{}}

【记录时间】2024-05-14 14:53:54,857
【描述】【AOI数据接口】设备编码：20085;板码：44-9743518E003CJ00KGA9BAFF2CT0;MES结果：{"Success":false,"Message":"条码[]不存在","Result":null,"Context":{}}

【记录时间】2024-05-14 14:53:54,867
【描述】【AOI数据接口】设备编码：20085;板码：44-9743518E003CJ00K5A9BAFF2CT0;MES结果：{"Success":false,"Message":"条码[]不存在","Result":null,"Context":{}}

【记录时间】2024-05-14 14:53:54,877
【描述】【AOI数据接口】设备编码：20085;板码：44-9743518E003CJ00K6A9BAFF2CT0;MES结果：{"Success":false,"Message":"条码[]不存在","Result":null,"Context":{}}

【记录时间】2024-05-14 14:53:54,888
【描述】【AOI数据接口】设备编码：20085;板码：44-9743518E003CJ00K7A9BAFF2CT0;MES结果：{"Success":false,"Message":"条码[]不存在","Result":null,"Context":{}}

【记录时间】2024-05-14 14:53:54,899
【描述】【AOI数据接口】设备编码：20085;板码：44-9743518E003CJ00K8A9BAFF2CT0;MES结果：{"Success":false,"Message":"条码[]不存在","Result":null,"Context":{}}

【记录时间】2024-05-14 14:54:07,019
【描述】【AOI数据接口】设备编码：20085;板码：44-9743518E003CJ00KCA9BAFF2CT0;MES结果：{"Success":false,"Message":"条码[]不存在","Result":null,"Context":{}}

【记录时间】2024-05-14 14:54:07,030
【描述】【AOI数据接口】设备编码：20085;板码：44-9743518E003CJ00KBA9BAFF2CT0;MES结果：{"Success":false,"Message":"条码[]不存在","Result":null,"Context":{}}

【记录时间】2024-05-14 14:54:07,040
【描述】【AOI数据接口】设备编码：20085;板码：44-9743518E003CJ00KAA9BAFF2CT0;MES结果：{"Success":false,"Message":"条码[]不存在","Result":null,"Context":{}}

【记录时间】2024-05-14 14:54:07,055
【描述】【AOI数据接口】设备编码：20085;板码：44-9743518E003CJ00K9A9BAFF2CT0;MES结果：{"Success":false,"Message":"条码[]不存在","Result":null,"Context":{}}

【记录时间】2024-05-14 14:54:07,064
【描述】【AOI数据接口】设备编码：20085;板码：44-9743518E003CJ00K4A9BAFF2CT0;MES结果：{"Success":false,"Message":"条码[]不存在","Result":null,"Context":{}}

【记录时间】2024-05-14 14:54:07,074
【描述】【AOI数据接口】设备编码：20085;板码：44-9743518E003CJ00K3A9BAFF2CT0;MES结果：{"Success":false,"Message":"条码[]不存在","Result":null,"Context":{}}

【记录时间】2024-05-14 14:54:07,085
【描述】【AOI数据接口】设备编码：20085;板码：44-9743518E003CJ00K2A9BAFF2CT0;MES结果：{"Success":false,"Message":"条码[]不存在","Result":null,"Context":{}}

【记录时间】2024-05-14 14:54:07,095
【描述】【AOI数据接口】设备编码：20085;板码：44-9743518E003CJ00K1A9BAFF2CT0;MES结果：{"Success":false,"Message":"条码[]不存在","Result":null,"Context":{}}

【记录时间】2024-05-14 14:54:07,104
【描述】【AOI数据接口】设备编码：20085;板码：44-9743518E003CJ00KDA9BAFF2CT0;MES结果：{"Success":false,"Message":"条码[]不存在","Result":null,"Context":{}}

【记录时间】2024-05-14 14:54:07,113
【描述】【AOI数据接口】设备编码：20085;板码：44-9743518E003CJ00KEA9BAFF2CT0;MES结果：{"Success":false,"Message":"条码[]不存在","Result":null,"Context":{}}

【记录时间】2024-05-14 14:54:07,123
【描述】【AOI数据接口】设备编码：20085;板码：44-9743518E003CJ00KFA9BAFF2CT0;MES结果：{"Success":false,"Message":"条码[]不存在","Result":null,"Context":{}}

【记录时间】2024-05-14 14:54:07,133
【描述】【AOI数据接口】设备编码：20085;板码：44-9743518E003CJ00KGA9BAFF2CT0;MES结果：{"Success":false,"Message":"条码[]不存在","Result":null,"Context":{}}

【记录时间】2024-05-14 14:54:07,143
【描述】【AOI数据接口】设备编码：20085;板码：44-9743518E003CJ00K5A9BAFF2CT0;MES结果：{"Success":false,"Message":"条码[]不存在","Result":null,"Context":{}}

【记录时间】2024-05-14 14:54:07,153
【描述】【AOI数据接口】设备编码：20085;板码：44-9743518E003CJ00K6A9BAFF2CT0;MES结果：{"Success":false,"Message":"条码[]不存在","Result":null,"Context":{}}

【记录时间】2024-05-14 14:54:07,163
【描述】【AOI数据接口】设备编码：20085;板码：44-9743518E003CJ00K7A9BAFF2CT0;MES结果：{"Success":false,"Message":"条码[]不存在","Result":null,"Context":{}}

【记录时间】2024-05-14 14:54:07,173
【描述】【AOI数据接口】设备编码：20085;板码：44-9743518E003CJ00K8A9BAFF2CT0;MES结果：{"Success":false,"Message":"条码[]不存在","Result":null,"Context":{}}

【记录时间】2024-05-14 14:56:27,229
【描述】【AOI数据接口】设备编码：20085;板码：44-9743518E003CJ00KCA9BAFF2CT0;MES结果：{"Success":false,"Message":"条码[]不存在","Result":null,"Context":{}}

【记录时间】2024-05-14 14:56:28,282
【描述】【AOI数据接口】设备编码：20085;板码：44-9743518E003CJ00KBA9BAFF2CT0;MES结果：{"Success":false,"Message":"条码[]不存在","Result":null,"Context":{}}

【记录时间】2024-05-14 14:56:28,621
【描述】【AOI数据接口】设备编码：20085;板码：44-9743518E003CJ00KAA9BAFF2CT0;MES结果：{"Success":false,"Message":"条码[]不存在","Result":null,"Context":{}}

【记录时间】2024-05-14 14:56:29,033
【描述】【AOI数据接口】设备编码：20085;板码：44-9743518E003CJ00K9A9BAFF2CT0;MES结果：{"Success":false,"Message":"条码[]不存在","Result":null,"Context":{}}

【记录时间】2024-05-14 14:56:29,369
【描述】【AOI数据接口】设备编码：20085;板码：44-9743518E003CJ00K4A9BAFF2CT0;MES结果：{"Success":false,"Message":"条码[]不存在","Result":null,"Context":{}}

【记录时间】2024-05-14 14:56:30,071
【描述】【AOI数据接口】设备编码：20085;板码：44-9743518E003CJ00K3A9BAFF2CT0;MES结果：{"Success":false,"Message":"条码[]不存在","Result":null,"Context":{}}

【记录时间】2024-05-14 14:56:30,565
【描述】【AOI数据接口】设备编码：20085;板码：44-9743518E003CJ00K2A9BAFF2CT0;MES结果：{"Success":false,"Message":"条码[]不存在","Result":null,"Context":{}}

【记录时间】2024-05-14 14:56:31,108
【描述】【AOI数据接口】设备编码：20085;板码：44-9743518E003CJ00K1A9BAFF2CT0;MES结果：{"Success":false,"Message":"条码[]不存在","Result":null,"Context":{}}

【记录时间】2024-05-14 14:56:31,649
【描述】【AOI数据接口】设备编码：20085;板码：44-9743518E003CJ00KDA9BAFF2CT0;MES结果：{"Success":false,"Message":"条码[]不存在","Result":null,"Context":{}}

【记录时间】2024-05-14 14:56:32,301
【描述】【AOI数据接口】设备编码：20085;板码：44-9743518E003CJ00KEA9BAFF2CT0;MES结果：{"Success":false,"Message":"条码[]不存在","Result":null,"Context":{}}

【记录时间】2024-05-14 14:56:32,823
【描述】【AOI数据接口】设备编码：20085;板码：44-9743518E003CJ00KFA9BAFF2CT0;MES结果：{"Success":false,"Message":"条码[]不存在","Result":null,"Context":{}}

【记录时间】2024-05-14 14:56:33,294
【描述】【AOI数据接口】设备编码：20085;板码：44-9743518E003CJ00KGA9BAFF2CT0;MES结果：{"Success":false,"Message":"条码[]不存在","Result":null,"Context":{}}

【记录时间】2024-05-14 14:56:33,774
【描述】【AOI数据接口】设备编码：20085;板码：44-9743518E003CJ00K5A9BAFF2CT0;MES结果：{"Success":false,"Message":"条码[]不存在","Result":null,"Context":{}}

【记录时间】2024-05-14 14:56:34,213
【描述】【AOI数据接口】设备编码：20085;板码：44-9743518E003CJ00K6A9BAFF2CT0;MES结果：{"Success":false,"Message":"条码[]不存在","Result":null,"Context":{}}

【记录时间】2024-05-14 14:56:34,638
【描述】【AOI数据接口】设备编码：20085;板码：44-9743518E003CJ00K7A9BAFF2CT0;MES结果：{"Success":false,"Message":"条码[]不存在","Result":null,"Context":{}}

【记录时间】2024-05-14 14:56:35,312
【描述】【AOI数据接口】设备编码：20085;板码：44-9743518E003CJ00K8A9BAFF2CT0;MES结果：{"Success":false,"Message":"条码[]不存在","Result":null,"Context":{}}

【记录时间】2024-05-14 14:56:44,373
【描述】【AOI数据接口】设备编码：20085;板码：44-9743518E003CJ00KCA9BAFF2CT0;MES结果：{"Success":false,"Message":"条码[]不存在","Result":null,"Context":{}}

【记录时间】2024-05-14 14:56:45,452
【描述】【AOI数据接口】设备编码：20085;板码：44-9743518E003CJ00KBA9BAFF2CT0;MES结果：{"Success":false,"Message":"条码[]不存在","Result":null,"Context":{}}

【记录时间】2024-05-14 14:56:45,808
【描述】【AOI数据接口】设备编码：20085;板码：44-9743518E003CJ00KAA9BAFF2CT0;MES结果：{"Success":false,"Message":"条码[]不存在","Result":null,"Context":{}}

【记录时间】2024-05-14 14:56:46,147
【描述】【AOI数据接口】设备编码：20085;板码：44-9743518E003CJ00K9A9BAFF2CT0;MES结果：{"Success":false,"Message":"条码[]不存在","Result":null,"Context":{}}

【记录时间】2024-05-14 14:56:46,470
【描述】【AOI数据接口】设备编码：20085;板码：44-9743518E003CJ00K4A9BAFF2CT0;MES结果：{"Success":false,"Message":"条码[]不存在","Result":null,"Context":{}}

【记录时间】2024-05-14 14:56:46,863
【描述】【AOI数据接口】设备编码：20085;板码：44-9743518E003CJ00K3A9BAFF2CT0;MES结果：{"Success":false,"Message":"条码[]不存在","Result":null,"Context":{}}

【记录时间】2024-05-14 14:56:47,215
【描述】【AOI数据接口】设备编码：20085;板码：44-9743518E003CJ00K2A9BAFF2CT0;MES结果：{"Success":false,"Message":"条码[]不存在","Result":null,"Context":{}}

【记录时间】2024-05-14 14:56:48,081
【描述】【AOI数据接口】设备编码：20085;板码：44-9743518E003CJ00K1A9BAFF2CT0;MES结果：{"Success":false,"Message":"条码[]不存在","Result":null,"Context":{}}

【记录时间】2024-05-14 14:56:48,697
【描述】【AOI数据接口】设备编码：20085;板码：44-9743518E003CJ00KDA9BAFF2CT0;MES结果：{"Success":false,"Message":"条码[]不存在","Result":null,"Context":{}}

【记录时间】2024-05-14 14:56:49,167
【描述】【AOI数据接口】设备编码：20085;板码：44-9743518E003CJ00KEA9BAFF2CT0;MES结果：{"Success":false,"Message":"条码[]不存在","Result":null,"Context":{}}

【记录时间】2024-05-14 14:56:49,637
【描述】【AOI数据接口】设备编码：20085;板码：44-9743518E003CJ00KFA9BAFF2CT0;MES结果：{"Success":false,"Message":"条码[]不存在","Result":null,"Context":{}}

【记录时间】2024-05-14 14:56:50,256
【描述】【AOI数据接口】设备编码：20085;板码：44-9743518E003CJ00KGA9BAFF2CT0;MES结果：{"Success":false,"Message":"条码[]不存在","Result":null,"Context":{}}

【记录时间】2024-05-14 14:56:50,638
【描述】【AOI数据接口】设备编码：20085;板码：44-9743518E003CJ00K5A9BAFF2CT0;MES结果：{"Success":false,"Message":"条码[]不存在","Result":null,"Context":{}}

【记录时间】2024-05-14 14:56:51,152
【描述】【AOI数据接口】设备编码：20085;板码：44-9743518E003CJ00K6A9BAFF2CT0;MES结果：{"Success":false,"Message":"条码[]不存在","Result":null,"Context":{}}

【记录时间】2024-05-14 14:56:51,644
【描述】【AOI数据接口】设备编码：20085;板码：44-9743518E003CJ00K7A9BAFF2CT0;MES结果：{"Success":false,"Message":"条码[]不存在","Result":null,"Context":{}}

【记录时间】2024-05-14 14:56:52,034
【描述】【AOI数据接口】设备编码：20085;板码：44-9743518E003CJ00K8A9BAFF2CT0;MES结果：{"Success":false,"Message":"条码[]不存在","Result":null,"Context":{}}

【记录时间】2024-05-14 15:01:46,881
【描述】【AOI数据接口】设备编码：20085;板码：44-9743518E003CJ00KCA9BAFF2CT0;MES结果：{"Success":false,"Message":"条码[]不存在","Result":null,"Context":{}}

【记录时间】2024-05-14 15:01:48,227
【描述】【AOI数据接口】设备编码：20085;板码：44-9743518E003CJ00KBA9BAFF2CT0;MES结果：{"Success":false,"Message":"条码[]不存在","Result":null,"Context":{}}

【记录时间】2024-05-14 15:01:48,488
【描述】【AOI数据接口】设备编码：20085;板码：44-9743518E003CJ00KAA9BAFF2CT0;MES结果：{"Success":false,"Message":"条码[]不存在","Result":null,"Context":{}}

【记录时间】2024-05-14 15:01:48,765
【描述】【AOI数据接口】设备编码：20085;板码：44-9743518E003CJ00K9A9BAFF2CT0;MES结果：{"Success":false,"Message":"条码[]不存在","Result":null,"Context":{}}

【记录时间】2024-05-14 15:01:49,052
【描述】【AOI数据接口】设备编码：20085;板码：44-9743518E003CJ00K4A9BAFF2CT0;MES结果：{"Success":false,"Message":"条码[]不存在","Result":null,"Context":{}}

【记录时间】2024-05-14 15:01:49,364
【描述】【AOI数据接口】设备编码：20085;板码：44-9743518E003CJ00K3A9BAFF2CT0;MES结果：{"Success":false,"Message":"条码[]不存在","Result":null,"Context":{}}

【记录时间】2024-05-14 15:01:49,754
【描述】【AOI数据接口】设备编码：20085;板码：44-9743518E003CJ00K2A9BAFF2CT0;MES结果：{"Success":false,"Message":"条码[]不存在","Result":null,"Context":{}}

【记录时间】2024-05-14 15:01:50,107
【描述】【AOI数据接口】设备编码：20085;板码：44-9743518E003CJ00K1A9BAFF2CT0;MES结果：{"Success":false,"Message":"条码[]不存在","Result":null,"Context":{}}

【记录时间】2024-05-14 15:01:50,490
【描述】【AOI数据接口】设备编码：20085;板码：44-9743518E003CJ00KDA9BAFF2CT0;MES结果：{"Success":false,"Message":"条码[]不存在","Result":null,"Context":{}}

【记录时间】2024-05-14 15:01:50,824
【描述】【AOI数据接口】设备编码：20085;板码：44-9743518E003CJ00KEA9BAFF2CT0;MES结果：{"Success":false,"Message":"条码[]不存在","Result":null,"Context":{}}

【记录时间】2024-05-14 15:01:51,255
【描述】【AOI数据接口】设备编码：20085;板码：44-9743518E003CJ00KFA9BAFF2CT0;MES结果：{"Success":false,"Message":"条码[]不存在","Result":null,"Context":{}}

【记录时间】2024-05-14 15:01:51,697
【描述】【AOI数据接口】设备编码：20085;板码：44-9743518E003CJ00KGA9BAFF2CT0;MES结果：{"Success":false,"Message":"条码[]不存在","Result":null,"Context":{}}

【记录时间】2024-05-14 15:01:52,145
【描述】【AOI数据接口】设备编码：20085;板码：44-9743518E003CJ00K5A9BAFF2CT0;MES结果：{"Success":false,"Message":"条码[]不存在","Result":null,"Context":{}}

【记录时间】2024-05-14 15:01:52,536
【描述】【AOI数据接口】设备编码：20085;板码：44-9743518E003CJ00K6A9BAFF2CT0;MES结果：{"Success":false,"Message":"条码[]不存在","Result":null,"Context":{}}

【记录时间】2024-05-14 15:01:52,967
【描述】【AOI数据接口】设备编码：20085;板码：44-9743518E003CJ00K7A9BAFF2CT0;MES结果：{"Success":false,"Message":"条码[]不存在","Result":null,"Context":{}}

【记录时间】2024-05-14 15:01:53,472
【描述】【AOI数据接口】设备编码：20085;板码：44-9743518E003CJ00K8A9BAFF2CT0;MES结果：{"Success":false,"Message":"条码[]不存在","Result":null,"Context":{}}

【记录时间】2024-05-14 15:02:50,482
【描述】【AOI数据接口】设备编码：20085;板码：44-9743518E003CJ00KCA9BAFF2CT0;MES结果：{"Success":false,"Message":"条码[]不存在","Result":null,"Context":{}}

【记录时间】2024-05-14 15:02:50,503
【描述】【AOI数据接口】设备编码：20085;板码：44-9743518E003CJ00KBA9BAFF2CT0;MES结果：{"Success":false,"Message":"条码[]不存在","Result":null,"Context":{}}

【记录时间】2024-05-14 15:02:50,514
【描述】【AOI数据接口】设备编码：20085;板码：44-9743518E003CJ00KAA9BAFF2CT0;MES结果：{"Success":false,"Message":"条码[]不存在","Result":null,"Context":{}}

【记录时间】2024-05-14 15:02:50,526
【描述】【AOI数据接口】设备编码：20085;板码：44-9743518E003CJ00K9A9BAFF2CT0;MES结果：{"Success":false,"Message":"条码[]不存在","Result":null,"Context":{}}

【记录时间】2024-05-14 15:02:50,537
【描述】【AOI数据接口】设备编码：20085;板码：44-9743518E003CJ00K4A9BAFF2CT0;MES结果：{"Success":false,"Message":"条码[]不存在","Result":null,"Context":{}}

【记录时间】2024-05-14 15:02:50,555
【描述】【AOI数据接口】设备编码：20085;板码：44-9743518E003CJ00K3A9BAFF2CT0;MES结果：{"Success":false,"Message":"条码[]不存在","Result":null,"Context":{}}

【记录时间】2024-05-14 15:02:50,565
【描述】【AOI数据接口】设备编码：20085;板码：44-9743518E003CJ00K2A9BAFF2CT0;MES结果：{"Success":false,"Message":"条码[]不存在","Result":null,"Context":{}}

【记录时间】2024-05-14 15:02:50,577
【描述】【AOI数据接口】设备编码：20085;板码：44-9743518E003CJ00K1A9BAFF2CT0;MES结果：{"Success":false,"Message":"条码[]不存在","Result":null,"Context":{}}

【记录时间】2024-05-14 15:02:50,594
【描述】【AOI数据接口】设备编码：20085;板码：44-9743518E003CJ00KDA9BAFF2CT0;MES结果：{"Success":false,"Message":"条码[]不存在","Result":null,"Context":{}}

【记录时间】2024-05-14 15:02:50,607
【描述】【AOI数据接口】设备编码：20085;板码：44-9743518E003CJ00KEA9BAFF2CT0;MES结果：{"Success":false,"Message":"条码[]不存在","Result":null,"Context":{}}

【记录时间】2024-05-14 15:02:50,617
【描述】【AOI数据接口】设备编码：20085;板码：44-9743518E003CJ00KFA9BAFF2CT0;MES结果：{"Success":false,"Message":"条码[]不存在","Result":null,"Context":{}}

【记录时间】2024-05-14 15:02:50,626
【描述】【AOI数据接口】设备编码：20085;板码：44-9743518E003CJ00KGA9BAFF2CT0;MES结果：{"Success":false,"Message":"条码[]不存在","Result":null,"Context":{}}

【记录时间】2024-05-14 15:02:50,638
【描述】【AOI数据接口】设备编码：20085;板码：44-9743518E003CJ00K5A9BAFF2CT0;MES结果：{"Success":false,"Message":"条码[]不存在","Result":null,"Context":{}}

【记录时间】2024-05-14 15:02:50,647
【描述】【AOI数据接口】设备编码：20085;板码：44-9743518E003CJ00K6A9BAFF2CT0;MES结果：{"Success":false,"Message":"条码[]不存在","Result":null,"Context":{}}

【记录时间】2024-05-14 15:02:50,659
【描述】【AOI数据接口】设备编码：20085;板码：44-9743518E003CJ00K7A9BAFF2CT0;MES结果：{"Success":false,"Message":"条码[]不存在","Result":null,"Context":{}}

【记录时间】2024-05-14 15:02:50,670
【描述】【AOI数据接口】设备编码：20085;板码：44-9743518E003CJ00K8A9BAFF2CT0;MES结果：{"Success":false,"Message":"条码[]不存在","Result":null,"Context":{}}

【记录时间】2024-05-14 15:03:04,994
【描述】【AOI数据接口】设备编码：20085;板码：44-9743518E003CJ00KCA9BAFF2CT0;MES结果：{"Success":false,"Message":"条码[]不存在","Result":null,"Context":{}}

【记录时间】2024-05-14 15:03:05,005
【描述】【AOI数据接口】设备编码：20085;板码：44-9743518E003CJ00KBA9BAFF2CT0;MES结果：{"Success":false,"Message":"条码[]不存在","Result":null,"Context":{}}

【记录时间】2024-05-14 15:03:05,015
【描述】【AOI数据接口】设备编码：20085;板码：44-9743518E003CJ00KAA9BAFF2CT0;MES结果：{"Success":false,"Message":"条码[]不存在","Result":null,"Context":{}}

【记录时间】2024-05-14 15:03:05,023
【描述】【AOI数据接口】设备编码：20085;板码：44-9743518E003CJ00K9A9BAFF2CT0;MES结果：{"Success":false,"Message":"条码[]不存在","Result":null,"Context":{}}

【记录时间】2024-05-14 15:03:05,033
【描述】【AOI数据接口】设备编码：20085;板码：44-9743518E003CJ00K4A9BAFF2CT0;MES结果：{"Success":false,"Message":"条码[]不存在","Result":null,"Context":{}}

【记录时间】2024-05-14 15:03:05,044
【描述】【AOI数据接口】设备编码：20085;板码：44-9743518E003CJ00K3A9BAFF2CT0;MES结果：{"Success":false,"Message":"条码[]不存在","Result":null,"Context":{}}

【记录时间】2024-05-14 15:03:05,053
【描述】【AOI数据接口】设备编码：20085;板码：44-9743518E003CJ00K2A9BAFF2CT0;MES结果：{"Success":false,"Message":"条码[]不存在","Result":null,"Context":{}}

【记录时间】2024-05-14 15:03:05,064
【描述】【AOI数据接口】设备编码：20085;板码：44-9743518E003CJ00K1A9BAFF2CT0;MES结果：{"Success":false,"Message":"条码[]不存在","Result":null,"Context":{}}

【记录时间】2024-05-14 15:03:05,076
【描述】【AOI数据接口】设备编码：20085;板码：44-9743518E003CJ00KDA9BAFF2CT0;MES结果：{"Success":false,"Message":"条码[]不存在","Result":null,"Context":{}}

【记录时间】2024-05-14 15:03:05,097
【描述】【AOI数据接口】设备编码：20085;板码：44-9743518E003CJ00KEA9BAFF2CT0;MES结果：{"Success":false,"Message":"条码[]不存在","Result":null,"Context":{}}

【记录时间】2024-05-14 15:03:05,109
【描述】【AOI数据接口】设备编码：20085;板码：44-9743518E003CJ00KFA9BAFF2CT0;MES结果：{"Success":false,"Message":"条码[]不存在","Result":null,"Context":{}}

【记录时间】2024-05-14 15:03:05,121
【描述】【AOI数据接口】设备编码：20085;板码：44-9743518E003CJ00KGA9BAFF2CT0;MES结果：{"Success":false,"Message":"条码[]不存在","Result":null,"Context":{}}

【记录时间】2024-05-14 15:03:05,139
【描述】【AOI数据接口】设备编码：20085;板码：44-9743518E003CJ00K5A9BAFF2CT0;MES结果：{"Success":false,"Message":"条码[]不存在","Result":null,"Context":{}}

【记录时间】2024-05-14 15:03:05,150
【描述】【AOI数据接口】设备编码：20085;板码：44-9743518E003CJ00K6A9BAFF2CT0;MES结果：{"Success":false,"Message":"条码[]不存在","Result":null,"Context":{}}

【记录时间】2024-05-14 15:03:05,167
【描述】【AOI数据接口】设备编码：20085;板码：44-9743518E003CJ00K7A9BAFF2CT0;MES结果：{"Success":false,"Message":"条码[]不存在","Result":null,"Context":{}}

【记录时间】2024-05-14 15:03:05,181
【描述】【AOI数据接口】设备编码：20085;板码：44-9743518E003CJ00K8A9BAFF2CT0;MES结果：{"Success":false,"Message":"条码[]不存在","Result":null,"Context":{}}

【记录时间】2024-05-14 15:03:24,043
【描述】【AOI数据接口】设备编码：20085;板码：44-9743518E003CJ00KCA9BAFF2CT0;MES结果：{"Success":false,"Message":"条码[]不存在","Result":null,"Context":{}}

【记录时间】2024-05-14 15:03:24,069
【描述】【AOI数据接口】设备编码：20085;板码：44-9743518E003CJ00KBA9BAFF2CT0;MES结果：{"Success":false,"Message":"条码[]不存在","Result":null,"Context":{}}

【记录时间】2024-05-14 15:03:24,081
【描述】【AOI数据接口】设备编码：20085;板码：44-9743518E003CJ00KAA9BAFF2CT0;MES结果：{"Success":false,"Message":"条码[]不存在","Result":null,"Context":{}}

【记录时间】2024-05-14 15:03:24,092
【描述】【AOI数据接口】设备编码：20085;板码：44-9743518E003CJ00K9A9BAFF2CT0;MES结果：{"Success":false,"Message":"条码[]不存在","Result":null,"Context":{}}

【记录时间】2024-05-14 15:03:24,104
【描述】【AOI数据接口】设备编码：20085;板码：44-9743518E003CJ00K4A9BAFF2CT0;MES结果：{"Success":false,"Message":"条码[]不存在","Result":null,"Context":{}}

【记录时间】2024-05-14 15:03:24,115
【描述】【AOI数据接口】设备编码：20085;板码：44-9743518E003CJ00K3A9BAFF2CT0;MES结果：{"Success":false,"Message":"条码[]不存在","Result":null,"Context":{}}

【记录时间】2024-05-14 15:03:24,127
【描述】【AOI数据接口】设备编码：20085;板码：44-9743518E003CJ00K2A9BAFF2CT0;MES结果：{"Success":false,"Message":"条码[]不存在","Result":null,"Context":{}}

【记录时间】2024-05-14 15:03:24,140
【描述】【AOI数据接口】设备编码：20085;板码：44-9743518E003CJ00K1A9BAFF2CT0;MES结果：{"Success":false,"Message":"条码[]不存在","Result":null,"Context":{}}

【记录时间】2024-05-14 15:03:24,160
【描述】【AOI数据接口】设备编码：20085;板码：44-9743518E003CJ00KDA9BAFF2CT0;MES结果：{"Success":false,"Message":"条码[]不存在","Result":null,"Context":{}}

【记录时间】2024-05-14 15:03:24,186
【描述】【AOI数据接口】设备编码：20085;板码：44-9743518E003CJ00KEA9BAFF2CT0;MES结果：{"Success":false,"Message":"条码[]不存在","Result":null,"Context":{}}

【记录时间】2024-05-14 15:03:24,200
【描述】【AOI数据接口】设备编码：20085;板码：44-9743518E003CJ00KFA9BAFF2CT0;MES结果：{"Success":false,"Message":"条码[]不存在","Result":null,"Context":{}}

【记录时间】2024-05-14 15:03:24,213
【描述】【AOI数据接口】设备编码：20085;板码：44-9743518E003CJ00KGA9BAFF2CT0;MES结果：{"Success":false,"Message":"条码[]不存在","Result":null,"Context":{}}

【记录时间】2024-05-14 15:03:24,226
【描述】【AOI数据接口】设备编码：20085;板码：44-9743518E003CJ00K5A9BAFF2CT0;MES结果：{"Success":false,"Message":"条码[]不存在","Result":null,"Context":{}}

【记录时间】2024-05-14 15:03:24,238
【描述】【AOI数据接口】设备编码：20085;板码：44-9743518E003CJ00K6A9BAFF2CT0;MES结果：{"Success":false,"Message":"条码[]不存在","Result":null,"Context":{}}

【记录时间】2024-05-14 15:03:24,250
【描述】【AOI数据接口】设备编码：20085;板码：44-9743518E003CJ00K7A9BAFF2CT0;MES结果：{"Success":false,"Message":"条码[]不存在","Result":null,"Context":{}}

【记录时间】2024-05-14 15:03:24,261
【描述】【AOI数据接口】设备编码：20085;板码：44-9743518E003CJ00K8A9BAFF2CT0;MES结果：{"Success":false,"Message":"条码[]不存在","Result":null,"Context":{}}

【记录时间】2024-05-14 15:03:48,907
【描述】【AOI数据接口】设备编码：20085;板码：44-9743518E003CJ00KCA9BAFF2CT0;MES结果：{"Success":false,"Message":"条码[]不存在","Result":null,"Context":{}}

【记录时间】2024-05-14 15:03:48,924
【描述】【AOI数据接口】设备编码：20085;板码：44-9743518E003CJ00KBA9BAFF2CT0;MES结果：{"Success":false,"Message":"条码[]不存在","Result":null,"Context":{}}

【记录时间】2024-05-14 15:03:48,936
【描述】【AOI数据接口】设备编码：20085;板码：44-9743518E003CJ00KAA9BAFF2CT0;MES结果：{"Success":false,"Message":"条码[]不存在","Result":null,"Context":{}}

【记录时间】2024-05-14 15:03:48,952
【描述】【AOI数据接口】设备编码：20085;板码：44-9743518E003CJ00K9A9BAFF2CT0;MES结果：{"Success":false,"Message":"条码[]不存在","Result":null,"Context":{}}

【记录时间】2024-05-14 15:03:48,962
【描述】【AOI数据接口】设备编码：20085;板码：44-9743518E003CJ00K4A9BAFF2CT0;MES结果：{"Success":false,"Message":"条码[]不存在","Result":null,"Context":{}}

【记录时间】2024-05-14 15:03:48,976
【描述】【AOI数据接口】设备编码：20085;板码：44-9743518E003CJ00K3A9BAFF2CT0;MES结果：{"Success":false,"Message":"条码[]不存在","Result":null,"Context":{}}

【记录时间】2024-05-14 15:03:49,006
【描述】【AOI数据接口】设备编码：20085;板码：44-9743518E003CJ00K2A9BAFF2CT0;MES结果：{"Success":false,"Message":"条码[]不存在","Result":null,"Context":{}}

【记录时间】2024-05-14 15:03:49,018
【描述】【AOI数据接口】设备编码：20085;板码：44-9743518E003CJ00K1A9BAFF2CT0;MES结果：{"Success":false,"Message":"条码[]不存在","Result":null,"Context":{}}

【记录时间】2024-05-14 15:03:49,032
【描述】【AOI数据接口】设备编码：20085;板码：44-9743518E003CJ00KDA9BAFF2CT0;MES结果：{"Success":false,"Message":"条码[]不存在","Result":null,"Context":{}}

【记录时间】2024-05-14 15:03:49,046
【描述】【AOI数据接口】设备编码：20085;板码：44-9743518E003CJ00KEA9BAFF2CT0;MES结果：{"Success":false,"Message":"条码[]不存在","Result":null,"Context":{}}

【记录时间】2024-05-14 15:03:49,064
【描述】【AOI数据接口】设备编码：20085;板码：44-9743518E003CJ00KFA9BAFF2CT0;MES结果：{"Success":false,"Message":"条码[]不存在","Result":null,"Context":{}}

【记录时间】2024-05-14 15:03:49,076
【描述】【AOI数据接口】设备编码：20085;板码：44-9743518E003CJ00KGA9BAFF2CT0;MES结果：{"Success":false,"Message":"条码[]不存在","Result":null,"Context":{}}

【记录时间】2024-05-14 15:03:49,088
【描述】【AOI数据接口】设备编码：20085;板码：44-9743518E003CJ00K5A9BAFF2CT0;MES结果：{"Success":false,"Message":"条码[]不存在","Result":null,"Context":{}}

【记录时间】2024-05-14 15:03:49,100
【描述】【AOI数据接口】设备编码：20085;板码：44-9743518E003CJ00K6A9BAFF2CT0;MES结果：{"Success":false,"Message":"条码[]不存在","Result":null,"Context":{}}

【记录时间】2024-05-14 15:03:49,110
【描述】【AOI数据接口】设备编码：20085;板码：44-9743518E003CJ00K7A9BAFF2CT0;MES结果：{"Success":false,"Message":"条码[]不存在","Result":null,"Context":{}}

【记录时间】2024-05-14 15:03:49,121
【描述】【AOI数据接口】设备编码：20085;板码：44-9743518E003CJ00K8A9BAFF2CT0;MES结果：{"Success":false,"Message":"条码[]不存在","Result":null,"Context":{}}

【记录时间】2024-05-14 15:03:59,500
【描述】【AOI数据接口】设备编码：20085;板码：44-9743518E003CJ00KCA9BAFF2CT0;MES结果：{"Success":false,"Message":"条码[]不存在","Result":null,"Context":{}}

【记录时间】2024-05-14 15:03:59,510
【描述】【AOI数据接口】设备编码：20085;板码：44-9743518E003CJ00KBA9BAFF2CT0;MES结果：{"Success":false,"Message":"条码[]不存在","Result":null,"Context":{}}

【记录时间】2024-05-14 15:03:59,520
【描述】【AOI数据接口】设备编码：20085;板码：44-9743518E003CJ00KAA9BAFF2CT0;MES结果：{"Success":false,"Message":"条码[]不存在","Result":null,"Context":{}}

【记录时间】2024-05-14 15:03:59,529
【描述】【AOI数据接口】设备编码：20085;板码：44-9743518E003CJ00K9A9BAFF2CT0;MES结果：{"Success":false,"Message":"条码[]不存在","Result":null,"Context":{}}

【记录时间】2024-05-14 15:03:59,540
【描述】【AOI数据接口】设备编码：20085;板码：44-9743518E003CJ00K4A9BAFF2CT0;MES结果：{"Success":false,"Message":"条码[]不存在","Result":null,"Context":{}}

【记录时间】2024-05-14 15:03:59,551
【描述】【AOI数据接口】设备编码：20085;板码：44-9743518E003CJ00K3A9BAFF2CT0;MES结果：{"Success":false,"Message":"条码[]不存在","Result":null,"Context":{}}

【记录时间】2024-05-14 15:03:59,562
【描述】【AOI数据接口】设备编码：20085;板码：44-9743518E003CJ00K2A9BAFF2CT0;MES结果：{"Success":false,"Message":"条码[]不存在","Result":null,"Context":{}}

【记录时间】2024-05-14 15:03:59,574
【描述】【AOI数据接口】设备编码：20085;板码：44-9743518E003CJ00K1A9BAFF2CT0;MES结果：{"Success":false,"Message":"条码[]不存在","Result":null,"Context":{}}

【记录时间】2024-05-14 15:03:59,587
【描述】【AOI数据接口】设备编码：20085;板码：44-9743518E003CJ00KDA9BAFF2CT0;MES结果：{"Success":false,"Message":"条码[]不存在","Result":null,"Context":{}}

【记录时间】2024-05-14 15:03:59,596
【描述】【AOI数据接口】设备编码：20085;板码：44-9743518E003CJ00KEA9BAFF2CT0;MES结果：{"Success":false,"Message":"条码[]不存在","Result":null,"Context":{}}

【记录时间】2024-05-14 15:03:59,612
【描述】【AOI数据接口】设备编码：20085;板码：44-9743518E003CJ00KFA9BAFF2CT0;MES结果：{"Success":false,"Message":"条码[]不存在","Result":null,"Context":{}}

【记录时间】2024-05-14 15:03:59,632
【描述】【AOI数据接口】设备编码：20085;板码：44-9743518E003CJ00KGA9BAFF2CT0;MES结果：{"Success":false,"Message":"条码[]不存在","Result":null,"Context":{}}

【记录时间】2024-05-14 15:03:59,654
【描述】【AOI数据接口】设备编码：20085;板码：44-9743518E003CJ00K5A9BAFF2CT0;MES结果：{"Success":false,"Message":"条码[]不存在","Result":null,"Context":{}}

【记录时间】2024-05-14 15:03:59,669
【描述】【AOI数据接口】设备编码：20085;板码：44-9743518E003CJ00K6A9BAFF2CT0;MES结果：{"Success":false,"Message":"条码[]不存在","Result":null,"Context":{}}

【记录时间】2024-05-14 15:03:59,680
【描述】【AOI数据接口】设备编码：20085;板码：44-9743518E003CJ00K7A9BAFF2CT0;MES结果：{"Success":false,"Message":"条码[]不存在","Result":null,"Context":{}}

【记录时间】2024-05-14 15:03:59,699
【描述】【AOI数据接口】设备编码：20085;板码：44-9743518E003CJ00K8A9BAFF2CT0;MES结果：{"Success":false,"Message":"条码[]不存在","Result":null,"Context":{}}

【记录时间】2024-05-14 15:04:08,625
【描述】【AOI数据接口】设备编码：20085;板码：44-9743518E003CJ00KCA9BAFF2CT0;MES结果：{"Success":false,"Message":"条码[]不存在","Result":null,"Context":{}}

【记录时间】2024-05-14 15:04:08,634
【描述】【AOI数据接口】设备编码：20085;板码：44-9743518E003CJ00KBA9BAFF2CT0;MES结果：{"Success":false,"Message":"条码[]不存在","Result":null,"Context":{}}

【记录时间】2024-05-14 15:04:08,645
【描述】【AOI数据接口】设备编码：20085;板码：44-9743518E003CJ00KAA9BAFF2CT0;MES结果：{"Success":false,"Message":"条码[]不存在","Result":null,"Context":{}}

【记录时间】2024-05-14 15:04:08,655
【描述】【AOI数据接口】设备编码：20085;板码：44-9743518E003CJ00K9A9BAFF2CT0;MES结果：{"Success":false,"Message":"条码[]不存在","Result":null,"Context":{}}

【记录时间】2024-05-14 15:04:08,666
【描述】【AOI数据接口】设备编码：20085;板码：44-9743518E003CJ00K4A9BAFF2CT0;MES结果：{"Success":false,"Message":"条码[]不存在","Result":null,"Context":{}}

【记录时间】2024-05-14 15:04:08,677
【描述】【AOI数据接口】设备编码：20085;板码：44-9743518E003CJ00K3A9BAFF2CT0;MES结果：{"Success":false,"Message":"条码[]不存在","Result":null,"Context":{}}

【记录时间】2024-05-14 15:04:08,686
【描述】【AOI数据接口】设备编码：20085;板码：44-9743518E003CJ00K2A9BAFF2CT0;MES结果：{"Success":false,"Message":"条码[]不存在","Result":null,"Context":{}}

【记录时间】2024-05-14 15:04:08,697
【描述】【AOI数据接口】设备编码：20085;板码：44-9743518E003CJ00K1A9BAFF2CT0;MES结果：{"Success":false,"Message":"条码[]不存在","Result":null,"Context":{}}

【记录时间】2024-05-14 15:04:08,710
【描述】【AOI数据接口】设备编码：20085;板码：44-9743518E003CJ00KDA9BAFF2CT0;MES结果：{"Success":false,"Message":"条码[]不存在","Result":null,"Context":{}}

【记录时间】2024-05-14 15:04:08,722
【描述】【AOI数据接口】设备编码：20085;板码：44-9743518E003CJ00KEA9BAFF2CT0;MES结果：{"Success":false,"Message":"条码[]不存在","Result":null,"Context":{}}

【记录时间】2024-05-14 15:04:08,740
【描述】【AOI数据接口】设备编码：20085;板码：44-9743518E003CJ00KFA9BAFF2CT0;MES结果：{"Success":false,"Message":"条码[]不存在","Result":null,"Context":{}}

【记录时间】2024-05-14 15:04:08,753
【描述】【AOI数据接口】设备编码：20085;板码：44-9743518E003CJ00KGA9BAFF2CT0;MES结果：{"Success":false,"Message":"条码[]不存在","Result":null,"Context":{}}

【记录时间】2024-05-14 15:04:08,766
【描述】【AOI数据接口】设备编码：20085;板码：44-9743518E003CJ00K5A9BAFF2CT0;MES结果：{"Success":false,"Message":"条码[]不存在","Result":null,"Context":{}}

【记录时间】2024-05-14 15:04:08,779
【描述】【AOI数据接口】设备编码：20085;板码：44-9743518E003CJ00K6A9BAFF2CT0;MES结果：{"Success":false,"Message":"条码[]不存在","Result":null,"Context":{}}

【记录时间】2024-05-14 15:04:08,792
【描述】【AOI数据接口】设备编码：20085;板码：44-9743518E003CJ00K7A9BAFF2CT0;MES结果：{"Success":false,"Message":"条码[]不存在","Result":null,"Context":{}}

【记录时间】2024-05-14 15:04:08,805
【描述】【AOI数据接口】设备编码：20085;板码：44-9743518E003CJ00K8A9BAFF2CT0;MES结果：{"Success":false,"Message":"条码[]不存在","Result":null,"Context":{}}

【记录时间】2024-05-14 15:24:41,573
【描述】【AOI数据接口】设备编码：20085;板码：44-9743518E003CJ00KCA9BAFF2CT0;MES结果：{"Success":false,"Message":"条码[]不存在","Result":null,"Context":{}}

【记录时间】2024-05-14 15:24:43,669
【描述】【AOI数据接口】设备编码：20085;板码：44-9743518E003CJ00KBA9BAFF2CT0;MES结果：{"Success":false,"Message":"条码[]不存在","Result":null,"Context":{}}

【记录时间】2024-05-14 15:24:43,927
【描述】【AOI数据接口】设备编码：20085;板码：44-9743518E003CJ00KAA9BAFF2CT0;MES结果：{"Success":false,"Message":"条码[]不存在","Result":null,"Context":{}}

【记录时间】2024-05-14 15:24:44,224
【描述】【AOI数据接口】设备编码：20085;板码：44-9743518E003CJ00K9A9BAFF2CT0;MES结果：{"Success":false,"Message":"条码[]不存在","Result":null,"Context":{}}

【记录时间】2024-05-14 15:24:44,533
【描述】【AOI数据接口】设备编码：20085;板码：44-9743518E003CJ00K4A9BAFF2CT0;MES结果：{"Success":false,"Message":"条码[]不存在","Result":null,"Context":{}}

【记录时间】2024-05-14 15:24:44,825
【描述】【AOI数据接口】设备编码：20085;板码：44-9743518E003CJ00K3A9BAFF2CT0;MES结果：{"Success":false,"Message":"条码[]不存在","Result":null,"Context":{}}

【记录时间】2024-05-14 15:24:45,096
【描述】【AOI数据接口】设备编码：20085;板码：44-9743518E003CJ00K2A9BAFF2CT0;MES结果：{"Success":false,"Message":"条码[]不存在","Result":null,"Context":{}}

【记录时间】2024-05-14 15:24:45,385
【描述】【AOI数据接口】设备编码：20085;板码：44-9743518E003CJ00K1A9BAFF2CT0;MES结果：{"Success":false,"Message":"条码[]不存在","Result":null,"Context":{}}

【记录时间】2024-05-14 15:24:45,654
【描述】【AOI数据接口】设备编码：20085;板码：44-9743518E003CJ00KDA9BAFF2CT0;MES结果：{"Success":false,"Message":"条码[]不存在","Result":null,"Context":{}}

【记录时间】2024-05-14 15:24:45,953
【描述】【AOI数据接口】设备编码：20085;板码：44-9743518E003CJ00KEA9BAFF2CT0;MES结果：{"Success":false,"Message":"条码[]不存在","Result":null,"Context":{}}

【记录时间】2024-05-14 15:24:46,254
【描述】【AOI数据接口】设备编码：20085;板码：44-9743518E003CJ00KFA9BAFF2CT0;MES结果：{"Success":false,"Message":"条码[]不存在","Result":null,"Context":{}}

【记录时间】2024-05-14 15:24:46,716
【描述】【AOI数据接口】设备编码：20085;板码：44-9743518E003CJ00KGA9BAFF2CT0;MES结果：{"Success":false,"Message":"条码[]不存在","Result":null,"Context":{}}

【记录时间】2024-05-14 15:24:47,130
【描述】【AOI数据接口】设备编码：20085;板码：44-9743518E003CJ00K5A9BAFF2CT0;MES结果：{"Success":false,"Message":"条码[]不存在","Result":null,"Context":{}}

【记录时间】2024-05-14 15:24:47,464
【描述】【AOI数据接口】设备编码：20085;板码：44-9743518E003CJ00K6A9BAFF2CT0;MES结果：{"Success":false,"Message":"条码[]不存在","Result":null,"Context":{}}

【记录时间】2024-05-14 15:24:47,793
【描述】【AOI数据接口】设备编码：20085;板码：44-9743518E003CJ00K7A9BAFF2CT0;MES结果：{"Success":false,"Message":"条码[]不存在","Result":null,"Context":{}}

【记录时间】2024-05-14 15:24:48,063
【描述】【AOI数据接口】设备编码：20085;板码：44-9743518E003CJ00K8A9BAFF2CT0;MES结果：{"Success":false,"Message":"条码[]不存在","Result":null,"Context":{}}

【记录时间】2024-05-14 15:24:56,448
【描述】【AOI数据接口】设备编码：20085;板码：44-9743518E003CJ00KCA9BAFF2CT0;MES结果：{"Success":false,"Message":"条码[]不存在","Result":null,"Context":{}}

【记录时间】2024-05-14 15:24:57,463
【描述】【AOI数据接口】设备编码：20085;板码：44-9743518E003CJ00KBA9BAFF2CT0;MES结果：{"Success":false,"Message":"条码[]不存在","Result":null,"Context":{}}

【记录时间】2024-05-14 15:24:57,810
【描述】【AOI数据接口】设备编码：20085;板码：44-9743518E003CJ00KAA9BAFF2CT0;MES结果：{"Success":false,"Message":"条码[]不存在","Result":null,"Context":{}}

【记录时间】2024-05-14 15:24:58,111
【描述】【AOI数据接口】设备编码：20085;板码：44-9743518E003CJ00K9A9BAFF2CT0;MES结果：{"Success":false,"Message":"条码[]不存在","Result":null,"Context":{}}

【记录时间】2024-05-14 15:24:58,408
【描述】【AOI数据接口】设备编码：20085;板码：44-9743518E003CJ00K4A9BAFF2CT0;MES结果：{"Success":false,"Message":"条码[]不存在","Result":null,"Context":{}}

【记录时间】2024-05-14 15:24:58,700
【描述】【AOI数据接口】设备编码：20085;板码：44-9743518E003CJ00K3A9BAFF2CT0;MES结果：{"Success":false,"Message":"条码[]不存在","Result":null,"Context":{}}

【记录时间】2024-05-14 15:24:58,930
【描述】【AOI数据接口】设备编码：20085;板码：44-9743518E003CJ00K2A9BAFF2CT0;MES结果：{"Success":false,"Message":"条码[]不存在","Result":null,"Context":{}}

【记录时间】2024-05-14 15:24:59,157
【描述】【AOI数据接口】设备编码：20085;板码：44-9743518E003CJ00K1A9BAFF2CT0;MES结果：{"Success":false,"Message":"条码[]不存在","Result":null,"Context":{}}

【记录时间】2024-05-14 15:24:59,442
【描述】【AOI数据接口】设备编码：20085;板码：44-9743518E003CJ00KDA9BAFF2CT0;MES结果：{"Success":false,"Message":"条码[]不存在","Result":null,"Context":{}}

【记录时间】2024-05-14 15:24:59,716
【描述】【AOI数据接口】设备编码：20085;板码：44-9743518E003CJ00KEA9BAFF2CT0;MES结果：{"Success":false,"Message":"条码[]不存在","Result":null,"Context":{}}

【记录时间】2024-05-14 15:24:59,951
【描述】【AOI数据接口】设备编码：20085;板码：44-9743518E003CJ00KFA9BAFF2CT0;MES结果：{"Success":false,"Message":"条码[]不存在","Result":null,"Context":{}}

【记录时间】2024-05-14 15:25:00,204
【描述】【AOI数据接口】设备编码：20085;板码：44-9743518E003CJ00KGA9BAFF2CT0;MES结果：{"Success":false,"Message":"条码[]不存在","Result":null,"Context":{}}

【记录时间】2024-05-14 15:25:00,444
【描述】【AOI数据接口】设备编码：20085;板码：44-9743518E003CJ00K5A9BAFF2CT0;MES结果：{"Success":false,"Message":"条码[]不存在","Result":null,"Context":{}}

【记录时间】2024-05-14 15:25:00,754
【描述】【AOI数据接口】设备编码：20085;板码：44-9743518E003CJ00K6A9BAFF2CT0;MES结果：{"Success":false,"Message":"条码[]不存在","Result":null,"Context":{}}

【记录时间】2024-05-14 15:25:01,223
【描述】【AOI数据接口】设备编码：20085;板码：44-9743518E003CJ00K7A9BAFF2CT0;MES结果：{"Success":false,"Message":"条码[]不存在","Result":null,"Context":{}}

【记录时间】2024-05-14 15:25:01,594
【描述】【AOI数据接口】设备编码：20085;板码：44-9743518E003CJ00K8A9BAFF2CT0;MES结果：{"Success":false,"Message":"条码[]不存在","Result":null,"Context":{}}

【记录时间】2024-05-14 15:25:46,393
【描述】【AOI数据接口】设备编码：20085;板码：44-9743518E003CJ00KCA9BAFF2CT0;MES结果：{"Success":false,"Message":"条码[]不存在","Result":null,"Context":{}}

【记录时间】2024-05-14 15:25:46,436
【描述】【AOI数据接口】设备编码：20085;板码：44-9743518E003CJ00KBA9BAFF2CT0;MES结果：{"Success":false,"Message":"条码[]不存在","Result":null,"Context":{}}

【记录时间】2024-05-14 15:25:46,453
【描述】【AOI数据接口】设备编码：20085;板码：44-9743518E003CJ00KAA9BAFF2CT0;MES结果：{"Success":false,"Message":"条码[]不存在","Result":null,"Context":{}}

【记录时间】2024-05-14 15:25:46,466
【描述】【AOI数据接口】设备编码：20085;板码：44-9743518E003CJ00K9A9BAFF2CT0;MES结果：{"Success":false,"Message":"条码[]不存在","Result":null,"Context":{}}

【记录时间】2024-05-14 15:25:46,478
【描述】【AOI数据接口】设备编码：20085;板码：44-9743518E003CJ00K4A9BAFF2CT0;MES结果：{"Success":false,"Message":"条码[]不存在","Result":null,"Context":{}}

【记录时间】2024-05-14 15:25:46,490
【描述】【AOI数据接口】设备编码：20085;板码：44-9743518E003CJ00K3A9BAFF2CT0;MES结果：{"Success":false,"Message":"条码[]不存在","Result":null,"Context":{}}

【记录时间】2024-05-14 15:25:46,503
【描述】【AOI数据接口】设备编码：20085;板码：44-9743518E003CJ00K2A9BAFF2CT0;MES结果：{"Success":false,"Message":"条码[]不存在","Result":null,"Context":{}}

【记录时间】2024-05-14 15:25:46,516
【描述】【AOI数据接口】设备编码：20085;板码：44-9743518E003CJ00K1A9BAFF2CT0;MES结果：{"Success":false,"Message":"条码[]不存在","Result":null,"Context":{}}

【记录时间】2024-05-14 15:25:46,528
【描述】【AOI数据接口】设备编码：20085;板码：44-9743518E003CJ00KDA9BAFF2CT0;MES结果：{"Success":false,"Message":"条码[]不存在","Result":null,"Context":{}}

【记录时间】2024-05-14 15:25:46,540
【描述】【AOI数据接口】设备编码：20085;板码：44-9743518E003CJ00KEA9BAFF2CT0;MES结果：{"Success":false,"Message":"条码[]不存在","Result":null,"Context":{}}

【记录时间】2024-05-14 15:25:46,553
【描述】【AOI数据接口】设备编码：20085;板码：44-9743518E003CJ00KFA9BAFF2CT0;MES结果：{"Success":false,"Message":"条码[]不存在","Result":null,"Context":{}}

【记录时间】2024-05-14 15:25:46,577
【描述】【AOI数据接口】设备编码：20085;板码：44-9743518E003CJ00KGA9BAFF2CT0;MES结果：{"Success":false,"Message":"条码[]不存在","Result":null,"Context":{}}

【记录时间】2024-05-14 15:25:46,589
【描述】【AOI数据接口】设备编码：20085;板码：44-9743518E003CJ00K5A9BAFF2CT0;MES结果：{"Success":false,"Message":"条码[]不存在","Result":null,"Context":{}}

【记录时间】2024-05-14 15:25:46,601
【描述】【AOI数据接口】设备编码：20085;板码：44-9743518E003CJ00K6A9BAFF2CT0;MES结果：{"Success":false,"Message":"条码[]不存在","Result":null,"Context":{}}

【记录时间】2024-05-14 15:25:46,614
【描述】【AOI数据接口】设备编码：20085;板码：44-9743518E003CJ00K7A9BAFF2CT0;MES结果：{"Success":false,"Message":"条码[]不存在","Result":null,"Context":{}}

【记录时间】2024-05-14 15:25:46,625
【描述】【AOI数据接口】设备编码：20085;板码：44-9743518E003CJ00K8A9BAFF2CT0;MES结果：{"Success":false,"Message":"条码[]不存在","Result":null,"Context":{}}

【记录时间】2024-05-14 15:41:28,340
【描述】【AOI数据接口】设备编码：20085;板码：44-9743518E003CJ00KCA9BAFF2CT0;MES结果：{"Success":false,"Message":"条码[]不存在","Result":null,"Context":{}}

【记录时间】2024-05-14 15:41:29,227
【描述】【AOI数据接口】设备编码：20085;板码：44-9743518E003CJ00KBA9BAFF2CT0;MES结果：{"Success":false,"Message":"条码[]不存在","Result":null,"Context":{}}

【记录时间】2024-05-14 15:41:29,522
【描述】【AOI数据接口】设备编码：20085;板码：44-9743518E003CJ00KAA9BAFF2CT0;MES结果：{"Success":false,"Message":"条码[]不存在","Result":null,"Context":{}}

【记录时间】2024-05-14 15:41:29,775
【描述】【AOI数据接口】设备编码：20085;板码：44-9743518E003CJ00K9A9BAFF2CT0;MES结果：{"Success":false,"Message":"条码[]不存在","Result":null,"Context":{}}

【记录时间】2024-05-14 15:41:29,933
【描述】【AOI数据接口】设备编码：20085;板码：44-9743518E003CJ00K4A9BAFF2CT0;MES结果：{"Success":false,"Message":"条码[]不存在","Result":null,"Context":{}}

【记录时间】2024-05-14 15:41:30,200
【描述】【AOI数据接口】设备编码：20085;板码：44-9743518E003CJ00K3A9BAFF2CT0;MES结果：{"Success":false,"Message":"条码[]不存在","Result":null,"Context":{}}

【记录时间】2024-05-14 15:41:30,472
【描述】【AOI数据接口】设备编码：20085;板码：44-9743518E003CJ00K2A9BAFF2CT0;MES结果：{"Success":false,"Message":"条码[]不存在","Result":null,"Context":{}}

【记录时间】2024-05-14 15:41:30,999
【描述】【AOI数据接口】设备编码：20085;板码：44-9743518E003CJ00K1A9BAFF2CT0;MES结果：{"Success":false,"Message":"条码[]不存在","Result":null,"Context":{}}

【记录时间】2024-05-14 15:41:31,505
【描述】【AOI数据接口】设备编码：20085;板码：44-9743518E003CJ00KDA9BAFF2CT0;MES结果：{"Success":false,"Message":"条码[]不存在","Result":null,"Context":{}}

【记录时间】2024-05-14 15:41:32,116
【描述】【AOI数据接口】设备编码：20085;板码：44-9743518E003CJ00KEA9BAFF2CT0;MES结果：{"Success":false,"Message":"条码[]不存在","Result":null,"Context":{}}

【记录时间】2024-05-14 15:41:32,426
【描述】【AOI数据接口】设备编码：20085;板码：44-9743518E003CJ00KFA9BAFF2CT0;MES结果：{"Success":false,"Message":"条码[]不存在","Result":null,"Context":{}}

【记录时间】2024-05-14 15:41:32,768
【描述】【AOI数据接口】设备编码：20085;板码：44-9743518E003CJ00KGA9BAFF2CT0;MES结果：{"Success":false,"Message":"条码[]不存在","Result":null,"Context":{}}

【记录时间】2024-05-14 15:41:33,109
【描述】【AOI数据接口】设备编码：20085;板码：44-9743518E003CJ00K5A9BAFF2CT0;MES结果：{"Success":false,"Message":"条码[]不存在","Result":null,"Context":{}}

【记录时间】2024-05-14 15:41:33,469
【描述】【AOI数据接口】设备编码：20085;板码：44-9743518E003CJ00K6A9BAFF2CT0;MES结果：{"Success":false,"Message":"条码[]不存在","Result":null,"Context":{}}

【记录时间】2024-05-14 15:41:33,843
【描述】【AOI数据接口】设备编码：20085;板码：44-9743518E003CJ00K7A9BAFF2CT0;MES结果：{"Success":false,"Message":"条码[]不存在","Result":null,"Context":{}}

【记录时间】2024-05-14 15:41:34,170
【描述】【AOI数据接口】设备编码：20085;板码：44-9743518E003CJ00K8A9BAFF2CT0;MES结果：{"Success":false,"Message":"条码[]不存在","Result":null,"Context":{}}

【记录时间】2024-05-14 15:41:49,948
【描述】【AOI数据接口】设备编码：20085;板码：44-9743518E003CJ00KCA9BAFF2CT0;MES结果：{"Success":false,"Message":"条码[]不存在","Result":null,"Context":{}}

【记录时间】2024-05-14 15:41:49,957
【描述】【AOI数据接口】设备编码：20085;板码：44-9743518E003CJ00KBA9BAFF2CT0;MES结果：{"Success":false,"Message":"条码[]不存在","Result":null,"Context":{}}

【记录时间】2024-05-14 15:41:49,968
【描述】【AOI数据接口】设备编码：20085;板码：44-9743518E003CJ00KAA9BAFF2CT0;MES结果：{"Success":false,"Message":"条码[]不存在","Result":null,"Context":{}}

【记录时间】2024-05-14 15:41:49,978
【描述】【AOI数据接口】设备编码：20085;板码：44-9743518E003CJ00K9A9BAFF2CT0;MES结果：{"Success":false,"Message":"条码[]不存在","Result":null,"Context":{}}

【记录时间】2024-05-14 15:41:49,988
【描述】【AOI数据接口】设备编码：20085;板码：44-9743518E003CJ00K4A9BAFF2CT0;MES结果：{"Success":false,"Message":"条码[]不存在","Result":null,"Context":{}}

【记录时间】2024-05-14 15:41:49,998
【描述】【AOI数据接口】设备编码：20085;板码：44-9743518E003CJ00K3A9BAFF2CT0;MES结果：{"Success":false,"Message":"条码[]不存在","Result":null,"Context":{}}

【记录时间】2024-05-14 15:41:50,011
【描述】【AOI数据接口】设备编码：20085;板码：44-9743518E003CJ00K2A9BAFF2CT0;MES结果：{"Success":false,"Message":"条码[]不存在","Result":null,"Context":{}}

【记录时间】2024-05-14 15:41:50,023
【描述】【AOI数据接口】设备编码：20085;板码：44-9743518E003CJ00K1A9BAFF2CT0;MES结果：{"Success":false,"Message":"条码[]不存在","Result":null,"Context":{}}

【记录时间】2024-05-14 15:41:50,040
【描述】【AOI数据接口】设备编码：20085;板码：44-9743518E003CJ00KDA9BAFF2CT0;MES结果：{"Success":false,"Message":"条码[]不存在","Result":null,"Context":{}}

【记录时间】2024-05-14 15:41:50,193
【描述】【AOI数据接口】设备编码：20085;板码：44-9743518E003CJ00KEA9BAFF2CT0;MES结果：{"Success":false,"Message":"条码[]不存在","Result":null,"Context":{}}

【记录时间】2024-05-14 15:41:50,204
【描述】【AOI数据接口】设备编码：20085;板码：44-9743518E003CJ00KFA9BAFF2CT0;MES结果：{"Success":false,"Message":"条码[]不存在","Result":null,"Context":{}}

【记录时间】2024-05-14 15:41:50,214
【描述】【AOI数据接口】设备编码：20085;板码：44-9743518E003CJ00KGA9BAFF2CT0;MES结果：{"Success":false,"Message":"条码[]不存在","Result":null,"Context":{}}

【记录时间】2024-05-14 15:41:50,224
【描述】【AOI数据接口】设备编码：20085;板码：44-9743518E003CJ00K5A9BAFF2CT0;MES结果：{"Success":false,"Message":"条码[]不存在","Result":null,"Context":{}}

【记录时间】2024-05-14 15:41:50,234
【描述】【AOI数据接口】设备编码：20085;板码：44-9743518E003CJ00K6A9BAFF2CT0;MES结果：{"Success":false,"Message":"条码[]不存在","Result":null,"Context":{}}

【记录时间】2024-05-14 15:41:50,243
【描述】【AOI数据接口】设备编码：20085;板码：44-9743518E003CJ00K7A9BAFF2CT0;MES结果：{"Success":false,"Message":"条码[]不存在","Result":null,"Context":{}}

【记录时间】2024-05-14 15:41:50,253
【描述】【AOI数据接口】设备编码：20085;板码：44-9743518E003CJ00K8A9BAFF2CT0;MES结果：{"Success":false,"Message":"条码[]不存在","Result":null,"Context":{}}

【记录时间】2024-05-14 15:46:11,981
【描述】【AOI数据接口】设备编码：20085;板码：44-9743518E003CJ00KCA9BAFF2CT0;MES结果：{"Success":false,"Message":"条码[]不存在","Result":null,"Context":{}}

【记录时间】2024-05-14 15:46:13,812
【描述】【AOI数据接口】设备编码：20085;板码：44-9743518E003CJ00KBA9BAFF2CT0;MES结果：{"Success":false,"Message":"条码[]不存在","Result":null,"Context":{}}

【记录时间】2024-05-14 15:46:14,596
【描述】【AOI数据接口】设备编码：20085;板码：44-9743518E003CJ00KAA9BAFF2CT0;MES结果：{"Success":false,"Message":"条码[]不存在","Result":null,"Context":{}}

【记录时间】2024-05-14 15:46:14,988
【描述】【AOI数据接口】设备编码：20085;板码：44-9743518E003CJ00K9A9BAFF2CT0;MES结果：{"Success":false,"Message":"条码[]不存在","Result":null,"Context":{}}

【记录时间】2024-05-14 15:46:15,439
【描述】【AOI数据接口】设备编码：20085;板码：44-9743518E003CJ00K4A9BAFF2CT0;MES结果：{"Success":false,"Message":"条码[]不存在","Result":null,"Context":{}}

【记录时间】2024-05-14 15:46:15,838
【描述】【AOI数据接口】设备编码：20085;板码：44-9743518E003CJ00K3A9BAFF2CT0;MES结果：{"Success":false,"Message":"条码[]不存在","Result":null,"Context":{}}

【记录时间】2024-05-14 15:46:16,132
【描述】【AOI数据接口】设备编码：20085;板码：44-9743518E003CJ00K2A9BAFF2CT0;MES结果：{"Success":false,"Message":"条码[]不存在","Result":null,"Context":{}}

【记录时间】2024-05-14 15:46:16,360
【描述】【AOI数据接口】设备编码：20085;板码：44-9743518E003CJ00K1A9BAFF2CT0;MES结果：{"Success":false,"Message":"条码[]不存在","Result":null,"Context":{}}

【记录时间】2024-05-14 15:46:16,599
【描述】【AOI数据接口】设备编码：20085;板码：44-9743518E003CJ00KDA9BAFF2CT0;MES结果：{"Success":false,"Message":"条码[]不存在","Result":null,"Context":{}}

【记录时间】2024-05-14 15:46:16,883
【描述】【AOI数据接口】设备编码：20085;板码：44-9743518E003CJ00KEA9BAFF2CT0;MES结果：{"Success":false,"Message":"条码[]不存在","Result":null,"Context":{}}

【记录时间】2024-05-14 15:46:17,177
【描述】【AOI数据接口】设备编码：20085;板码：44-9743518E003CJ00KFA9BAFF2CT0;MES结果：{"Success":false,"Message":"条码[]不存在","Result":null,"Context":{}}

【记录时间】2024-05-14 15:46:17,526
【描述】【AOI数据接口】设备编码：20085;板码：44-9743518E003CJ00KGA9BAFF2CT0;MES结果：{"Success":false,"Message":"条码[]不存在","Result":null,"Context":{}}

【记录时间】2024-05-14 15:46:17,827
【描述】【AOI数据接口】设备编码：20085;板码：44-9743518E003CJ00K5A9BAFF2CT0;MES结果：{"Success":false,"Message":"条码[]不存在","Result":null,"Context":{}}

【记录时间】2024-05-14 15:46:18,136
【描述】【AOI数据接口】设备编码：20085;板码：44-9743518E003CJ00K6A9BAFF2CT0;MES结果：{"Success":false,"Message":"条码[]不存在","Result":null,"Context":{}}

【记录时间】2024-05-14 15:46:18,382
【描述】【AOI数据接口】设备编码：20085;板码：44-9743518E003CJ00K7A9BAFF2CT0;MES结果：{"Success":false,"Message":"条码[]不存在","Result":null,"Context":{}}

【记录时间】2024-05-14 15:46:18,712
【描述】【AOI数据接口】设备编码：20085;板码：44-9743518E003CJ00K8A9BAFF2CT0;MES结果：{"Success":false,"Message":"条码[]不存在","Result":null,"Context":{}}

【记录时间】2024-05-14 15:46:33,648
【描述】【AOI数据接口】设备编码：20085;板码：44-9743518E003CJ00KCA9BAFF2CT0;MES结果：{"Success":false,"Message":"条码[]不存在","Result":null,"Context":{}}

【记录时间】2024-05-14 15:46:36,101
【描述】【AOI数据接口】设备编码：20085;板码：44-9743518E003CJ00KBA9BAFF2CT0;MES结果：{"Success":false,"Message":"条码[]不存在","Result":null,"Context":{}}

【记录时间】2024-05-14 15:46:36,849
【描述】【AOI数据接口】设备编码：20085;板码：44-9743518E003CJ00KAA9BAFF2CT0;MES结果：{"Success":false,"Message":"条码[]不存在","Result":null,"Context":{}}

【记录时间】2024-05-14 15:46:37,511
【描述】【AOI数据接口】设备编码：20085;板码：44-9743518E003CJ00K9A9BAFF2CT0;MES结果：{"Success":false,"Message":"条码[]不存在","Result":null,"Context":{}}

【记录时间】2024-05-14 15:46:38,012
【描述】【AOI数据接口】设备编码：20085;板码：44-9743518E003CJ00K4A9BAFF2CT0;MES结果：{"Success":false,"Message":"条码[]不存在","Result":null,"Context":{}}

【记录时间】2024-05-14 15:46:38,508
【描述】【AOI数据接口】设备编码：20085;板码：44-9743518E003CJ00K3A9BAFF2CT0;MES结果：{"Success":false,"Message":"条码[]不存在","Result":null,"Context":{}}

【记录时间】2024-05-14 15:46:38,950
【描述】【AOI数据接口】设备编码：20085;板码：44-9743518E003CJ00K2A9BAFF2CT0;MES结果：{"Success":false,"Message":"条码[]不存在","Result":null,"Context":{}}

【记录时间】2024-05-14 15:46:39,368
【描述】【AOI数据接口】设备编码：20085;板码：44-9743518E003CJ00K1A9BAFF2CT0;MES结果：{"Success":false,"Message":"条码[]不存在","Result":null,"Context":{}}

【记录时间】2024-05-14 15:46:39,799
【描述】【AOI数据接口】设备编码：20085;板码：44-9743518E003CJ00KDA9BAFF2CT0;MES结果：{"Success":false,"Message":"条码[]不存在","Result":null,"Context":{}}

【记录时间】2024-05-14 15:46:40,225
【描述】【AOI数据接口】设备编码：20085;板码：44-9743518E003CJ00KEA9BAFF2CT0;MES结果：{"Success":false,"Message":"条码[]不存在","Result":null,"Context":{}}

【记录时间】2024-05-14 15:46:40,685
【描述】【AOI数据接口】设备编码：20085;板码：44-9743518E003CJ00KFA9BAFF2CT0;MES结果：{"Success":false,"Message":"条码[]不存在","Result":null,"Context":{}}

【记录时间】2024-05-14 15:46:41,108
【描述】【AOI数据接口】设备编码：20085;板码：44-9743518E003CJ00KGA9BAFF2CT0;MES结果：{"Success":false,"Message":"条码[]不存在","Result":null,"Context":{}}

【记录时间】2024-05-14 15:46:41,522
【描述】【AOI数据接口】设备编码：20085;板码：44-9743518E003CJ00K5A9BAFF2CT0;MES结果：{"Success":false,"Message":"条码[]不存在","Result":null,"Context":{}}

【记录时间】2024-05-14 15:46:41,908
【描述】【AOI数据接口】设备编码：20085;板码：44-9743518E003CJ00K6A9BAFF2CT0;MES结果：{"Success":false,"Message":"条码[]不存在","Result":null,"Context":{}}

【记录时间】2024-05-14 15:46:42,301
【描述】【AOI数据接口】设备编码：20085;板码：44-9743518E003CJ00K7A9BAFF2CT0;MES结果：{"Success":false,"Message":"条码[]不存在","Result":null,"Context":{}}

【记录时间】2024-05-14 15:46:42,671
【描述】【AOI数据接口】设备编码：20085;板码：44-9743518E003CJ00K8A9BAFF2CT0;MES结果：{"Success":false,"Message":"条码[]不存在","Result":null,"Context":{}}

【记录时间】2024-05-14 15:47:15,958
【描述】【AOI数据接口】设备编码：20085;板码：44-9743518E003CJ00KCA9BAFF2CT0;MES结果：{"Success":false,"Message":"条码[]不存在","Result":null,"Context":{}}

【记录时间】2024-05-14 15:47:15,968
【描述】【AOI数据接口】设备编码：20085;板码：44-9743518E003CJ00KBA9BAFF2CT0;MES结果：{"Success":false,"Message":"条码[]不存在","Result":null,"Context":{}}

【记录时间】2024-05-14 15:47:15,978
【描述】【AOI数据接口】设备编码：20085;板码：44-9743518E003CJ00KAA9BAFF2CT0;MES结果：{"Success":false,"Message":"条码[]不存在","Result":null,"Context":{}}

【记录时间】2024-05-14 15:47:15,990
【描述】【AOI数据接口】设备编码：20085;板码：44-9743518E003CJ00K9A9BAFF2CT0;MES结果：{"Success":false,"Message":"条码[]不存在","Result":null,"Context":{}}

【记录时间】2024-05-14 15:47:16,003
【描述】【AOI数据接口】设备编码：20085;板码：44-9743518E003CJ00K4A9BAFF2CT0;MES结果：{"Success":false,"Message":"条码[]不存在","Result":null,"Context":{}}

【记录时间】2024-05-14 15:47:16,016
【描述】【AOI数据接口】设备编码：20085;板码：44-9743518E003CJ00K3A9BAFF2CT0;MES结果：{"Success":false,"Message":"条码[]不存在","Result":null,"Context":{}}

【记录时间】2024-05-14 15:47:16,029
【描述】【AOI数据接口】设备编码：20085;板码：44-9743518E003CJ00K2A9BAFF2CT0;MES结果：{"Success":false,"Message":"条码[]不存在","Result":null,"Context":{}}

【记录时间】2024-05-14 15:47:16,046
【描述】【AOI数据接口】设备编码：20085;板码：44-9743518E003CJ00K1A9BAFF2CT0;MES结果：{"Success":false,"Message":"条码[]不存在","Result":null,"Context":{}}

【记录时间】2024-05-14 15:47:16,067
【描述】【AOI数据接口】设备编码：20085;板码：44-9743518E003CJ00KDA9BAFF2CT0;MES结果：{"Success":false,"Message":"条码[]不存在","Result":null,"Context":{}}

【记录时间】2024-05-14 15:47:16,177
【描述】【AOI数据接口】设备编码：20085;板码：44-9743518E003CJ00KEA9BAFF2CT0;MES结果：{"Success":false,"Message":"条码[]不存在","Result":null,"Context":{}}

【记录时间】2024-05-14 15:47:16,192
【描述】【AOI数据接口】设备编码：20085;板码：44-9743518E003CJ00KFA9BAFF2CT0;MES结果：{"Success":false,"Message":"条码[]不存在","Result":null,"Context":{}}

【记录时间】2024-05-14 15:47:16,217
【描述】【AOI数据接口】设备编码：20085;板码：44-9743518E003CJ00KGA9BAFF2CT0;MES结果：{"Success":false,"Message":"条码[]不存在","Result":null,"Context":{}}

【记录时间】2024-05-14 15:47:16,229
【描述】【AOI数据接口】设备编码：20085;板码：44-9743518E003CJ00K5A9BAFF2CT0;MES结果：{"Success":false,"Message":"条码[]不存在","Result":null,"Context":{}}

【记录时间】2024-05-14 15:47:16,238
【描述】【AOI数据接口】设备编码：20085;板码：44-9743518E003CJ00K6A9BAFF2CT0;MES结果：{"Success":false,"Message":"条码[]不存在","Result":null,"Context":{}}

【记录时间】2024-05-14 15:47:16,248
【描述】【AOI数据接口】设备编码：20085;板码：44-9743518E003CJ00K7A9BAFF2CT0;MES结果：{"Success":false,"Message":"条码[]不存在","Result":null,"Context":{}}

【记录时间】2024-05-14 15:47:16,259
【描述】【AOI数据接口】设备编码：20085;板码：44-9743518E003CJ00K8A9BAFF2CT0;MES结果：{"Success":false,"Message":"条码[]不存在","Result":null,"Context":{}}
