
【记录时间】2024-02-01 11:17:35,280
【描述】Debug插入数据库成功--二维码：F04665603AF005316AA00;机器型号：;测试结果：PASS

【记录时间】2024-02-01 13:51:26,864
【描述】数据库连接错误: 对象名 'dbo.YS_TestModel' 无效。

【记录时间】2024-02-01 13:54:38,885
【描述】数据库连接错误: 对象名 'dbo.YS_TestModel' 无效。

【记录时间】2024-02-01 13:59:40,599
【描述】Debug插入数据库成功--二维码：Y04736103C30000411B00;机器型号：;测试结果：FAIL

【记录时间】2024-02-01 14:01:45,415
【描述】Debug插入数据库成功--二维码：Y04736103C30000411B00;机器型号：111;测试结果：PASS - 副本

【记录时间】2024-02-01 14:04:04,520
【描述】Debug插入数据库成功--二维码：Y04736103C30000411B00;机器型号：111;测试结果：PASS

【记录时间】2024-02-01 14:08:56,799
【描述】Debug插入数据库成功--二维码：F04665603AF005316AA00;机器型号：111;测试结果：PASS

【记录时间】2024-02-01 15:12:48,824
【描述】Debug插入数据库成功--二维码：F04665603AF005316AA00;机器型号：111;测试结果：PASS

【记录时间】2024-02-01 15:15:20,630
【描述】Debug插入数据库成功--二维码：F04665603AF005316AA00;机器型号：111;测试结果：PASS

【记录时间】2024-02-01 15:15:39,057
【描述】Debug插入数据库成功--二维码：Y04736103C30000411B00;机器型号：111;测试结果：PASS

【记录时间】2024-02-01 15:17:29,468
【描述】Debug插入数据库成功--二维码：Y04736103C30000411B00;机器型号：111;测试结果：PASS

【记录时间】2024-02-01 15:17:38,010
【描述】Debug插入数据库成功--二维码：F04665603AF005316AA00;机器型号：111;测试结果：PASS

【记录时间】2024-02-01 15:21:38,870
【描述】Debug插入数据库成功--二维码：Y04736103C30000411B00;机器型号：111;测试结果：PASS

【记录时间】2024-02-01 15:22:26,741
【描述】Debug插入数据库成功--二维码：F04665603AF005316AA00;机器型号：111;测试结果：PASS

【记录时间】2024-02-01 15:24:50,096
【描述】Debug插入数据库成功--二维码：F04665603AF005316AA00;机器型号：111;测试结果：PASS

【记录时间】2024-02-01 15:26:07,578
【描述】Debug插入数据库成功--二维码：F04665603AF005316AA00;机器型号：111;测试结果：PASS

【记录时间】2024-02-01 15:27:03,504
【描述】Debug插入数据库成功--二维码：F04665603AF005316AA00;机器型号：111;测试结果：PASS

【记录时间】2024-02-01 15:28:43,785
【描述】Debug插入数据库成功--二维码：F04665603AF005316AA00;机器型号：111;测试结果：PASS

【记录时间】2024-02-01 15:28:48,884
【描述】Debug插入数据库成功--二维码：F04665603AF005316AA00;机器型号：111;测试结果：PASS

【记录时间】2024-02-01 15:28:52,186
【描述】Debug插入数据库成功--二维码：Y04736103C30000411B00;机器型号：111;测试结果：PASS

【记录时间】2024-02-01 15:42:39,974
【描述】Debug插入数据库成功--二维码：Y04736103C30000411B00;机器型号：111;测试结果：PASS

【记录时间】2024-02-01 15:59:24,997
【描述】Debug插入数据库成功--二维码：Y04736103C30000431B00;机器型号：111;测试结果：FAIL

【记录时间】2024-02-01 15:59:25,119
【描述】Debug插入数据库成功--二维码：Y04736103C30000431B00;机器型号：111;测试结果：FAIL

【记录时间】2024-02-01 15:59:25,204
【描述】Debug插入数据库成功--二维码：Y04736103C30000431B00;机器型号：111;测试结果：FAIL

【记录时间】2024-02-01 15:59:25,521
【描述】Debug插入数据库成功--二维码：Y04736103C30000431B00;机器型号：111;测试结果：FAIL

【记录时间】2024-02-01 15:59:25,546
【描述】Debug插入数据库成功--二维码：Y04736103C30000431B00;机器型号：111;测试结果：FAIL

【记录时间】2024-02-01 15:59:25,571
【描述】Debug插入数据库成功--二维码：Y04736103C30000431B00;机器型号：111;测试结果：FAIL

【记录时间】2024-02-01 15:59:25,602
【描述】Debug插入数据库成功--二维码：Y04736103C30000431B00;机器型号：111;测试结果：FAIL

【记录时间】2024-02-01 15:59:25,662
【描述】Debug插入数据库成功--二维码：Y04736103C30000431B00;机器型号：111;测试结果：FAIL

【记录时间】2024-02-01 15:59:25,693
【描述】Debug插入数据库成功--二维码：Y04736103C30000431B00;机器型号：111;测试结果：FAIL

【记录时间】2024-02-01 15:59:25,728
【描述】Debug插入数据库成功--二维码：Y04736103C30000431B00;机器型号：111;测试结果：FAIL

【记录时间】2024-02-01 15:59:25,766
【描述】Debug插入数据库成功--二维码：Y04736103C30000431B00;机器型号：111;测试结果：FAIL

【记录时间】2024-02-01 15:59:25,796
【描述】Debug插入数据库成功--二维码：Y04736103C30000431B00;机器型号：111;测试结果：FAIL

【记录时间】2024-02-01 15:59:25,823
【描述】Debug插入数据库成功--二维码：Y04736103C30000431B00;机器型号：111;测试结果：FAIL

【记录时间】2024-02-01 15:59:25,846
【描述】Debug插入数据库成功--二维码：Y04736103C30000431B00;机器型号：111;测试结果：FAIL

【记录时间】2024-02-01 15:59:25,868
【描述】Debug插入数据库成功--二维码：Y04736103C30000431B00;机器型号：111;测试结果：FAIL

【记录时间】2024-02-01 16:00:19,918
【描述】Debug插入数据库成功--二维码：Y04736103C30000431B00;机器型号：111;测试结果：FAIL

【记录时间】2024-02-01 16:00:19,965
【描述】Debug插入数据库成功--二维码：Y04736103C30000431B00;机器型号：111;测试结果：FAIL

【记录时间】2024-02-01 16:00:20,006
【描述】Debug插入数据库成功--二维码：Y04736103C30000431B00;机器型号：111;测试结果：FAIL

【记录时间】2024-02-01 16:00:20,048
【描述】Debug插入数据库成功--二维码：Y04736103C30000431B00;机器型号：111;测试结果：FAIL

【记录时间】2024-02-01 16:00:20,088
【描述】Debug插入数据库成功--二维码：Y04736103C30000431B00;机器型号：111;测试结果：FAIL

【记录时间】2024-02-01 16:00:20,132
【描述】Debug插入数据库成功--二维码：Y04736103C30000431B00;机器型号：111;测试结果：FAIL

【记录时间】2024-02-01 16:00:20,177
【描述】Debug插入数据库成功--二维码：Y04736103C30000431B00;机器型号：111;测试结果：FAIL

【记录时间】2024-02-01 16:00:20,223
【描述】Debug插入数据库成功--二维码：Y04736103C30000431B00;机器型号：111;测试结果：FAIL

【记录时间】2024-02-01 16:00:20,266
【描述】Debug插入数据库成功--二维码：Y04736103C30000431B00;机器型号：111;测试结果：FAIL

【记录时间】2024-02-01 16:00:20,314
【描述】Debug插入数据库成功--二维码：Y04736103C30000431B00;机器型号：111;测试结果：FAIL

【记录时间】2024-02-01 16:00:20,361
【描述】Debug插入数据库成功--二维码：Y04736103C30000431B00;机器型号：111;测试结果：FAIL

【记录时间】2024-02-01 16:00:20,405
【描述】Debug插入数据库成功--二维码：Y04736103C30000431B00;机器型号：111;测试结果：FAIL

【记录时间】2024-02-01 16:00:20,454
【描述】Debug插入数据库成功--二维码：Y04736103C30000431B00;机器型号：111;测试结果：FAIL

【记录时间】2024-02-01 16:00:20,504
【描述】Debug插入数据库成功--二维码：Y04736103C30000431B00;机器型号：111;测试结果：FAIL

【记录时间】2024-02-01 16:00:20,570
【描述】Debug插入数据库成功--二维码：Y04736103C30000431B00;机器型号：111;测试结果：FAIL

【记录时间】2024-02-01 17:54:25,507
【描述】【Result】插入数据库成功--二维码：Y04736103C30000431B00;机器型号：111;测试结果：FAIL

【记录时间】2024-02-01 17:56:53,693
【描述】【Result】插入数据库成功--二维码：Y04736103C30000431B00;机器型号：111;测试结果：FAIL

【记录时间】2024-02-01 18:17:49,743
【描述】【Result】插入数据库成功--二维码：Y04736103C30000431B00;机器型号：111;测试结果：FAIL
