
【记录时间】2024-04-11 10:25:02,540
【描述】【电子档案接口】设备编码：ICT001;条码：Y04736103C30000431B00;MES结果：【True】--

【记录时间】2024-04-11 10:25:09,544
【描述】【电子过站接口】设备编码：ICT001;条码：Y04736103C30000431B00;MES结果：【False】--条码[]不存在

【记录时间】2024-04-11 10:27:03,805
【描述】【电子档案接口】设备编码：ICT001;条码：Y047361043E0045601B00;MES结果：【True】--

【记录时间】2024-04-11 10:27:11,100
【描述】【电子过站接口】设备编码：ICT001;条码：Y047361043E0045601B00;MES结果：【True】--

【记录时间】2024-04-11 10:27:59,936
【描述】【电子档案接口】设备编码：ICT001;条码：Y0000000000000;MES结果：【True】--

【记录时间】2024-04-11 10:28:00,229
【描述】【电子过站接口】设备编码：ICT001;条码：Y0000000000000;MES结果：【False】--条码[]不存在

【记录时间】2024-04-11 10:28:48,279
【描述】【电子档案接口】设备编码：ICT001;条码：Y0000000000000;MES结果：【True】--

【记录时间】2024-04-11 10:29:05,592
【描述】【电子过站接口】设备编码：ICT001;条码：Y0000000000000;MES结果：【False】--条码[]不存在

【记录时间】2024-04-11 10:31:22,943
【描述】【电子档案接口】设备编码：1;条码：Y0000000000000;MES结果：【True】--

【记录时间】2024-04-11 10:31:34,735
【描述】【电子过站接口】设备编码：1;条码：Y0000000000000;MES结果：【False】--条码[]不存在

【记录时间】2024-04-11 10:32:15,153
【描述】【电子档案接口】设备编码：1;条码：5109996600181202309201839400020;MES结果：【True】--

【记录时间】2024-04-11 10:32:15,677
【描述】【电子过站接口】设备编码：1;条码：5109996600181202309201839400020;MES结果：【False】--条码[]不存在

【记录时间】2024-04-11 10:32:32,592
【描述】【电子档案接口】设备编码：1;条码：Y047361043E0044681B00;MES结果：【True】--

【记录时间】2024-04-11 10:32:32,969
【描述】【电子过站接口】设备编码：1;条码：Y047361043E0044681B00;MES结果：【False】--设备[1]不存在

【记录时间】2024-04-11 10:34:13,926
【描述】【电子档案接口】设备编码：ICT001;条码：Y047361043E0044681B00;MES结果：【True】--

【记录时间】2024-04-11 10:34:14,271
【描述】【电子过站接口】设备编码：ICT001;条码：Y047361043E0044681B00;MES结果：【False】--[Y047361043E0044681B00]采集工序不正确，应该为[包装]

【记录时间】2024-04-11 10:44:27,631
【描述】【电子档案接口】设备编码：ICT001;条码：Y047361043E0044681B00;MES结果：【True】--

【记录时间】2024-04-11 10:44:28,379
【描述】【电子过站接口】设备编码：ICT001;条码：Y047361043E0044681B00;MES结果：【False】--[Y047361043E0044681B00]采集工序不正确，应该为[包装]

【记录时间】2024-04-11 10:45:58,190
【描述】【电子档案接口】设备编码：ICT001;条码：Y04736103C30000431B00;MES结果：【True】--

【记录时间】2024-04-11 10:45:59,146
【描述】【电子过站接口】设备编码：ICT001;条码：Y04736103C30000431B00;MES结果：【False】--条码[]不存在

【记录时间】2024-04-11 10:46:23,075
【描述】【电子档案接口】设备编码：ICT001;条码：Y44-9733331A9D40405003897;MES结果：【True】--

【记录时间】2024-04-11 10:46:23,683
【描述】【电子过站接口】设备编码：ICT001;条码：Y44-9733331A9D40405003897;MES结果：【False】--[生产条码:Y44-9733331A9D40405003897]产品在工单[WO202404030001-检验-001]的制程工艺已完工

【记录时间】2024-04-11 10:46:58,224
【描述】【电子档案接口】设备编码：ICT001;条码：Y44-9733331A9D40405003897;MES结果：【True】--

【记录时间】2024-04-11 10:47:01,158
【描述】【电子过站接口】设备编码：ICT001;条码：Y44-9733331A9D40405003897;MES结果：【False】--[生产条码:Y44-9733331A9D40405003897]产品在工单[WO202404030001-检验-001]的制程工艺已完工

【记录时间】2024-04-11 10:56:33,249
【描述】【电子档案接口】设备编码：ICT001;条码：Y44-9733331A9D40405003897;MES结果：【True】--

【记录时间】2024-04-11 10:56:34,661
【描述】【电子过站接口】设备编码：ICT001;条码：Y44-9733331A9D40405003897;MES结果：【False】--[生产条码:Y44-9733331A9D40405003897]产品在工单[WO202404030001-检验-001]的制程工艺已完工

【记录时间】2024-04-11 10:57:14,756
【描述】【电子档案接口】设备编码：ICT001;条码：Y44-9733331A9D40405003897;MES结果：【True】--

【记录时间】2024-04-11 10:57:21,401
【描述】【电子过站接口】设备编码：ICT001;条码：Y44-9733331A9D40405003897;MES结果：【False】--[生产条码:Y44-9733331A9D40405003897]产品在工单[WO202404030001-检验-001]的制程工艺已完工

【记录时间】2024-04-11 10:58:13,049
【描述】【电子档案接口】设备编码：ICT001;条码：Y44-9733331A9D40405003897;MES结果：【True】--

【记录时间】2024-04-11 10:58:13,930
【描述】【电子过站接口】设备编码：ICT001;条码：Y44-9733331A9D40405003897;MES结果：【False】--[生产条码:Y44-9733331A9D40405003897]产品在工单[WO202404030001-检验-001]的制程工艺已完工

【记录时间】2024-04-11 11:02:03,678
【描述】处理电子档案时出错：One or more errors occurred. (向一个无法连接的网络尝试了一个套接字操作。 (10.164.19.106:2030))

【记录时间】2024-04-11 11:02:04,348
【描述】处理电子过站时出错：One or more errors occurred. (向一个无法连接的网络尝试了一个套接字操作。 (10.164.19.106:2030))

【记录时间】2024-04-11 11:03:20,189
【描述】处理电子档案时出错：One or more errors occurred. (向一个无法连接的网络尝试了一个套接字操作。 (10.164.19.106:2030))

【记录时间】2024-04-11 11:03:20,876
【描述】处理电子过站时出错：One or more errors occurred. (向一个无法连接的网络尝试了一个套接字操作。 (10.164.19.106:2030))

【记录时间】2024-04-11 11:16:24,274
【描述】【电子档案接口】设备编码：ICT001;条码：Y04736104430905619A00;MES结果：【True】--

【记录时间】2024-04-11 11:16:24,498
【描述】【电子过站接口】设备编码：ICT001;条码：Y04736104430905619A00;MES结果：【False】--产品下工序为FCT测试

【记录时间】2024-04-11 11:17:09,900
【描述】【电子档案接口】设备编码：ICT001;条码：Y04736104430905619A00;MES结果：【True】--

【记录时间】2024-04-11 11:17:12,392
【描述】【电子过站接口】设备编码：ICT001;条码：Y04736104430905619A00;MES结果：【False】--产品下工序为FCT测试

【记录时间】2024-04-11 11:18:33,662
【描述】【电子档案接口】设备编码：ICT001;条码：Y04736104430905619A00;MES结果：【True】--

【记录时间】2024-04-11 11:18:34,593
【描述】【电子过站接口】设备编码：ICT001;条码：Y04736104430905619A00;MES结果：【False】--产品下工序为FCT测试
