
【记录时间】2024-02-22 08:51:54,177
【描述】【电子档案接口】设备编码：ICT001;条码：Y047361042H0013851B00;MES结果：【True】--

【记录时间】2024-02-22 08:51:54,251
【描述】【电子过站接口】设备编码：ICT001;条码：Y047361042H0013851B00;MES结果：【False】--条码[]不存在

【记录时间】2024-02-22 09:29:38,081
【描述】【电子档案接口】设备编码：ICT001;条码：Y047361042H0013851B00;MES结果：【True】--

【记录时间】2024-02-22 09:29:38,111
【描述】【电子过站接口】设备编码：ICT001;条码：Y047361042H0013851B00;MES结果：【False】--条码[]不存在

【记录时间】2024-02-22 09:35:51,965
【描述】【电子档案接口】设备编码：ICT001;条码：Y047361042H0013851B00;MES结果：【True】--

【记录时间】2024-02-22 09:35:51,997
【描述】【电子过站接口】设备编码：ICT001;条码：Y047361042H0013851B00;MES结果：【False】--条码[]不存在

【记录时间】2024-02-22 09:37:27,701
【描述】【电子档案接口】设备编码：ICT001;条码：Y047361042H0013851B00;MES结果：【True】--

【记录时间】2024-02-22 09:37:27,738
【描述】【电子过站接口】设备编码：ICT001;条码：Y047361042H0013851B00;MES结果：【False】--条码[]不存在

【记录时间】2024-02-22 09:42:32,483
【描述】【电子档案接口】设备编码：ICT001;条码：Y047361042H0013851B00;MES结果：【True】--

【记录时间】2024-02-22 09:42:32,517
【描述】【电子过站接口】设备编码：ICT001;条码：Y047361042H0013851B00;MES结果：【False】--条码[]不存在

【记录时间】2024-02-22 09:43:24,529
【描述】【电子档案接口】设备编码：ICT001;条码：Y047361042H0013851B00;MES结果：【True】--

【记录时间】2024-02-22 09:43:24,539
【描述】【电子过站接口】设备编码：ICT001;条码：Y047361042H0013851B00;MES结果：【False】--条码[]不存在

【记录时间】2024-02-22 09:44:39,277
【描述】【电子档案接口】设备编码：ICT001;条码：Y047361042H0013851B00;MES结果：【True】--

【记录时间】2024-02-22 09:44:39,308
【描述】【电子过站接口】设备编码：ICT001;条码：Y047361042H0013851B00;MES结果：【False】--条码[]不存在

【记录时间】2024-02-22 09:44:53,988
【描述】【电子档案接口】设备编码：ICT001;条码：Y047361042H0013851B00;MES结果：【True】--

【记录时间】2024-02-22 09:44:53,997
【描述】【电子过站接口】设备编码：ICT001;条码：Y047361042H0013851B00;MES结果：【False】--条码[]不存在

【记录时间】2024-02-22 09:45:38,157
【描述】【电子档案接口】设备编码：ICT001;条码：Y047361042H0013851B00;MES结果：【True】--

【记录时间】2024-02-22 09:45:38,190
【描述】【电子过站接口】设备编码：ICT001;条码：Y047361042H0013851B00;MES结果：【False】--条码[]不存在

【记录时间】2024-02-22 09:47:18,244
【描述】【电子档案接口】设备编码：ICT001;条码：Y047361042H0013851B00;MES结果：【True】--

【记录时间】2024-02-22 09:47:18,298
【描述】【电子过站接口】设备编码：ICT001;条码：Y047361042H0013851B00;MES结果：【False】--条码[]不存在

【记录时间】2024-02-22 09:48:48,234
【描述】【电子档案接口】设备编码：ICT001;条码：Y047361042H0013851B00;MES结果：【True】--

【记录时间】2024-02-22 09:48:48,271
【描述】【电子过站接口】设备编码：ICT001;条码：Y047361042H0013851B00;MES结果：【False】--条码[]不存在

【记录时间】2024-02-22 09:50:54,388
【描述】【电子档案接口】设备编码：ICT001;条码：Y047361042H0013851B00;MES结果：【True】--

【记录时间】2024-02-22 09:50:54,426
【描述】【电子过站接口】设备编码：ICT001;条码：Y047361042H0013851B00;MES结果：【False】--条码[]不存在

【记录时间】2024-02-22 09:53:21,084
【描述】【电子档案接口】设备编码：ICT001;条码：Y047361042H0013851B00;MES结果：【True】--

【记录时间】2024-02-22 09:53:21,112
【描述】【电子过站接口】设备编码：ICT001;条码：Y047361042H0013851B00;MES结果：【False】--条码[]不存在

【记录时间】2024-02-22 09:55:35,335
【描述】【电子档案接口】设备编码：ICT001;条码：Y047361042H0013851B00;MES结果：【True】--

【记录时间】2024-02-22 09:55:35,365
【描述】【电子过站接口】设备编码：ICT001;条码：Y047361042H0013851B00;MES结果：【False】--条码[]不存在

【记录时间】2024-02-22 09:56:41,424
【描述】【电子档案接口】设备编码：ICT001;条码：Y047361042H0013851B00;MES结果：【True】--

【记录时间】2024-02-22 09:56:41,452
【描述】【电子过站接口】设备编码：ICT001;条码：Y047361042H0013851B00;MES结果：【False】--条码[]不存在

【记录时间】2024-02-22 09:58:17,335
【描述】【电子档案接口】设备编码：ICT001;条码：Y047361042H0013851B00;MES结果：【True】--

【记录时间】2024-02-22 09:58:17,370
【描述】【电子过站接口】设备编码：ICT001;条码：Y047361042H0013851B00;MES结果：【False】--条码[]不存在

【记录时间】2024-02-22 10:00:50,584
【描述】【电子档案接口】设备编码：ICT001;条码：Y047361042H0013851B00;MES结果：【True】--

【记录时间】2024-02-22 10:00:50,616
【描述】【电子过站接口】设备编码：ICT001;条码：Y047361042H0013851B00;MES结果：【False】--条码[]不存在

【记录时间】2024-02-22 10:03:09,941
【描述】【电子档案接口】设备编码：ICT001;条码：Y047361042H0013851B00;MES结果：【True】--

【记录时间】2024-02-22 10:03:09,969
【描述】【电子过站接口】设备编码：ICT001;条码：Y047361042H0013851B00;MES结果：【False】--条码[]不存在

【记录时间】2024-02-22 10:04:44,945
【描述】【电子档案接口】设备编码：ICT001;条码：Y047361042H0013851B00;MES结果：【True】--

【记录时间】2024-02-22 10:04:44,975
【描述】【电子过站接口】设备编码：ICT001;条码：Y047361042H0013851B00;MES结果：【False】--条码[]不存在

【记录时间】2024-02-22 10:05:37,701
【描述】【电子档案接口】设备编码：ICT001;条码：Y047361042H0013851B00;MES结果：【True】--

【记录时间】2024-02-22 10:05:37,739
【描述】【电子过站接口】设备编码：ICT001;条码：Y047361042H0013851B00;MES结果：【False】--条码[]不存在

【记录时间】2024-02-22 10:25:57,884
【描述】【电子档案接口】设备编码：ICT001;条码：Y011111111111111111110;MES结果：【True】--

【记录时间】2024-02-22 10:25:57,915
【描述】【电子过站接口】设备编码：ICT001;条码：Y011111111111111111110;MES结果：【False】--条码[]不存在

【记录时间】2024-02-22 10:28:59,362
【描述】【电子档案接口】设备编码：ICT001;条码：F0000000000000;MES结果：【True】--

【记录时间】2024-02-22 10:28:59,384
【描述】【电子过站接口】设备编码：ICT001;条码：F0000000000000;MES结果：【False】--条码[]不存在
