
【记录时间】2024-06-19 13:39:47,857
【描述】【AOI数据接口】设备编码：20085;板码：44-9743518E003CJ00KCA9BAFF2CT0;MES结果：{"Success":false,"Message":"条码[]不存在","Result":null,"Context":{}}

【记录时间】2024-06-19 13:39:48,943
【描述】【AOI数据接口】设备编码：20085;板码：44-9743518E003CJ00KBA9BAFF2CT0;MES结果：{"Success":false,"Message":"条码[]不存在","Result":null,"Context":{}}

【记录时间】2024-06-19 13:39:49,430
【描述】【AOI数据接口】设备编码：20085;板码：44-9743518E003CJ00KAA9BAFF2CT0;MES结果：{"Success":false,"Message":"条码[]不存在","Result":null,"Context":{}}

【记录时间】2024-06-19 13:39:49,749
【描述】【AOI数据接口】设备编码：20085;板码：44-9743518E003CJ00K9A9BAFF2CT0;MES结果：{"Success":false,"Message":"条码[]不存在","Result":null,"Context":{}}

【记录时间】2024-06-19 13:39:50,022
【描述】【AOI数据接口】设备编码：20085;板码：44-9743518E003CJ00K4A9BAFF2CT0;MES结果：{"Success":false,"Message":"条码[]不存在","Result":null,"Context":{}}

【记录时间】2024-06-19 13:39:50,330
【描述】【AOI数据接口】设备编码：20085;板码：44-9743518E003CJ00K2A9BAFF2CT0;MES结果：{"Success":false,"Message":"条码[]不存在","Result":null,"Context":{}}

【记录时间】2024-06-19 13:39:50,606
【描述】【AOI数据接口】设备编码：20085;板码：44-9743518E003CJ00K1A9BAFF2CT0;MES结果：{"Success":false,"Message":"条码[]不存在","Result":null,"Context":{}}

【记录时间】2024-06-19 13:39:50,896
【描述】【AOI数据接口】设备编码：20085;板码：44-9743518E003CJ00KDA9BAFF2CT0;MES结果：{"Success":false,"Message":"条码[]不存在","Result":null,"Context":{}}

【记录时间】2024-06-19 13:39:51,157
【描述】【AOI数据接口】设备编码：20085;板码：44-9743518E003CJ00KEA9BAFF2CT0;MES结果：{"Success":false,"Message":"条码[]不存在","Result":null,"Context":{}}

【记录时间】2024-06-19 13:39:51,489
【描述】【AOI数据接口】设备编码：20085;板码：44-9743518E003CJ00KFA9BAFF2CT0;MES结果：{"Success":false,"Message":"条码[]不存在","Result":null,"Context":{}}

【记录时间】2024-06-19 13:39:51,787
【描述】【AOI数据接口】设备编码：20085;板码：44-9743518E003CJ00KGA9BAFF2CT0;MES结果：{"Success":false,"Message":"条码[]不存在","Result":null,"Context":{}}

【记录时间】2024-06-19 13:39:52,124
【描述】【AOI数据接口】设备编码：20085;板码：44-9743518E003CJ00K5A9BAFF2CT0;MES结果：{"Success":false,"Message":"条码[]不存在","Result":null,"Context":{}}

【记录时间】2024-06-19 13:39:52,408
【描述】【AOI数据接口】设备编码：20085;板码：44-9743518E003CJ00K6A9BAFF2CT0;MES结果：{"Success":false,"Message":"条码[]不存在","Result":null,"Context":{}}

【记录时间】2024-06-19 13:39:52,754
【描述】【AOI数据接口】设备编码：20085;板码：44-9743518E003CJ00K7A9BAFF2CT0;MES结果：{"Success":false,"Message":"条码[]不存在","Result":null,"Context":{}}

【记录时间】2024-06-19 14:10:29,070
【描述】【电子过站接口】设备编码：CS326;条码：50;MES结果：【False】--条码[]不存在

【记录时间】2024-06-19 14:12:38,311
【描述】【电子过站接口】设备编码：CS326;条码：50;MES结果：【False】--条码[]不存在

【记录时间】2024-06-19 14:13:34,392
【描述】【电子过站接口】设备编码：CS326;条码：666666666666;MES结果：【False】--条码[]不存在

【记录时间】2024-06-19 14:38:11,897
【描述】【MES过站接口】设备编码：CS326;条码：;MES结果：【False】--sn can not be null or empty! (Parameter 'sn')

【记录时间】2024-06-19 14:38:23,341
【描述】【MES过站接口】设备编码：CS326;条码：;MES结果：【False】--sn can not be null or empty! (Parameter 'sn')

【记录时间】2024-06-19 14:39:57,401
【描述】【MES过站接口】设备编码：CS326;条码：;MES结果：【False】--sn can not be null or empty! (Parameter 'sn')

【记录时间】2024-06-19 14:42:21,266
【描述】【MES过站接口】设备编码：CS326;条码：1;MES结果：【False】--条码[]不存在

【记录时间】2024-06-19 15:54:46,567
【描述】【MES过站接口】设备编码：CS326;条码：1221111111111111111111111111111111111111111111111111111111111111111111111111111;MES结果：【False】--条码[]不存在

【记录时间】2024-06-19 17:22:41,180
【描述】【MES过站接口】设备编码：CS326;条码：123;MES结果：【False】--条码[]不存在

【记录时间】2024-06-19 17:23:58,884
【描述】【MES过站接口】设备编码：CS326;条码：123;MES结果：【False】--条码[]不存在

【记录时间】2024-06-19 17:25:28,891
【描述】【MES过站接口】设备编码：CS326;条码：111;MES结果：【False】--产品下工序为FCT测试

【记录时间】2024-06-19 17:26:56,914
【描述】【MES过站接口】设备编码：CS326;条码：123;MES结果：【False】--条码[]不存在

【记录时间】2024-06-19 17:28:23,279
【描述】【MES过站接口】设备编码：CS326;条码：123;MES结果：【False】--条码[]不存在
