
【记录时间】2024-04-09 11:09:05,853
【描述】【电子档案接口】设备编码：ICT001;条码：Y00000000000000;MES结果：【True】--

【记录时间】2024-04-09 11:09:06,408
【描述】【电子过站接口】设备编码：ICT001;条码：Y00000000000000;MES结果：【False】--条码[]不存在

【记录时间】2024-04-09 11:18:51,970
【描述】【电子档案接口】设备编码：ICT001;条码：T00000000;MES结果：【True】--

【记录时间】2024-04-09 11:18:52,243
【描述】【电子过站接口】设备编码：ICT001;条码：T00000000;MES结果：【False】--条码[]不存在

【记录时间】2024-04-09 11:20:32,048
【描述】【电子档案接口】设备编码：ICT001;条码：Y44-9733331A9D40405003897;MES结果：【True】--

【记录时间】2024-04-09 11:20:32,358
【描述】【电子过站接口】设备编码：ICT001;条码：Y44-9733331A9D40405003897;MES结果：【False】--条码[]不存在

【记录时间】2024-04-09 11:41:13,056
【描述】【电子档案接口】设备编码：ICT001;条码：Y0000000;MES结果：【True】--

【记录时间】2024-04-09 11:41:13,087
【描述】【电子过站接口】设备编码：ICT001;条码：Y0000000;MES结果：【False】--条码[]不存在

【记录时间】2024-04-09 11:58:40,276
【描述】【电子档案接口】设备编码：ICT001;条码：Y0000000;MES结果：【True】--

【记录时间】2024-04-09 11:58:40,401
【描述】【电子过站接口】设备编码：ICT001;条码：Y0000000;MES结果：【False】--条码[]不存在

【记录时间】2024-04-09 14:27:33,439
【描述】【电子档案接口】设备编码：ICT001;条码：F0000000000000;MES结果：【True】--

【记录时间】2024-04-09 14:27:33,472
【描述】【电子过站接口】设备编码：ICT001;条码：F0000000000000;MES结果：【False】--条码[]不存在

【记录时间】2024-04-09 14:40:47,211
【描述】【电子档案接口】设备编码：ICT001;条码：Y047361043E0046541B00;MES结果：【True】--

【记录时间】2024-04-09 14:41:05,208
【描述】【电子过站接口】设备编码：ICT001;条码：Y047361043E0046541B00;MES结果：【True】--

【记录时间】2024-04-09 14:55:03,360
【描述】【电子档案接口】设备编码：ICT001;条码：Y04736103C30000431B00;MES结果：【True】--

【记录时间】2024-04-09 14:55:03,392
【描述】【电子过站接口】设备编码：ICT001;条码：Y04736103C30000431B00;MES结果：【False】--条码[]不存在

【记录时间】2024-04-09 15:18:44,815
【描述】【电子档案接口】设备编码：ICT001;条码：Y00000000000000;MES结果：【True】--

【记录时间】2024-04-09 15:18:44,890
【描述】【电子过站接口】设备编码：ICT001;条码：Y00000000000000;MES结果：【False】--条码[]不存在

【记录时间】2024-04-09 16:22:09,786
【描述】【电子档案接口】设备编码：ICT001;条码：Y04736104471465989A00;MES结果：【True】--

【记录时间】2024-04-09 16:22:10,063
【描述】【电子过站接口】设备编码：ICT001;条码：Y04736104471465989A00;MES结果：【False】--产品下工序为FCT测试

【记录时间】2024-04-09 16:23:00,076
【描述】【电子档案接口】设备编码：ICT001;条码：Y04736104471404629A00;MES结果：【True】--

【记录时间】2024-04-09 16:23:00,133
【描述】【电子过站接口】设备编码：ICT001;条码：Y04736104471404629A00;MES结果：【False】--产品下工序为FCT测试
