
【记录时间】2024-03-21 17:46:04,852
【描述】【电子档案接口】设备编码：ICT001;条码：Y047361043E0044681B00;MES结果：【True】--

【记录时间】2024-03-21 17:46:13,610
【描述】【电子过站接口】设备编码：ICT001;条码：Y047361043E0044681B00;MES结果：【False】--条码[]不存在

【记录时间】2024-03-21 17:49:49,468
【描述】【电子档案接口】设备编码：ICT001;条码：Y047361043E0046541B00;MES结果：【True】--

【记录时间】2024-03-21 17:49:49,497
【描述】【电子过站接口】设备编码：ICT001;条码：Y047361043E0046541B00;MES结果：【False】--条码[]不存在

【记录时间】2024-03-21 17:57:38,138
【描述】【电子档案接口】设备编码：ICT001;条码：Y047361043E0044681B00;MES结果：【True】--

【记录时间】2024-03-21 17:57:39,756
【描述】【电子过站接口】设备编码：ICT001;条码：Y047361043E0044681B00;MES结果：【False】--条码[]不存在

【记录时间】2024-03-21 17:59:18,137
【描述】【电子档案接口】设备编码：ICT001;条码：Y111111;MES结果：【True】--

【记录时间】2024-03-21 17:59:18,152
【描述】【电子过站接口】设备编码：ICT001;条码：Y111111;MES结果：【False】--条码[]不存在

【记录时间】2024-03-21 18:04:10,518
【描述】【电子档案接口】设备编码：ICT001;条码：YYYYYYYYY25;MES结果：【True】--

【记录时间】2024-03-21 18:04:11,752
【描述】【电子过站接口】设备编码：ICT001;条码：YYYYYYYYY25;MES结果：【False】--条码[]不存在
