
【记录时间】2024-03-20 09:48:49,868
【描述】【电子档案接口】设备编码：ICT001;条码：Y047361043E0045601B00;MES结果：【True】--

【记录时间】2024-03-20 09:48:50,152
【描述】【电子过站接口】设备编码：ICT001;条码：Y047361043E0045601B00;MES结果：【False】--条码[]不存在

【记录时间】2024-03-20 09:51:16,299
【描述】【电子档案接口】设备编码：ICT001;条码：Y047361043G0119911B00;MES结果：【True】--

【记录时间】2024-03-20 09:51:18,982
【描述】【电子过站接口】设备编码：ICT001;条码：Y047361043G0119911B00;MES结果：【False】--条码[]不存在

【记录时间】2024-03-20 09:58:33,716
【描述】【电子档案接口】设备编码：ICT001;条码：Y047361043E0055811B00;MES结果：【True】--

【记录时间】2024-03-20 09:58:33,771
【描述】【电子过站接口】设备编码：ICT001;条码：Y047361043E0055811B00;MES结果：【False】--条码[]不存在

【记录时间】2024-03-20 09:58:52,937
【描述】【电子档案接口】设备编码：ICT001;条码：Y047361043G0173711B00;MES结果：【True】--

【记录时间】2024-03-20 09:58:52,948
【描述】【电子过站接口】设备编码：ICT001;条码：Y047361043G0173711B00;MES结果：【False】--条码[]不存在

【记录时间】2024-03-20 10:01:22,221
【描述】【电子档案接口】设备编码：ICT001;条码：Y047361043D0041231B00;MES结果：【True】--

【记录时间】2024-03-20 10:01:22,252
【描述】【电子过站接口】设备编码：ICT001;条码：Y047361043D0041231B00;MES结果：【False】--条码[]不存在

【记录时间】2024-03-20 10:15:28,646
【描述】【电子档案接口】设备编码：ICT001;条码：Y047361043G0106851B00;MES结果：【True】--

【记录时间】2024-03-20 10:15:28,677
【描述】【电子过站接口】设备编码：ICT001;条码：Y047361043G0106851B00;MES结果：【False】--条码[]不存在

【记录时间】2024-03-20 10:21:27,509
【描述】【电子档案接口】设备编码：ICT001;条码：111;MES结果：【True】--

【记录时间】2024-03-20 10:21:27,542
【描述】【电子过站接口】设备编码：ICT001;条码：111;MES结果：【False】--条码[]不存在

【记录时间】2024-03-20 10:22:08,485
【描述】【电子档案接口】设备编码：ICT001;条码：5109996600181202309201839400020;MES结果：【True】--

【记录时间】2024-03-20 10:22:08,506
【描述】【电子过站接口】设备编码：ICT001;条码：5109996600181202309201839400020;MES结果：【False】--条码[]不存在

【记录时间】2024-03-20 10:23:12,021
【描述】【电子档案接口】设备编码：ICT001;条码：520;MES结果：【True】--

【记录时间】2024-03-20 10:23:12,059
【描述】【电子过站接口】设备编码：ICT001;条码：520;MES结果：【False】--条码[]不存在

【记录时间】2024-03-20 10:24:27,239
【描述】【电子档案接口】设备编码：ICT001;条码：TM202403120005;MES结果：【True】--

【记录时间】2024-03-20 10:24:27,259
【描述】【电子过站接口】设备编码：ICT001;条码：TM202403120005;MES结果：【False】--条码[]不存在

【记录时间】2024-03-20 10:33:08,650
【描述】【电子档案接口】设备编码：ICT001;条码：5109996600181202309201839400020;MES结果：【True】--

【记录时间】2024-03-20 10:33:08,681
【描述】【电子过站接口】设备编码：ICT001;条码：5109996600181202309201839400020;MES结果：【False】--条码[]不存在
