
【记录时间】2024-02-04 08:43:42,659
【描述】【电子档案接口】设备编码：ICT001;条码：Y04736103C40013351B00;MES结果：【True】--

【记录时间】2024-02-04 08:43:46,014
【描述】【电子过站接口】设备编码：ICT001;条码：Y04736103C40013351B00;MES结果：【True】--

【记录时间】2024-02-04 08:50:05,527
【描述】【电子档案接口】设备编码：ICT001;条码：Y04736103C40013351B00;MES结果：【True】--

【记录时间】2024-02-04 08:50:05,702
【描述】【电子过站接口】设备编码：ICT001;条码：Y04736103C40013351B00;MES结果：【True】--

【记录时间】2024-02-04 08:52:16,427
【描述】【电子档案接口】设备编码：FCT001;条码：Y04736103C40013351B00;MES结果：【True】--

【记录时间】2024-02-04 08:52:16,476
【描述】【电子过站接口】设备编码：FCT001;条码：Y04736103C40013351B00;MES结果：【False】--产品下工序为成品测试

【记录时间】2024-02-04 09:09:21,328
【描述】【电子档案接口】设备编码：ICT001;条码：Y04736103C40013351B00;MES结果：【True】--

【记录时间】2024-02-04 09:09:21,472
【描述】【电子过站接口】设备编码：ICT001;条码：Y04736103C40013351B00;MES结果：【True】--

【记录时间】2024-02-04 09:10:10,891
【描述】【电子档案接口】设备编码：FCT001;条码：Y04736103C40013351B00;MES结果：【True】--

【记录时间】2024-02-04 09:10:10,988
【描述】【电子过站接口】设备编码：FCT001;条码：Y04736103C40013351B00;MES结果：【True】--

【记录时间】2024-02-04 10:06:10,986
【描述】【电子档案接口】设备编码：ICT001;条码：Y04736103C40013361B00;MES结果：【True】--

【记录时间】2024-02-04 10:06:11,220
【描述】【电子过站接口】设备编码：ICT001;条码：Y04736103C40013361B00;MES结果：【True】--

【记录时间】2024-02-04 15:30:35,536
【描述】【电子档案接口】设备编码：ICT001;条码：44-9744104E0042487TDA9BA0C3B60;MES结果：【True】--

【记录时间】2024-02-04 15:30:35,643
【描述】【电子过站接口】设备编码：ICT001;条码：44-9744104E0042487TDA9BA0C3B60;MES结果：【False】--条码[]不存在

【记录时间】2024-02-04 16:25:17,273
【描述】【电子档案接口】设备编码：ICT001;条码：44-9744104E0042487TDA9BA0C3B60;MES结果：【True】--

【记录时间】2024-02-04 16:25:17,407
【描述】【电子过站接口】设备编码：ICT001;条码：44-9744104E0042487TDA9BA0C3B60;MES结果：【False】--未找到缺陷不良代码[短路]

【记录时间】2024-02-04 16:27:24,694
【描述】【电子档案接口】设备编码：ICT001;条码：44-9744104E0042487TDA9BA0C3B60;MES结果：【True】--

【记录时间】2024-02-04 16:27:24,988
【描述】【电子过站接口】设备编码：ICT001;条码：44-9744104E0042487TDA9BA0C3B60;MES结果：【True】--

【记录时间】2024-02-04 16:39:16,075
【描述】【电子档案接口】设备编码：ICT001;条码：44-9744104E0042487TDA9BA0C3B60;MES结果：【True】--

【记录时间】2024-02-04 16:39:16,192
【描述】【电子过站接口】设备编码：ICT001;条码：44-9744104E0042487TDA9BA0C3B60;MES结果：【False】--条码[]不存在

【记录时间】2024-02-04 16:39:35,984
【描述】【电子档案接口】设备编码：ICT001;条码：44-9744104E0042487TDA9BA0C3B60;MES结果：【True】--

【记录时间】2024-02-04 16:39:36,008
【描述】【电子过站接口】设备编码：ICT001;条码：44-9744104E0042487TDA9BA0C3B60;MES结果：【False】--条码[]不存在
