
【记录时间】2024-05-17 11:11:19,727
【描述】【AOI数据接口】设备编码：20085;板码：44-9743518E003CJ00KCA9BAFF2CT0;MES结果：{"Success":false,"Message":"条码[]不存在","Result":null,"Context":{}}

【记录时间】2024-05-17 11:11:20,919
【描述】【AOI数据接口】设备编码：20085;板码：44-9743518E003CJ00KBA9BAFF2CT0;MES结果：{"Success":false,"Message":"条码[]不存在","Result":null,"Context":{}}

【记录时间】2024-05-17 11:11:21,250
【描述】【AOI数据接口】设备编码：20085;板码：44-9743518E003CJ00KAA9BAFF2CT0;MES结果：{"Success":false,"Message":"条码[]不存在","Result":null,"Context":{}}

【记录时间】2024-05-17 11:11:21,625
【描述】【AOI数据接口】设备编码：20085;板码：44-9743518E003CJ00K9A9BAFF2CT0;MES结果：{"Success":false,"Message":"条码[]不存在","Result":null,"Context":{}}

【记录时间】2024-05-17 11:11:21,984
【描述】【AOI数据接口】设备编码：20085;板码：44-9743518E003CJ00K4A9BAFF2CT0;MES结果：{"Success":false,"Message":"条码[]不存在","Result":null,"Context":{}}

【记录时间】2024-05-17 11:11:22,336
【描述】【AOI数据接口】设备编码：20085;板码：44-9743518E003CJ00K3A9BAFF2CT0;MES结果：{"Success":false,"Message":"条码[]不存在","Result":null,"Context":{}}

【记录时间】2024-05-17 11:11:22,829
【描述】【AOI数据接口】设备编码：20085;板码：44-9743518E003CJ00K2A9BAFF2CT0;MES结果：{"Success":false,"Message":"条码[]不存在","Result":null,"Context":{}}

【记录时间】2024-05-17 11:11:23,179
【描述】【AOI数据接口】设备编码：20085;板码：44-9743518E003CJ00K1A9BAFF2CT0;MES结果：{"Success":false,"Message":"条码[]不存在","Result":null,"Context":{}}

【记录时间】2024-05-17 11:11:23,625
【描述】【AOI数据接口】设备编码：20085;板码：44-9743518E003CJ00KDA9BAFF2CT0;MES结果：{"Success":false,"Message":"条码[]不存在","Result":null,"Context":{}}

【记录时间】2024-05-17 11:11:24,043
【描述】【AOI数据接口】设备编码：20085;板码：44-9743518E003CJ00KEA9BAFF2CT0;MES结果：{"Success":false,"Message":"条码[]不存在","Result":null,"Context":{}}

【记录时间】2024-05-17 11:11:24,419
【描述】【AOI数据接口】设备编码：20085;板码：44-9743518E003CJ00KFA9BAFF2CT0;MES结果：{"Success":false,"Message":"条码[]不存在","Result":null,"Context":{}}

【记录时间】2024-05-17 11:11:24,828
【描述】【AOI数据接口】设备编码：20085;板码：44-9743518E003CJ00KGA9BAFF2CT0;MES结果：{"Success":false,"Message":"条码[]不存在","Result":null,"Context":{}}

【记录时间】2024-05-17 11:11:25,216
【描述】【AOI数据接口】设备编码：20085;板码：44-9743518E003CJ00K5A9BAFF2CT0;MES结果：{"Success":false,"Message":"条码[]不存在","Result":null,"Context":{}}

【记录时间】2024-05-17 11:11:25,591
【描述】【AOI数据接口】设备编码：20085;板码：44-9743518E003CJ00K6A9BAFF2CT0;MES结果：{"Success":false,"Message":"条码[]不存在","Result":null,"Context":{}}

【记录时间】2024-05-17 11:11:26,056
【描述】【AOI数据接口】设备编码：20085;板码：44-9743518E003CJ00K7A9BAFF2CT0;MES结果：{"Success":false,"Message":"条码[]不存在","Result":null,"Context":{}}

【记录时间】2024-05-17 11:11:26,448
【描述】【AOI数据接口】设备编码：20085;板码：44-9743518E003CJ00K8A9BAFF2CT0;MES结果：{"Success":false,"Message":"条码[]不存在","Result":null,"Context":{}}

【记录时间】2024-05-17 11:11:33,413
【描述】【AOI数据接口】设备编码：20085;板码：44-9743518E003CJ00KCA9BAFF2CT0;MES结果：{"Success":false,"Message":"条码[]不存在","Result":null,"Context":{}}

【记录时间】2024-05-17 11:11:34,453
【描述】【AOI数据接口】设备编码：20085;板码：44-9743518E003CJ00KBA9BAFF2CT0;MES结果：{"Success":false,"Message":"条码[]不存在","Result":null,"Context":{}}

【记录时间】2024-05-17 11:11:34,876
【描述】【AOI数据接口】设备编码：20085;板码：44-9743518E003CJ00KAA9BAFF2CT0;MES结果：{"Success":false,"Message":"条码[]不存在","Result":null,"Context":{}}

【记录时间】2024-05-17 11:11:35,202
【描述】【AOI数据接口】设备编码：20085;板码：44-9743518E003CJ00K9A9BAFF2CT0;MES结果：{"Success":false,"Message":"条码[]不存在","Result":null,"Context":{}}

【记录时间】2024-05-17 11:11:35,522
【描述】【AOI数据接口】设备编码：20085;板码：44-9743518E003CJ00K4A9BAFF2CT0;MES结果：{"Success":false,"Message":"条码[]不存在","Result":null,"Context":{}}

【记录时间】2024-05-17 11:11:35,855
【描述】【AOI数据接口】设备编码：20085;板码：44-9743518E003CJ00K3A9BAFF2CT0;MES结果：{"Success":false,"Message":"条码[]不存在","Result":null,"Context":{}}

【记录时间】2024-05-17 11:11:36,252
【描述】【AOI数据接口】设备编码：20085;板码：44-9743518E003CJ00K2A9BAFF2CT0;MES结果：{"Success":false,"Message":"条码[]不存在","Result":null,"Context":{}}

【记录时间】2024-05-17 11:11:36,596
【描述】【AOI数据接口】设备编码：20085;板码：44-9743518E003CJ00K1A9BAFF2CT0;MES结果：{"Success":false,"Message":"条码[]不存在","Result":null,"Context":{}}

【记录时间】2024-05-17 11:11:36,951
【描述】【AOI数据接口】设备编码：20085;板码：44-9743518E003CJ00KDA9BAFF2CT0;MES结果：{"Success":false,"Message":"条码[]不存在","Result":null,"Context":{}}

【记录时间】2024-05-17 11:11:37,282
【描述】【AOI数据接口】设备编码：20085;板码：44-9743518E003CJ00KEA9BAFF2CT0;MES结果：{"Success":false,"Message":"条码[]不存在","Result":null,"Context":{}}

【记录时间】2024-05-17 11:11:37,735
【描述】【AOI数据接口】设备编码：20085;板码：44-9743518E003CJ00KFA9BAFF2CT0;MES结果：{"Success":false,"Message":"条码[]不存在","Result":null,"Context":{}}

【记录时间】2024-05-17 11:11:38,128
【描述】【AOI数据接口】设备编码：20085;板码：44-9743518E003CJ00KGA9BAFF2CT0;MES结果：{"Success":false,"Message":"条码[]不存在","Result":null,"Context":{}}

【记录时间】2024-05-17 11:11:38,563
【描述】【AOI数据接口】设备编码：20085;板码：44-9743518E003CJ00K5A9BAFF2CT0;MES结果：{"Success":false,"Message":"条码[]不存在","Result":null,"Context":{}}

【记录时间】2024-05-17 11:11:38,958
【描述】【AOI数据接口】设备编码：20085;板码：44-9743518E003CJ00K6A9BAFF2CT0;MES结果：{"Success":false,"Message":"条码[]不存在","Result":null,"Context":{}}

【记录时间】2024-05-17 11:11:39,321
【描述】【AOI数据接口】设备编码：20085;板码：44-9743518E003CJ00K7A9BAFF2CT0;MES结果：{"Success":false,"Message":"条码[]不存在","Result":null,"Context":{}}

【记录时间】2024-05-17 11:11:39,668
【描述】【AOI数据接口】设备编码：20085;板码：44-9743518E003CJ00K8A9BAFF2CT0;MES结果：{"Success":false,"Message":"条码[]不存在","Result":null,"Context":{}}
